      Step     Time          Energy         fmax
BFGS:    0 10:21:15     -352.314772       12.8397
BFGS:    1 10:28:24     -353.333881        9.8754
BFGS:    2 10:34:45     -354.080676        8.0061
BFGS:    3 10:40:32     -354.785750        6.3804
BFGS:    4 10:45:46     -355.381253        5.0780
BFGS:    5 10:50:49     -355.864940        4.0734
BFGS:    6 10:55:34     -356.273733        3.2968
BFGS:    7 11:00:11     -356.621417        2.7981
BFGS:    8 11:05:01     -356.924684        2.3899
BFGS:    9 11:09:48     -357.186674        2.0188
BFGS:   10 11:14:47     -357.416555        1.8105
BFGS:   11 11:20:02     -357.619703        1.5505
BFGS:   12 11:24:56     -357.798549        1.3551
BFGS:   13 11:30:24     -357.956455        1.1972
BFGS:   14 11:35:44     -358.093528        1.0040
BFGS:   15 11:40:54     -358.213613        0.8459
BFGS:   16 11:46:01     -358.315420        0.6759
BFGS:   17 11:50:54     -358.402405        0.5567
BFGS:   18 11:55:59     -358.470083        0.5227
BFGS:   19 12:00:37     -358.525990        0.5537
BFGS:   20 12:05:22     -358.573299        0.5451
BFGS:   21 12:10:00     -358.613528        0.7028
BFGS:   22 12:14:45     -358.651274        0.8334
BFGS:   23 12:19:19     -358.693600        0.9018
BFGS:   24 12:23:57     -358.738254        0.9121
BFGS:   25 12:28:36     -358.783651        0.8598
BFGS:   26 12:33:16     -358.828051        0.7478
BFGS:   27 12:38:00     -358.868237        0.5834
BFGS:   28 12:42:48     -358.898262        0.4263
BFGS:   29 12:47:34     -358.923482        0.3851
BFGS:   30 12:52:35     -358.942013        0.3264
BFGS:   31 12:57:09     -358.956907        0.2523
BFGS:   32 13:01:45     -358.973949        0.2980
BFGS:   33 13:05:54     -358.986844        0.3932
BFGS:   34 13:10:08     -359.002939        0.5448
BFGS:   35 13:14:56     -359.027128        0.6182
BFGS:   36 13:19:28     -359.049322        0.7106
BFGS:   37 13:24:09     -359.071456        0.7352
BFGS:   38 13:28:38     -359.094371        0.7478
BFGS:   39 13:33:18     -359.116012        0.7571
BFGS:   40 13:37:47     -359.136359        0.7491
BFGS:   41 13:42:02     -359.157923        0.7344
BFGS:   42 13:46:19     -359.177237        0.7845
BFGS:   43 13:50:44     -359.198438        0.7050
BFGS:   44 13:55:01     -359.219362        0.6973
BFGS:   45 13:59:02     -359.239246        0.7521
BFGS:   46 14:03:12     -359.261877        0.6896
BFGS:   47 14:07:41     -359.284507        0.6174
BFGS:   48 14:11:39     -359.306519        0.6007
BFGS:   49 14:16:02     -359.329217        0.5745
BFGS:   50 14:20:24     -359.352257        0.6271
BFGS:   51 14:24:47     -359.375999        0.6922
BFGS:   52 14:28:48     -359.396560        0.7675
BFGS:   53 14:33:07     -359.420874        0.7933
BFGS:   54 14:37:16     -359.444475        0.8145
BFGS:   55 14:41:40     -359.472204        0.8059
BFGS:   56 14:45:39     -359.502075        0.8540
BFGS:   57 14:50:06     -359.532705        0.9173
BFGS:   58 14:54:21     -359.562932        0.9811
BFGS:   59 14:58:46     -359.594236        0.8621
BFGS:   60 15:02:54     -359.628857        0.9260
BFGS:   61 15:07:02     -359.662301        0.8905
BFGS:   62 15:11:07     -359.693699        0.8684
BFGS:   63 15:15:16     -359.726024        0.8616
BFGS:   64 15:19:23     -359.759820        0.8671
BFGS:   65 15:23:56     -359.797729        0.8099
BFGS:   66 15:28:11     -359.837629        0.7859
BFGS:   67 15:32:34     -359.881050        0.7079
BFGS:   68 15:36:49     -359.928459        0.6779
BFGS:   69 15:41:08     -359.971289        0.6730
BFGS:   70 15:45:31     -360.018821        0.6179
BFGS:   71 15:50:02     -360.065749        0.6794
BFGS:   72 15:54:36     -360.109249        0.7271
BFGS:   73 15:58:51     -360.153174        0.7614
BFGS:   74 16:02:58     -360.191355        0.8125
BFGS:   75 16:07:22     -360.233195        0.8417
BFGS:   76 16:11:55     -360.275560        0.8621
BFGS:   77 16:16:12     -360.312402        0.9144
BFGS:   78 16:20:26     -360.345829        0.8696
BFGS:   79 16:24:53     -360.379696        0.8781
BFGS:   80 16:29:04     -360.413779        0.8778
BFGS:   81 16:33:11     -360.446641        0.8483
BFGS:   82 16:37:19     -360.482554        0.8426
BFGS:   83 16:41:27     -360.516354        0.8435
BFGS:   84 16:45:38     -360.554321        0.8528
BFGS:   85 16:49:47     -360.587906        0.8306
BFGS:   86 16:53:49     -360.623477        0.7817
BFGS:   87 16:57:56     -360.651640        0.7843
BFGS:   88 17:02:13     -360.683479        0.7041
BFGS:   89 17:06:46     -360.713273        0.6000
BFGS:   90 17:11:09     -360.739593        0.4113
BFGS:   91 17:15:25     -360.765828        0.3589
BFGS:   92 17:19:21     -360.790507        0.3688
BFGS:   93 17:23:48     -360.816799        0.5025
BFGS:   94 17:27:39     -360.838752        0.4819
BFGS:   95 17:31:37     -360.856194        0.4200
BFGS:   96 17:35:30     -360.867816        0.2686
BFGS:   97 17:38:47     -360.880522        0.2795
BFGS:   98 17:43:11     -360.897069        0.5032
BFGS:   99 17:47:27     -360.909676        0.5203
BFGS:  100 17:51:44     -360.921706        0.3811
BFGS:  101 17:55:52     -360.941445        0.2843
BFGS:  102 18:00:06     -360.954314        0.4207
BFGS:  103 18:03:39     -360.966791        0.5345
BFGS:  104 18:07:54     -360.978206        0.3452
BFGS:  105 18:11:09     -360.984033        0.2402
BFGS:  106 18:15:08     -360.992393        0.3935
BFGS:  107 18:18:24     -360.998385        0.3177
BFGS:  108 18:22:35     -361.008653        0.2682
BFGS:  109 18:25:50     -361.012769        0.1634
BFGS:  110 18:29:56     -361.020183        0.2734
BFGS:  111 18:33:27     -361.025412        0.3706
BFGS:  112 18:37:21     -361.035192        0.3679
BFGS:  113 18:40:53     -361.042321        0.1609
BFGS:  114 18:44:24     -361.047005        0.1568
BFGS:  115 18:47:35     -361.050124        0.1833
BFGS:  116 18:51:51     -361.056093        0.2906
BFGS:  117 18:55:17     -361.060302        0.1630
BFGS:  118 18:58:27     -361.063895        0.1246
BFGS:  119 19:02:00     -361.068799        0.1796
BFGS:  120 19:05:38     -361.073366        0.2412
BFGS:  121 19:09:47     -361.079845        0.2636
BFGS:  122 19:13:56     -361.083241        0.2168
BFGS:  123 19:17:20     -361.086894        0.1799
BFGS:  124 19:20:57     -361.091868        0.1982
BFGS:  125 19:24:05     -361.095594        0.1924
BFGS:  126 19:28:09     -361.101083        0.1916
BFGS:  127 19:31:26     -361.105881        0.1547
BFGS:  128 19:35:26     -361.113942        0.2805
BFGS:  129 19:38:45     -361.117312        0.1599
BFGS:  130 19:43:02     -361.122074        0.1141
BFGS:  131 19:47:35     -361.125646        0.1342
BFGS:  132 19:51:30     -361.125664        0.2221
BFGS:  133 19:54:35     -361.128500        0.1760
BFGS:  134 19:58:52     -361.133063        0.1158
BFGS:  135 20:02:47     -361.135525        0.1277
BFGS:  136 20:06:18     -361.140111        0.1146
BFGS:  137 20:10:31     -361.148381        0.1973
BFGS:  138 20:15:41     -361.153464        0.1578
BFGS:  139 20:18:45     -361.156418        0.1142
BFGS:  140 20:23:02     -361.162279        0.1100
BFGS:  141 20:26:56     -361.163847        0.1889
BFGS:  142 20:29:50     -361.166029        0.1471
BFGS:  143 20:34:00     -361.168969        0.1552
BFGS:  144 20:36:45     -361.171512        0.1374
BFGS:  145 20:40:39     -361.177597        0.1004
BFGS:  146 20:44:48     -361.180723        0.1229
BFGS:  147 20:48:42     -361.184569        0.1414
BFGS:  148 20:53:37     -361.190446        0.1569
BFGS:  149 20:57:40     -361.194707        0.1115
BFGS:  150 21:02:11     -361.196089        0.1485
BFGS:  151 21:05:26     -361.198105        0.1056
BFGS:  152 21:09:11     -361.199615        0.1370
BFGS:  153 21:12:27     -361.202148        0.0857
BFGS:  154 21:16:23     -361.203888        0.0859
BFGS:  155 21:19:55     -361.206175        0.0721
BFGS:  156 21:24:40     -361.208654        0.1448
BFGS:  157 21:28:45     -361.210527        0.1182
BFGS:  158 21:31:47     -361.212528        0.0789
BFGS:  159 21:35:49     -361.214733        0.0775
BFGS:  160 21:39:14     -361.216928        0.0899
BFGS:  161 21:44:12     -361.218511        0.1696
BFGS:  162 21:46:50     -361.220305        0.1128
BFGS:  163 21:51:55     -361.225137        0.1256
BFGS:  164 21:55:07     -361.226118        0.0691
BFGS:  165 21:57:47     -361.227119        0.0518
BFGS:  166 22:02:11     -361.229016        0.0961
BFGS:  167 22:05:54     -361.230004        0.0959
BFGS:  168 22:10:41     -361.230684        0.0946
BFGS:  169 22:14:45     -361.231739        0.0507
BFGS:  170 22:18:10     -361.232371        0.0693
BFGS:  171 22:21:19     -361.233452        0.0687
BFGS:  172 22:24:22     -361.234184        0.0648
BFGS:  173 22:27:32     -361.234889        0.0554
BFGS:  174 22:30:32     -361.235492        0.0510
BFGS:  175 22:34:14     -361.236313        0.0728
BFGS:  176 22:38:54     -361.236926        0.1151
BFGS:  177 22:42:50     -361.237482        0.0748
BFGS:  178 22:45:13     -361.238013        0.0387
