      Step     Time          Energy         fmax
BFGS:    0 22:45:04     -306.451443        3.5538
BFGS:    1 01:51:27     -306.713892        2.8190
BFGS:    2 04:54:56     -306.897120        2.1723
BFGS:    3 07:33:48     -307.027627        1.2590
BFGS:    4 09:20:34     -307.112187        1.1264
BFGS:    5 11:11:17     -307.181413        1.0982
BFGS:    6 12:47:14     -307.246456        1.0729
BFGS:    7 14:29:07     -307.307245        1.0431
BFGS:    8 16:02:15     -307.361929        0.9948
BFGS:    9 17:51:56     -307.411018        0.9554
BFGS:   10 19:56:36     -307.456527        0.9102
BFGS:   11 21:46:08     -307.499332        0.8261
BFGS:   12 23:48:15     -307.535891        0.8046
BFGS:   13 01:46:55     -307.570820        0.7922
BFGS:   14 03:33:26     -307.603787        0.7150
BFGS:   15 05:05:08     -307.633960        0.6422
BFGS:   16 06:39:27     -307.663161        0.6571
BFGS:   17 08:15:06     -307.690031        0.6435
BFGS:   18 10:00:25     -307.715111        0.6162
BFGS:   19 11:40:28     -307.739590        0.5780
BFGS:   20 13:24:27     -307.762057        0.5089
BFGS:   21 14:53:35     -307.782366        0.5052
BFGS:   22 16:32:35     -307.804077        0.5146
BFGS:   23 18:01:08     -307.824306        0.5197
BFGS:   24 19:39:59     -307.844434        0.5189
BFGS:   25 21:11:11     -307.865401        0.5125
BFGS:   26 22:42:22     -307.885042        0.4979
BFGS:   27 00:13:06     -307.902432        0.4949
BFGS:   28 00:49:58     -307.920550        0.4912
BFGS:   29 01:22:39     -307.936650        0.4774
BFGS:   30 01:51:45     -307.955077        0.4724
BFGS:   31 02:22:37     -307.970231        0.4665
BFGS:   32 02:54:30     -307.986856        0.4377
BFGS:   33 03:22:40     -308.007907        0.3986
BFGS:   34 03:54:30     -308.031330        0.3088
BFGS:   35 04:20:01     -308.048320        0.3490
BFGS:   36 04:55:22     -308.066716        0.3600
BFGS:   37 05:28:08     -308.082035        0.4635
BFGS:   38 05:59:03     -308.095010        0.5262
BFGS:   39 06:31:46     -308.112699        0.5563
BFGS:   40 07:09:10     -308.134702        0.4932
BFGS:   41 07:46:20     -308.157484        0.4071
BFGS:   42 08:26:37     -308.179210        0.4583
BFGS:   43 09:59:15     -308.196169        0.5297
BFGS:   44 11:29:21     -308.210210        0.5817
BFGS:   45 12:57:58     -308.225873        0.5848
BFGS:   46 14:21:45     -308.242076        0.5733
BFGS:   47 15:56:20     -308.256313        0.5331
BFGS:   48 17:26:27     -308.272605        0.4550
BFGS:   49 18:50:12     -308.286845        0.3783
BFGS:   50 20:13:49     -308.298891        0.2894
BFGS:   51 21:43:14     -308.309104        0.2309
BFGS:   52 23:04:00     -308.317522        0.2234
BFGS:   53 00:27:49     -308.327044        0.2552
BFGS:   54 01:53:39     -308.333466        0.2518
BFGS:   55 03:37:13     -308.343026        0.2773
BFGS:   56 05:04:42     -308.349967        0.3297
BFGS:   57 06:27:54     -308.358029        0.3849
BFGS:   58 07:47:52     -308.364370        0.4086
BFGS:   59 09:08:57     -308.370919        0.4294
BFGS:   60 10:31:50     -308.376828        0.4500
BFGS:   61 11:53:49     -308.385480        0.3845
BFGS:   62 13:17:03     -308.392491        0.3653
BFGS:   63 14:43:42     -308.401078        0.3530
BFGS:   64 16:06:29     -308.406976        0.4016
BFGS:   65 17:41:09     -308.417056        0.3972
BFGS:   66 19:14:42     -308.423634        0.3562
BFGS:   67 21:00:35     -308.433223        0.3123
BFGS:   68 22:35:14     -308.439425        0.3095
BFGS:   69 23:53:59     -308.443653        0.2838
BFGS:   70 00:29:09     -308.451217        0.3003
BFGS:   71 00:58:15     -308.455986        0.3193
BFGS:   72 01:34:29     -308.468777        0.4230
BFGS:   73 02:09:08     -308.476946        0.4852
BFGS:   74 02:40:05     -308.488909        0.3503
BFGS:   75 03:15:32     -308.497072        0.4472
BFGS:   76 03:47:19     -308.511416        0.3081
BFGS:   77 04:21:54     -308.522086        0.3099
BFGS:   78 04:56:26     -308.538662        0.4263
BFGS:   79 05:32:52     -308.558754        0.5722
BFGS:   80 06:09:03     -308.574432        0.6120
BFGS:   81 07:57:03     -308.599944        0.7588
BFGS:   82 09:35:25     -308.620877        0.9057
BFGS:   83 11:14:48     -308.644375        0.9287
BFGS:   84 12:51:26     -308.662400        0.9509
BFGS:   85 14:22:34     -308.677688        0.9738
BFGS:   86 15:48:09     -308.695764        0.8972
BFGS:   87 17:13:06     -308.716394        0.7312
BFGS:   88 19:03:01     -308.749052        0.6545
BFGS:   89 20:34:54     -308.773561        0.5762
BFGS:   90 22:00:56     -308.795637        0.4828
BFGS:   91 23:23:44     -308.806272        0.3079
BFGS:   92 00:47:30     -308.813099        0.2515
BFGS:   93 02:20:07     -308.819422        0.4084
BFGS:   94 03:39:31     -308.826634        0.3142
BFGS:   95 05:15:33     -308.835953        0.2633
BFGS:   96 06:33:58     -308.840838        0.2840
BFGS:   97 08:08:50     -308.850331        0.3062
BFGS:   98 09:50:26     -308.861283        0.4753
BFGS:   99 11:37:47     -308.877162        0.5579
BFGS:  100 13:26:15     -308.892676        0.5979
BFGS:  101 15:08:45     -308.906088        0.6641
BFGS:  102 16:54:03     -308.918386        0.7021
BFGS:  103 18:32:00     -308.934719        0.7615
BFGS:  104 20:18:50     -308.951929        0.7315
BFGS:  105 22:01:13     -308.970116        0.7903
BFGS:  106 23:37:18     -308.983471        0.7887
BFGS:  107 01:16:40     -308.998995        0.7431
BFGS:  108 02:50:33     -309.017598        0.7381
BFGS:  109 04:20:28     -309.034405        0.6783
BFGS:  110 05:47:23     -309.057089        0.6151
BFGS:  111 07:20:45     -309.077299        0.6196
BFGS:  112 08:51:15     -309.094070        0.6019
BFGS:  113 10:20:07     -309.116787        0.6238
BFGS:  114 11:49:20     -309.138454        0.6750
BFGS:  115 13:18:53     -309.167459        0.7377
BFGS:  116 14:47:28     -309.196029        0.7784
      Step     Time          Energy         fmax
BFGS:    0 12:24:12     -309.223311        0.7999
BFGS:    1 13:56:37     -309.247575        0.8293
BFGS:    2 15:26:11     -309.276854        0.8169
BFGS:    3 16:53:30     -309.302399        0.8141
BFGS:    4 18:30:50     -309.341040        0.7826
BFGS:    5 20:00:49     -309.367479        0.7614
BFGS:    6 21:36:52     -309.403516        0.7174
BFGS:    7 23:09:28     -309.438076        0.6918
BFGS:    8 00:41:19     -309.481336        0.7514
BFGS:    9 02:11:10     -309.517803        0.7125
BFGS:   10 03:44:32     -309.561430        0.6463
BFGS:   11 05:13:15     -309.601885        0.7072
BFGS:   12 06:39:05     -309.643541        0.7895
BFGS:   13 07:59:05     -309.677882        0.8035
BFGS:   14 09:19:14     -309.712728        0.7478
BFGS:   15 10:48:32     -309.747328        0.5913
BFGS:   16 12:33:46     -309.780645        0.4095
BFGS:   17 14:02:45     -309.797404        0.4274
BFGS:   18 15:34:05     -309.816392        0.4049
BFGS:   19 16:55:23     -309.827692        0.4516
BFGS:   20 18:10:31     -309.837041        0.4228
BFGS:   21 19:37:49     -309.847221        0.4828
BFGS:   22 21:03:39     -309.854866        0.3657
BFGS:   23 22:26:23     -309.863819        0.2592
BFGS:   24 23:48:20     -309.871262        0.2340
BFGS:   25 01:01:54     -309.876748        0.2487
BFGS:   26 02:20:25     -309.882133        0.2474
BFGS:   27 03:55:15     -309.887643        0.2267
BFGS:   28 05:15:52     -309.891924        0.2521
BFGS:   29 06:39:09     -309.899780        0.2058
BFGS:   30 08:07:36     -309.906795        0.2287
BFGS:   31 09:37:45     -309.913834        0.2595
BFGS:   32 10:46:02     -309.917454        0.1805
BFGS:   33 11:52:55     -309.920282        0.1762
BFGS:   34 13:00:31     -309.922174        0.1881
BFGS:   35 14:08:42     -309.924596        0.1717
BFGS:   36 15:26:41     -309.926999        0.1608
BFGS:   37 16:21:42     -309.928631        0.0928
BFGS:   38 17:32:47     -309.932556        0.1344
BFGS:   39 18:47:20     -309.934975        0.1133
BFGS:   40 20:25:10     -309.938287        0.1238
BFGS:   41 21:24:43     -309.940239        0.1036
BFGS:   42 22:53:24     -309.945010        0.1131
BFGS:   43 23:56:02     -309.946176        0.1134
BFGS:   44 00:57:22     -309.947768        0.1153
BFGS:   45 02:01:56     -309.949470        0.1416
BFGS:   46 03:30:11     -309.953222        0.2485
BFGS:   47 04:45:53     -309.955654        0.2150
BFGS:   48 06:09:26     -309.961114        0.1762
BFGS:   49 07:35:34     -309.965182        0.2581
BFGS:   50 09:08:59     -309.970775        0.1851
BFGS:   51 10:34:20     -309.975599        0.1494
BFGS:   52 12:06:09     -309.980348        0.1469
BFGS:   53 13:36:29     -309.982332        0.1489
BFGS:   54 14:48:43     -309.985400        0.1245
BFGS:   55 16:12:50     -309.990799        0.1815
BFGS:   56 17:22:59     -309.993643        0.1948
BFGS:   57 18:48:56     -310.001867        0.2359
BFGS:   58 20:15:15     -310.006572        0.2282
BFGS:   59 21:40:36     -310.015990        0.2100
BFGS:   60 23:05:51     -310.022671        0.2450
BFGS:   61 00:28:57     -310.030585        0.3085
BFGS:   62 01:51:39     -310.036244        0.3446
BFGS:   63 03:13:25     -310.045083        0.3628
BFGS:   64 04:40:55     -310.059369        0.3446
BFGS:   65 05:59:05     -310.072926        0.4119
BFGS:   66 07:27:10     -310.085592        0.2687
BFGS:   67 08:53:41     -310.096480        0.3201
BFGS:   68 10:19:49     -310.104404        0.2217
BFGS:   69 11:44:31     -310.112375        0.1903
BFGS:   70 12:57:51     -310.120027        0.1672
BFGS:   71 14:24:14     -310.130026        0.1785
BFGS:   72 15:56:55     -310.137639        0.1659
BFGS:   73 17:26:22     -310.144222        0.1487
BFGS:   74 18:51:55     -310.148737        0.1315
BFGS:   75 20:18:30     -310.151748        0.1151
BFGS:   76 21:44:50     -310.155298        0.1488
BFGS:   77 23:04:32     -310.158009        0.1562
BFGS:   78 00:09:57     -310.160073        0.1299
BFGS:   79 01:40:44     -310.162760        0.0875
BFGS:   80 02:45:41     -310.164033        0.0898
BFGS:   81 04:19:19     -310.166606        0.1137
BFGS:   82 05:24:55     -310.168282        0.0847
BFGS:   83 06:42:15     -310.171358        0.0948
BFGS:   84 08:07:07     -310.175422        0.1408
BFGS:   85 09:35:09     -310.181782        0.2934
BFGS:   86 10:56:21     -310.188113        0.2374
BFGS:   87 12:22:15     -310.191721        0.1905
BFGS:   88 13:43:24     -310.193623        0.1496
BFGS:   89 14:50:51     -310.195508        0.1315
BFGS:   90 16:07:44     -310.198122        0.0965
BFGS:   91 17:19:44     -310.200708        0.0870
BFGS:   92 18:35:16     -310.204198        0.0946
BFGS:   93 20:06:10     -310.209820        0.1472
BFGS:   94 21:31:12     -310.213959        0.1731
BFGS:   95 22:55:52     -310.218253        0.1838
BFGS:   96 00:17:11     -310.222503        0.1780
BFGS:   97 01:40:30     -310.228324        0.1478
BFGS:   98 02:55:51     -310.231707        0.1280
BFGS:   99 04:35:32     -310.235266        0.1014
BFGS:  100 05:59:21     -310.237147        0.0888
BFGS:  101 07:06:40     -310.239816        0.1080
BFGS:  102 08:35:12     -310.244363        0.1186
BFGS:  103 09:47:45     -310.247054        0.1238
BFGS:  104 11:19:50     -310.250253        0.1085
BFGS:  105 12:33:32     -310.252669        0.0841
BFGS:  106 14:08:05     -310.255117        0.0908
BFGS:  107 15:22:11     -310.257258        0.1156
BFGS:  108 16:53:44     -310.260507        0.1546
BFGS:  109 18:17:00     -310.262920        0.1540
BFGS:  110 19:22:08     -310.265409        0.1385
BFGS:  111 20:32:11     -310.267976        0.1552
BFGS:  112 21:42:18     -310.269305        0.1260
      Step     Time          Energy         fmax
BFGS:    0 23:46:08     -310.270291        0.1256
BFGS:    1 00:13:47     -310.271816        0.1763
BFGS:    2 00:31:23     -310.272785        0.1573
BFGS:    3 00:53:22     -310.275282        0.0805
BFGS:    4 01:13:57     -310.277194        0.0721
BFGS:    5 01:39:37     -310.279572        0.1263
BFGS:    6 02:05:20     -310.282215        0.1385
BFGS:    7 02:31:46     -310.281574        0.1392
BFGS:    8 02:50:14     -310.283114        0.0624
BFGS:    9 03:17:30     -310.283595        0.0947
BFGS:   10 03:41:50     -310.284738        0.0648
BFGS:   11 03:59:38     -310.285568        0.0603
BFGS:   12 04:21:05     -310.286214        0.0921
BFGS:   13 04:41:07     -310.287708        0.0792
BFGS:   14 05:03:14     -310.289817        0.0780
BFGS:   15 05:22:23     -310.290901        0.0912
BFGS:   16 05:42:14     -310.292339        0.0949
BFGS:   17 06:02:14     -310.293445        0.0812
BFGS:   18 06:22:06     -310.294413        0.0435
