      Step     Time          Energy         fmax
BFGS:    0 18:47:20     -323.412088       16.0609
BFGS:    1 18:53:55     -324.804564       13.2923
BFGS:    2 19:00:13     -325.848898       12.0358
BFGS:    3 19:05:51     -326.823115       10.8969
BFGS:    4 19:11:02     -327.690410        9.7900
BFGS:    5 19:16:19     -328.458964        8.7495
BFGS:    6 19:21:49     -329.141289        7.7536
BFGS:    7 19:27:08     -329.744525        6.7890
BFGS:    8 19:32:38     -330.278241        5.9171
BFGS:    9 19:37:48     -330.752066        5.1469
BFGS:   10 19:43:00     -331.166892        4.4233
BFGS:   11 19:48:26     -331.535000        3.8157
BFGS:   12 19:53:36     -331.860376        3.2164
BFGS:   13 19:58:56     -332.150926        2.7334
BFGS:   14 20:03:34     -332.405613        2.2998
BFGS:   15 20:08:24     -332.628920        1.9953
BFGS:   16 20:13:17     -332.822612        1.8056
BFGS:   17 20:17:46     -332.989838        1.6388
BFGS:   18 20:22:18     -333.135967        1.4494
BFGS:   19 20:26:45     -333.268780        1.3577
BFGS:   20 20:31:07     -333.387914        1.2955
BFGS:   21 20:36:04     -333.498457        1.2553
BFGS:   22 20:40:45     -333.602530        1.2280
BFGS:   23 20:45:21     -333.703352        1.1564
BFGS:   24 20:50:04     -333.798000        1.2079
BFGS:   25 20:54:32     -333.889029        1.2506
BFGS:   26 20:59:21     -333.975656        1.2869
BFGS:   27 21:03:40     -334.056888        1.3037
BFGS:   28 21:08:32     -334.134769        1.2894
BFGS:   29 21:13:06     -334.208546        1.2831
BFGS:   30 21:17:46     -334.280076        1.2847
BFGS:   31 21:22:28     -334.348165        1.2751
BFGS:   32 21:27:02     -334.414143        1.3251
BFGS:   33 21:32:03     -334.477418        1.2936
BFGS:   34 21:36:57     -334.537809        1.3752
BFGS:   35 21:41:24     -334.596022        1.3562
BFGS:   36 21:45:49     -334.651705        1.3056
BFGS:   37 21:50:19     -334.702975        1.2790
BFGS:   38 21:54:39     -334.753144        1.2210
BFGS:   39 21:59:05     -334.800547        1.1155
BFGS:   40 22:03:48     -334.843487        0.9946
BFGS:   41 22:08:14     -334.882358        0.8335
BFGS:   42 22:12:33     -334.915665        0.7750
BFGS:   43 22:16:54     -334.949377        0.6696
BFGS:   44 22:21:22     -334.973756        0.6606
BFGS:   45 22:25:40     -335.005607        0.6282
BFGS:   46 22:29:54     -335.040834        0.5777
BFGS:   47 22:33:56     -335.074797        0.7331
BFGS:   48 22:38:01     -335.111666        0.9101
BFGS:   49 22:41:57     -335.147459        1.0343
BFGS:   50 22:46:31     -335.183825        1.1171
BFGS:   51 22:50:35     -335.214065        1.0347
BFGS:   52 22:54:47     -335.246844        0.9303
BFGS:   53 22:58:55     -335.273157        0.7279
BFGS:   54 23:02:51     -335.288066        0.2943
BFGS:   55 23:06:20     -335.294421        0.1843
BFGS:   56 23:09:21     -335.300608        0.2459
BFGS:   57 23:12:19     -335.303546        0.2349
BFGS:   58 23:15:30     -335.307474        0.1481
BFGS:   59 23:19:51     -335.306651        0.4519
BFGS:   60 23:23:27     -335.312675        0.2623
BFGS:   61 23:26:54     -335.316267        0.1169
BFGS:   62 23:30:13     -335.321216        0.1027
BFGS:   63 23:34:46     -335.328239        0.1717
BFGS:   64 23:37:16     -335.329536        0.1620
BFGS:   65 23:41:20     -335.334887        0.1181
BFGS:   66 23:44:32     -335.335956        0.1201
BFGS:   67 23:47:16     -335.337257        0.0814
BFGS:   68 23:49:57     -335.338223        0.0689
BFGS:   69 23:52:34     -335.339026        0.0525
BFGS:   70 23:55:43     -335.340142        0.0680
BFGS:   71 23:58:23     -335.341074        0.0914
BFGS:   72 00:01:28     -335.342508        0.0831
BFGS:   73 00:04:24     -335.343510        0.0720
BFGS:   74 00:07:32     -335.344788        0.0701
BFGS:   75 00:11:29     -335.346289        0.1236
BFGS:   76 00:13:58     -335.347366        0.0917
BFGS:   77 00:17:33     -335.349547        0.0793
BFGS:   78 00:20:33     -335.350780        0.0582
BFGS:   79 00:23:18     -335.351744        0.0628
BFGS:   80 00:26:31     -335.353165        0.0984
BFGS:   81 00:31:11     -335.355293        0.2252
BFGS:   82 00:34:02     -335.356898        0.1691
BFGS:   83 00:37:43     -335.359759        0.1390
BFGS:   84 00:40:24     -335.361528        0.1216
BFGS:   85 00:43:55     -335.364451        0.1806
BFGS:   86 00:47:08     -335.366802        0.2285
BFGS:   87 00:50:57     -335.371279        0.2318
BFGS:   88 00:54:24     -335.373838        0.1917
BFGS:   89 00:57:14     -335.375679        0.1413
BFGS:   90 01:00:36     -335.378498        0.1576
BFGS:   91 01:03:50     -335.380020        0.1717
BFGS:   92 01:07:33     -335.380581        0.3472
BFGS:   93 01:10:46     -335.381835        0.2720
BFGS:   94 01:14:48     -335.382859        0.0840
BFGS:   95 01:17:04     -335.383761        0.0808
BFGS:   96 01:20:24     -335.386464        0.0865
BFGS:   97 01:23:23     -335.388392        0.0846
BFGS:   98 01:27:04     -335.389666        0.1353
BFGS:   99 01:30:02     -335.390970        0.0954
BFGS:  100 01:33:19     -335.392547        0.1004
BFGS:  101 01:36:15     -335.394299        0.1010
BFGS:  102 01:39:49     -335.395846        0.0976
BFGS:  103 01:42:33     -335.396699        0.0788
BFGS:  104 01:45:15     -335.397754        0.0578
BFGS:  105 01:48:37     -335.398430        0.0573
BFGS:  106 01:51:18     -335.399169        0.0539
BFGS:  107 01:53:54     -335.399769        0.0593
BFGS:  108 01:57:07     -335.400429        0.0729
BFGS:  109 01:59:50     -335.400912        0.0705
BFGS:  110 02:03:05     -335.402411        0.0847
BFGS:  111 02:06:08     -335.403371        0.1120
BFGS:  112 02:08:37     -335.404119        0.0517
BFGS:  113 02:11:34     -335.404646        0.0525
BFGS:  114 02:14:11     -335.404992        0.0483
