      Step     Time          Energy         fmax
BFGS:    0 09:36:24     -219.109616        0.2696
BFGS:    1 10:26:57     -219.111345        0.2271
BFGS:    2 11:33:33     -219.114977        0.0817
BFGS:    3 12:31:56     -219.115422        0.0733
BFGS:    4 14:00:51     -219.117046        0.0605
BFGS:    5 15:27:10     -219.117828        0.0963
BFGS:    6 16:49:25     -219.118666        0.1141
BFGS:    7 17:41:38     -219.120905        0.1553
BFGS:    8 19:38:21     -219.123530        0.1766
BFGS:    9 20:11:16     -219.125309        0.1173
BFGS:   10 20:30:20     -219.126382        0.0703
BFGS:   11 20:50:47     -219.126999        0.0850
BFGS:   12 21:11:14     -219.128287        0.1244
BFGS:   13 21:36:43     -219.130410        0.1867
BFGS:   14 22:04:22     -219.133706        0.2097
BFGS:   15 22:32:43     -219.138751        0.2014
BFGS:   16 23:30:36     -219.141316        0.1977
BFGS:   17 00:57:05     -219.143300        0.1612
BFGS:   18 02:27:05     -219.145870        0.1547
BFGS:   19 04:00:35     -219.147411        0.1807
BFGS:   20 05:29:13     -219.150268        0.1504
BFGS:   21 07:01:57     -219.152162        0.1445
BFGS:   22 08:20:49     -219.153759        0.0947
BFGS:   23 09:39:31     -219.155003        0.0637
BFGS:   24 10:51:21     -219.155492        0.0751
BFGS:   25 12:02:32     -219.156646        0.1129
BFGS:   26 13:25:04     -219.158917        0.1687
BFGS:   27 14:58:07     -219.163049        0.2174
BFGS:   28 16:21:32     -219.167416        0.2456
BFGS:   29 18:00:19     -219.172522        0.2529
BFGS:   30 19:27:43     -219.177994        0.2623
BFGS:   31 20:52:58     -219.186141        0.2241
BFGS:   32 22:26:47     -219.194282        0.1519
BFGS:   33 23:56:14     -219.200093        0.1430
BFGS:   34 01:21:20     -219.207193        0.1449
BFGS:   35 02:52:25     -219.214469        0.1459
BFGS:   36 04:20:35     -219.222596        0.1529
BFGS:   37 05:48:21     -219.231796        0.1557
BFGS:   38 07:15:13     -219.241978        0.1495
BFGS:   39 08:43:23     -219.253167        0.1434
BFGS:   40 10:18:08     -219.265189        0.1527
BFGS:   41 11:47:19     -219.278345        0.1832
BFGS:   42 13:19:33     -219.292582        0.1995
BFGS:   43 14:45:31     -219.308232        0.2228
BFGS:   44 16:14:12     -219.324899        0.2435
BFGS:   45 17:44:31     -219.342993        0.2652
BFGS:   46 19:10:31     -219.362658        0.2857
BFGS:   47 20:39:33     -219.383093        0.3081
BFGS:   48 22:07:00     -219.404611        0.3132
BFGS:   49 23:35:48     -219.426831        0.3267
BFGS:   50 00:58:29     -219.449381        0.3372
BFGS:   51 02:26:27     -219.472417        0.3500
BFGS:   52 03:52:20     -219.496078        0.3349
BFGS:   53 05:16:58     -219.517879        0.3384
BFGS:   54 06:38:51     -219.540017        0.3120
BFGS:   55 08:05:39     -219.560338        0.3153
BFGS:   56 09:30:43     -219.579007        0.2871
BFGS:   57 10:54:55     -219.596203        0.2513
BFGS:   58 12:13:15     -219.610764        0.2289
BFGS:   59 13:30:59     -219.624690        0.2354
BFGS:   60 14:54:40     -219.636347        0.3167
BFGS:   61 16:29:00     -219.647279        0.4116
BFGS:   62 17:53:34     -219.661664        0.5092
BFGS:   63 19:17:06     -219.676711        0.5885
BFGS:   64 20:42:07     -219.696096        0.6597
BFGS:   65 22:11:34     -219.718609        0.7122
BFGS:   66 23:46:43     -219.746884        0.7409
BFGS:   67 01:19:16     -219.777521        0.7299
BFGS:   68 02:52:29     -219.807074        0.6874
BFGS:   69 04:30:58     -219.836447        0.6050
BFGS:   70 06:00:25     -219.867306        0.4614
BFGS:   71 07:32:44     -219.890731        0.3414
BFGS:   72 08:53:56     -219.909719        0.3221
BFGS:   73 10:20:56     -219.925279        0.3246
BFGS:   74 11:45:22     -219.936419        0.2533
BFGS:   75 13:15:47     -219.948612        0.2522
BFGS:   76 14:51:16     -219.964300        0.2011
BFGS:   77 16:12:32     -219.977304        0.2305
BFGS:   78 17:36:44     -219.989076        0.2748
BFGS:   79 18:57:47     -219.999743        0.3322
BFGS:   80 20:25:11     -220.010247        0.3562
BFGS:   81 22:07:08     -220.018595        0.3542
BFGS:   82 23:31:46     -220.026975        0.3380
BFGS:   83 01:02:10     -220.037891        0.2862
BFGS:   84 02:32:56     -220.047722        0.2354
BFGS:   85 04:10:41     -220.058296        0.2100
BFGS:   86 05:34:31     -220.065452        0.2452
BFGS:   87 06:59:16     -220.072432        0.2324
BFGS:   88 08:15:19     -220.079544        0.2002
BFGS:   89 09:32:13     -220.087432        0.2162
BFGS:   90 10:49:28     -220.097565        0.2470
BFGS:   91 12:10:36     -220.107078        0.2592
BFGS:   92 13:31:08     -220.116818        0.2549
BFGS:   93 14:53:35     -220.124987        0.2617
BFGS:   94 16:16:24     -220.132808        0.2786
BFGS:   95 17:40:51     -220.140971        0.3051
BFGS:   96 19:02:18     -220.150516        0.3256
BFGS:   97 20:25:43     -220.160712        0.3324
BFGS:   98 21:34:49     -220.169889        0.3150
BFGS:   99 22:42:01     -220.179631        0.2919
BFGS:  100 00:02:38     -220.189401        0.2713
BFGS:  101 01:23:12     -220.197981        0.2404
BFGS:  102 02:45:05     -220.207261        0.2251
BFGS:  103 04:01:44     -220.215742        0.2535
BFGS:  104 05:24:41     -220.224509        0.2814
BFGS:  105 06:46:32     -220.234652        0.3070
BFGS:  106 08:06:58     -220.245179        0.3365
BFGS:  107 09:28:30     -220.253853        0.3524
BFGS:  108 10:54:21     -220.266931        0.3991
BFGS:  109 12:10:14     -220.278139        0.4035
BFGS:  110 13:30:11     -220.289770        0.4170
BFGS:  111 14:50:17     -220.302243        0.4490
BFGS:  112 16:07:06     -220.317983        0.4729
BFGS:  113 17:21:48     -220.334262        0.5110
BFGS:  114 18:46:40     -220.349371        0.5263
BFGS:  115 20:10:49     -220.366651        0.5438
BFGS:  116 21:31:35     -220.386942        0.5733
BFGS:  117 22:58:41     -220.404699        0.5754
BFGS:  118 00:20:28     -220.426775        0.5936
      Step     Time          Energy         fmax
BFGS:    0 01:04:51     -220.426776        0.5935
BFGS:    1 02:38:46     -220.447329        0.5986
BFGS:    2 04:03:16     -220.470284        0.5906
BFGS:    3 05:30:19     -220.495180        0.5810
BFGS:    4 06:59:37     -220.521485        0.5776
BFGS:    5 08:35:05     -220.552291        0.5812
BFGS:    6 10:17:26     -220.584234        0.5750
BFGS:    7 12:00:57     -220.623881        0.5804
BFGS:    8 13:46:52     -220.658786        0.5584
BFGS:    9 15:32:57     -220.688433        0.4826
BFGS:   10 17:09:30     -220.712573        0.3647
BFGS:   11 18:43:14     -220.729879        0.2368
BFGS:   12 20:06:52     -220.740632        0.2156
BFGS:   13 21:29:55     -220.750809        0.2041
BFGS:   14 22:51:14     -220.760031        0.2721
BFGS:   15 00:22:24     -220.771534        0.3112
BFGS:   16 01:55:07     -220.786016        0.3027
BFGS:   17 03:36:57     -220.802874        0.2590
BFGS:   18 05:18:12     -220.814562        0.2206
BFGS:   19 06:52:52     -220.821176        0.2223
BFGS:   20 08:12:09     -220.825061        0.1879
BFGS:   21 09:32:11     -220.830025        0.1635
BFGS:   22 10:54:13     -220.838224        0.2062
BFGS:   23 12:39:34     -220.850332        0.2418
BFGS:   24 14:20:55     -220.859005        0.2201
BFGS:   25 15:58:15     -220.863995        0.1678
BFGS:   26 17:17:53     -220.866649        0.1420
BFGS:   27 18:30:31     -220.869241        0.1056
BFGS:   28 19:47:54     -220.873665        0.1864
BFGS:   29 21:21:31     -220.879991        0.3074
BFGS:   30 22:53:19     -220.886571        0.3542
BFGS:   31 00:30:58     -220.894005        0.3114
BFGS:   32 02:07:30     -220.898900        0.2423
BFGS:   33 03:26:46     -220.902812        0.1056
BFGS:   34 04:39:54     -220.904444        0.0984
BFGS:   35 05:38:14     -220.905687        0.1060
BFGS:   36 06:52:51     -220.908787        0.1209
BFGS:   37 08:05:08     -220.912676        0.1531
BFGS:   38 09:27:19     -220.917867        0.1617
BFGS:   39 10:47:07     -220.923707        0.1337
BFGS:   40 12:14:13     -220.927723        0.1145
BFGS:   41 13:48:07     -220.932792        0.1215
BFGS:   42 15:15:49     -220.935576        0.1238
BFGS:   43 16:42:18     -220.937319        0.1381
BFGS:   44 17:51:26     -220.939247        0.1234
BFGS:   45 19:00:54     -220.941388        0.0747
BFGS:   46 20:14:38     -220.943336        0.0672
BFGS:   47 21:31:13     -220.945084        0.0836
BFGS:   48 22:45:46     -220.946719        0.1022
BFGS:   49 00:11:44     -220.949223        0.1219
BFGS:   50 01:36:05     -220.952893        0.1151
BFGS:   51 03:03:29     -220.956317        0.1070
BFGS:   52 04:29:45     -220.961037        0.0733
BFGS:   53 05:54:09     -220.963126        0.0651
BFGS:   54 07:24:41     -220.963853        0.0662
BFGS:   55 08:33:30     -220.964819        0.0424
