      Step     Time          Energy         fmax
BFGS:    0 10:17:44     -345.001367       30.1340
BFGS:    1 10:25:40     -347.310913       20.8869
BFGS:    2 10:32:28     -349.009414       17.1590
BFGS:    3 10:38:32     -350.270422       14.0842
BFGS:    4 10:44:19     -351.269078       11.8821
BFGS:    5 10:49:34     -352.106840        9.9463
BFGS:    6 10:55:05     -352.821923        8.3935
BFGS:    7 11:00:42     -353.453378        6.9804
BFGS:    8 11:06:20     -354.024929        5.8499
BFGS:    9 11:11:38     -354.528778        5.0425
BFGS:   10 11:16:50     -354.992457        4.4770
BFGS:   11 11:21:33     -355.437777        4.1278
BFGS:   12 11:26:02     -355.868624        3.8326
BFGS:   13 11:30:25     -356.270269        3.5346
BFGS:   14 11:34:29     -356.637608        3.2654
BFGS:   15 11:39:13     -356.964042        2.9712
BFGS:   16 11:43:53     -357.252018        2.6881
BFGS:   17 11:48:33     -357.505137        2.4106
BFGS:   18 11:52:43     -357.725800        2.1702
BFGS:   19 11:57:03     -357.920136        1.9325
BFGS:   20 12:01:20     -358.092121        1.6823
BFGS:   21 12:05:29     -358.241939        1.4665
BFGS:   22 12:10:03     -358.376438        1.3356
BFGS:   23 12:14:08     -358.495072        1.1974
BFGS:   24 12:18:17     -358.599813        1.0624
BFGS:   25 12:22:38     -358.694605        0.9595
BFGS:   26 12:26:55     -358.777625        0.8320
BFGS:   27 12:31:16     -358.853771        0.7972
BFGS:   28 12:35:44     -358.922295        0.7525
BFGS:   29 12:39:52     -358.984051        0.6933
BFGS:   30 12:44:04     -359.041661        0.6113
BFGS:   31 12:48:16     -359.094342        0.5695
BFGS:   32 12:52:27     -359.143801        0.5472
BFGS:   33 12:56:49     -359.189512        0.5694
BFGS:   34 13:01:21     -359.232831        0.5221
BFGS:   35 13:05:25     -359.274560        0.4931
BFGS:   36 13:09:49     -359.314235        0.5108
BFGS:   37 13:14:21     -359.351591        0.5092
BFGS:   38 13:18:49     -359.387784        0.5132
BFGS:   39 13:23:14     -359.422370        0.4916
BFGS:   40 13:27:40     -359.455857        0.4899
BFGS:   41 13:31:54     -359.488327        0.5031
BFGS:   42 13:36:10     -359.518337        0.5152
BFGS:   43 13:40:21     -359.545502        0.4866
BFGS:   44 13:44:46     -359.570366        0.4846
BFGS:   45 13:48:53     -359.591670        0.5152
BFGS:   46 13:53:12     -359.613289        0.4749
BFGS:   47 13:57:10     -359.629141        0.4693
BFGS:   48 14:01:16     -359.646165        0.4593
BFGS:   49 14:05:36     -359.664596        0.5319
BFGS:   50 14:09:55     -359.683047        0.5650
BFGS:   51 14:14:14     -359.707190        0.6346
BFGS:   52 14:18:47     -359.735147        0.6763
BFGS:   53 14:23:26     -359.766960        0.6646
BFGS:   54 14:28:14     -359.795274        0.5751
BFGS:   55 14:32:58     -359.821443        0.5719
BFGS:   56 14:37:30     -359.841512        0.4681
BFGS:   57 14:42:23     -359.859437        0.5092
BFGS:   58 14:46:47     -359.878809        0.5108
BFGS:   59 14:51:14     -359.897788        0.6073
BFGS:   60 14:55:21     -359.919625        0.6316
BFGS:   61 14:59:24     -359.944056        0.6670
BFGS:   62 15:03:34     -359.977227        0.7167
BFGS:   63 15:08:00     -360.011005        0.6925
BFGS:   64 15:12:28     -360.042518        0.6929
BFGS:   65 15:16:51     -360.082438        0.6637
BFGS:   66 15:21:26     -360.134737        0.7815
BFGS:   67 15:26:14     -360.182546        0.7473
BFGS:   68 15:30:31     -360.225167        0.6761
BFGS:   69 15:34:54     -360.265681        0.6335
BFGS:   70 15:38:52     -360.305353        0.5706
BFGS:   71 15:43:32     -360.342773        0.5217
BFGS:   72 15:47:54     -360.377164        0.6475
BFGS:   73 15:52:19     -360.415241        0.7028
BFGS:   74 15:56:37     -360.448001        0.6859
BFGS:   75 16:01:01     -360.485561        0.7004
BFGS:   76 16:05:09     -360.520067        0.7876
BFGS:   77 16:09:13     -360.557119        0.9440
BFGS:   78 16:13:30     -360.598887        0.9966
BFGS:   79 16:18:03     -360.643050        0.8033
BFGS:   80 16:22:13     -360.681127        0.5326
BFGS:   81 16:26:23     -360.705590        0.3629
BFGS:   82 16:30:35     -360.717936        0.2575
BFGS:   83 16:33:54     -360.723826        0.3173
BFGS:   84 16:37:47     -360.732914        0.3303
BFGS:   85 16:41:30     -360.739369        0.1891
BFGS:   86 16:45:51     -360.752064        0.2660
BFGS:   87 16:49:33     -360.757988        0.3295
BFGS:   88 16:52:56     -360.763744        0.2843
BFGS:   89 16:57:05     -360.770535        0.2978
BFGS:   90 17:00:38     -360.774960        0.3581
BFGS:   91 17:04:11     -360.785366        0.2021
BFGS:   92 17:07:29     -360.789809        0.1293
BFGS:   93 17:10:31     -360.791723        0.1627
BFGS:   94 17:14:04     -360.794791        0.2098
BFGS:   95 17:16:58     -360.797557        0.1847
BFGS:   96 17:20:21     -360.801313        0.1056
BFGS:   97 17:23:39     -360.803419        0.1075
BFGS:   98 17:27:33     -360.804404        0.2967
BFGS:   99 17:30:43     -360.806867        0.2134
BFGS:  100 17:34:25     -360.810031        0.0999
BFGS:  101 17:37:43     -360.812391        0.0838
BFGS:  102 17:41:36     -360.817360        0.0911
BFGS:  103 17:45:58     -360.820975        0.1223
BFGS:  104 17:48:41     -360.822537        0.1092
BFGS:  105 17:51:43     -360.825380        0.1083
BFGS:  106 17:55:00     -360.828440        0.1315
BFGS:  107 17:59:05     -360.828224        0.1877
BFGS:  108 18:02:37     -360.831358        0.0961
BFGS:  109 18:05:35     -360.832730        0.0647
BFGS:  110 18:09:15     -360.833235        0.0992
BFGS:  111 18:12:34     -360.834678        0.0816
BFGS:  112 18:15:58     -360.835961        0.0565
BFGS:  113 18:19:38     -360.837913        0.0741
BFGS:  114 18:23:11     -360.838981        0.0908
BFGS:  115 18:25:56     -360.840002        0.0702
BFGS:  116 18:28:50     -360.841065        0.0920
BFGS:  117 18:31:51     -360.842148        0.1044
BFGS:  118 18:35:06     -360.843507        0.1086
BFGS:  119 18:38:26     -360.844037        0.0805
BFGS:  120 18:41:05     -360.844729        0.0560
BFGS:  121 18:44:38     -360.845277        0.0896
BFGS:  122 18:47:15     -360.845795        0.0854
BFGS:  123 18:50:25     -360.846801        0.0885
BFGS:  124 18:53:24     -360.847657        0.0900
BFGS:  125 18:57:04     -360.849109        0.0640
BFGS:  126 19:00:05     -360.850131        0.0759
BFGS:  127 19:03:01     -360.851233        0.0667
BFGS:  128 19:05:55     -360.852002        0.0590
BFGS:  129 19:09:18     -360.853174        0.0553
BFGS:  130 19:13:11     -360.854320        0.1222
BFGS:  131 19:16:58     -360.855528        0.1312
BFGS:  132 19:21:06     -360.856714        0.1483
BFGS:  133 19:24:46     -360.858063        0.0892
BFGS:  134 19:27:35     -360.858939        0.0728
BFGS:  135 19:31:29     -360.859181        0.1081
BFGS:  136 19:35:02     -360.860735        0.0662
BFGS:  137 19:37:35     -360.861385        0.0568
BFGS:  138 19:40:52     -360.862680        0.0546
BFGS:  139 19:44:10     -360.863395        0.0550
BFGS:  140 19:47:04     -360.863964        0.0476
