      Step     Time          Energy         fmax
BFGS:    0 20:30:35     -345.739187       13.8117
BFGS:    1 20:36:56     -346.789336       10.0588
BFGS:    2 20:44:10     -347.608224        8.5352
BFGS:    3 20:51:49     -348.322117        7.2068
BFGS:    4 20:58:22     -348.885411        6.0378
BFGS:    5 21:05:47     -349.347296        5.0973
BFGS:    6 21:11:56     -349.728316        4.3753
BFGS:    7 21:17:57     -350.050457        3.7220
BFGS:    8 21:23:18     -350.323020        3.3929
BFGS:    9 21:28:11     -350.561195        3.0707
BFGS:   10 21:33:07     -350.765949        2.7424
BFGS:   11 21:37:37     -350.945653        2.4835
BFGS:   12 21:42:06     -351.103747        2.2066
BFGS:   13 21:46:51     -351.243290        1.9277
BFGS:   14 21:51:20     -351.368538        1.7300
BFGS:   15 21:55:43     -351.478535        1.5425
BFGS:   16 22:00:11     -351.576060        1.3355
BFGS:   17 22:04:29     -351.664490        1.1780
BFGS:   18 22:08:42     -351.744114        1.0043
BFGS:   19 22:13:11     -351.815019        0.8658
BFGS:   20 22:17:05     -351.877585        0.7583
BFGS:   21 22:21:17     -351.934477        0.6406
BFGS:   22 22:25:23     -351.986227        0.6004
BFGS:   23 22:29:37     -352.032989        0.5574
BFGS:   24 22:33:48     -352.074000        0.6247
BFGS:   25 22:38:05     -352.112691        0.5999
BFGS:   26 22:42:25     -352.147307        0.5250
BFGS:   27 22:46:32     -352.178894        0.5773
BFGS:   28 22:50:44     -352.209849        0.5080
BFGS:   29 22:54:59     -352.238135        0.4609
BFGS:   30 22:58:58     -352.264605        0.4594
BFGS:   31 23:03:12     -352.288199        0.4569
BFGS:   32 23:07:17     -352.310415        0.3660
BFGS:   33 23:11:34     -352.329843        0.3727
BFGS:   34 23:15:45     -352.347475        0.3465
BFGS:   35 23:19:51     -352.363835        0.4023
BFGS:   36 23:24:07     -352.377961        0.3675
BFGS:   37 23:28:22     -352.389236        0.4081
BFGS:   38 23:32:42     -352.399887        0.3777
BFGS:   39 23:37:03     -352.412000        0.3858
BFGS:   40 23:42:06     -352.435489        0.4035
BFGS:   41 23:46:58     -352.451980        0.2555
BFGS:   42 23:51:34     -352.461330        0.1985
BFGS:   43 23:56:06     -352.466360        0.2501
BFGS:   44 00:00:33     -352.475416        0.2659
BFGS:   45 00:05:43     -352.489617        0.3535
BFGS:   46 00:10:19     -352.497450        0.3326
BFGS:   47 00:14:11     -352.503025        0.2444
BFGS:   48 00:18:16     -352.511062        0.2245
BFGS:   49 00:21:50     -352.516435        0.3007
BFGS:   50 00:26:25     -352.526222        0.2304
BFGS:   51 00:30:40     -352.533317        0.2750
BFGS:   52 00:35:14     -352.539289        0.2328
BFGS:   53 00:38:50     -352.545206        0.1702
BFGS:   54 00:42:48     -352.550052        0.2081
BFGS:   55 00:46:23     -352.554626        0.1636
BFGS:   56 00:50:54     -352.558784        0.1397
BFGS:   57 00:54:06     -352.560827        0.0916
BFGS:   58 00:57:46     -352.563084        0.1032
BFGS:   59 01:00:45     -352.565395        0.1177
BFGS:   60 01:04:48     -352.570381        0.1539
BFGS:   61 01:08:32     -352.574283        0.1853
BFGS:   62 01:12:53     -352.578608        0.1779
BFGS:   63 01:16:22     -352.581998        0.1747
BFGS:   64 01:20:27     -352.586794        0.1960
BFGS:   65 01:24:18     -352.591076        0.2459
BFGS:   66 01:28:14     -352.594225        0.2013
BFGS:   67 01:31:57     -352.596635        0.0925
BFGS:   68 01:35:21     -352.598562        0.1069
BFGS:   69 01:38:17     -352.600604        0.1597
BFGS:   70 01:41:57     -352.603993        0.1854
BFGS:   71 01:46:12     -352.607730        0.1852
BFGS:   72 01:50:35     -352.611549        0.1475
BFGS:   73 01:53:31     -352.614142        0.1320
BFGS:   74 01:57:10     -352.618512        0.2516
BFGS:   75 02:00:59     -352.621556        0.2421
BFGS:   76 02:05:36     -352.626976        0.1275
BFGS:   77 02:10:04     -352.629410        0.1490
BFGS:   78 02:14:03     -352.633038        0.1632
BFGS:   79 02:17:45     -352.635642        0.1632
BFGS:   80 02:21:35     -352.638746        0.2156
BFGS:   81 02:25:25     -352.642191        0.1956
BFGS:   82 02:29:22     -352.645016        0.1363
BFGS:   83 02:33:39     -352.650332        0.2189
BFGS:   84 02:38:00     -352.652874        0.2772
BFGS:   85 02:41:01     -352.656532        0.1857
BFGS:   86 02:44:59     -352.663569        0.1332
BFGS:   87 02:48:44     -352.668143        0.1189
BFGS:   88 02:53:15     -352.674521        0.1675
BFGS:   89 02:57:24     -352.680552        0.1574
BFGS:   90 03:01:46     -352.687558        0.1677
BFGS:   91 03:06:09     -352.692785        0.2291
BFGS:   92 03:10:40     -352.697458        0.3275
BFGS:   93 03:15:26     -352.709821        0.1682
BFGS:   94 03:19:56     -352.718674        0.1736
BFGS:   95 03:24:32     -352.728112        0.1535
BFGS:   96 03:28:39     -352.736473        0.1506
BFGS:   97 03:33:02     -352.745239        0.1947
BFGS:   98 03:37:15     -352.753783        0.2322
BFGS:   99 03:41:24     -352.761262        0.3230
BFGS:  100 03:45:47     -352.766929        0.3655
BFGS:  101 03:50:14     -352.774934        0.4296
BFGS:  102 03:54:39     -352.785333        0.4172
BFGS:  103 03:59:02     -352.795163        0.3892
BFGS:  104 04:03:15     -352.804264        0.3720
BFGS:  105 04:07:16     -352.815966        0.3829
BFGS:  106 04:12:33     -352.783131        2.2007
BFGS:  107 04:16:32     -352.839359        1.0116
BFGS:  108 04:20:54     -352.858234        0.4561
BFGS:  109 04:25:10     -352.876424        0.3656
BFGS:  110 04:29:37     -352.902569        0.2886
BFGS:  111 04:34:34     -352.921292        0.3153
BFGS:  112 04:39:11     -352.933197        0.3347
BFGS:  113 04:43:11     -352.942014        0.2684
BFGS:  114 04:47:41     -352.949089        0.1972
BFGS:  115 04:51:18     -352.954168        0.1328
BFGS:  116 04:55:10     -352.959677        0.1291
BFGS:  117 04:58:59     -352.963526        0.1256
BFGS:  118 05:02:53     -352.967988        0.1341
BFGS:  119 05:07:10     -352.972743        0.1454
BFGS:  120 05:11:00     -352.976149        0.1437
BFGS:  121 05:15:13     -352.980677        0.1468
BFGS:  122 05:18:10     -352.982958        0.1331
BFGS:  123 05:21:20     -352.985815        0.0942
BFGS:  124 05:24:25     -352.987728        0.0985
BFGS:  125 05:28:08     -352.990242        0.1088
BFGS:  126 05:32:16     -352.992340        0.1484
BFGS:  127 05:35:43     -352.994346        0.1186
BFGS:  128 05:39:35     -352.998471        0.1039
BFGS:  129 05:44:16     -353.001588        0.1301
BFGS:  130 05:47:45     -353.003637        0.1337
BFGS:  131 05:52:02     -353.007572        0.1522
BFGS:  132 05:56:24     -353.009584        0.1200
BFGS:  133 05:59:22     -353.011801        0.1026
BFGS:  134 06:03:56     -353.017889        0.1321
BFGS:  135 06:07:56     -353.020064        0.1461
BFGS:  136 06:12:52     -353.024929        0.1560
BFGS:  137 06:17:48     -353.027392        0.1791
BFGS:  138 06:21:34     -353.030641        0.1418
BFGS:  139 06:25:50     -353.035978        0.1898
BFGS:  140 06:30:20     -353.040788        0.1775
BFGS:  141 06:35:12     -353.042732        0.1995
BFGS:  142 06:39:05     -353.045965        0.1302
BFGS:  143 06:42:09     -353.049045        0.1275
BFGS:  144 06:45:55     -353.054671        0.1453
BFGS:  145 06:50:42     -353.063090        0.1796
BFGS:  146 06:55:10     -353.068872        0.2505
BFGS:  147 06:59:28     -353.076705        0.1850
BFGS:  148 07:03:58     -353.082423        0.3190
BFGS:  149 07:08:36     -353.088548        0.1961
BFGS:  150 07:13:03     -353.095827        0.1776
BFGS:  151 07:17:14     -353.102205        0.1477
BFGS:  152 07:20:42     -353.108285        0.1970
BFGS:  153 07:25:07     -353.114357        0.3151
BFGS:  154 07:28:41     -353.117567        0.1703
BFGS:  155 07:32:06     -353.120348        0.1113
BFGS:  156 07:35:47     -353.123494        0.0916
BFGS:  157 07:39:13     -353.126177        0.1216
BFGS:  158 07:43:27     -353.130298        0.2109
BFGS:  159 07:47:12     -353.133493        0.1834
BFGS:  160 07:51:35     -353.140158        0.1058
BFGS:  161 07:55:45     -353.143045        0.2124
BFGS:  162 07:59:15     -353.145800        0.1644
BFGS:  163 08:03:30     -353.147752        0.2515
BFGS:  164 08:07:10     -353.152778        0.1746
BFGS:  165 08:11:33     -353.156192        0.1937
BFGS:  166 08:14:50     -353.160104        0.1650
BFGS:  167 08:18:58     -353.163581        0.0911
BFGS:  168 08:22:15     -353.165536        0.0654
BFGS:  169 08:25:44     -353.166700        0.0627
BFGS:  170 08:29:19     -353.167999        0.0668
BFGS:  171 08:33:25     -353.170225        0.0842
BFGS:  172 08:37:53     -353.173141        0.1565
BFGS:  173 08:41:25     -353.174812        0.1119
BFGS:  174 08:44:38     -353.176576        0.0867
BFGS:  175 08:47:41     -353.177718        0.0857
BFGS:  176 08:51:48     -353.180132        0.0920
BFGS:  177 08:54:38     -353.181088        0.0653
BFGS:  178 08:58:46     -353.182978        0.1323
BFGS:  179 09:02:21     -353.184087        0.1037
BFGS:  180 09:05:47     -353.185456        0.1364
BFGS:  181 09:10:04     -353.186117        0.1307
BFGS:  182 09:13:29     -353.187328        0.1214
BFGS:  183 09:17:22     -353.188564        0.1165
BFGS:  184 09:21:30     -353.189751        0.1131
BFGS:  185 09:24:20     -353.190964        0.0896
BFGS:  186 09:28:09     -353.192569        0.0504
BFGS:  187 09:31:30     -353.193410        0.0581
BFGS:  188 09:35:19     -353.195245        0.1103
BFGS:  189 09:40:07     -353.197096        0.1111
BFGS:  190 09:44:01     -353.198601        0.0855
BFGS:  191 09:48:44     -353.201622        0.1056
BFGS:  192 09:52:19     -353.202822        0.0853
BFGS:  193 09:55:56     -353.203825        0.1078
BFGS:  194 09:59:09     -353.204905        0.1016
BFGS:  195 10:03:20     -353.207033        0.2309
BFGS:  196 10:07:51     -353.207418        0.5110
BFGS:  197 10:11:51     -353.210825        0.1699
BFGS:  198 10:15:58     -353.212985        0.0874
BFGS:  199 10:20:16     -353.215091        0.1318
BFGS:  200 10:24:47     -353.217424        0.1344
BFGS:  201 10:27:37     -353.218245        0.1028
BFGS:  202 10:31:17     -353.219492        0.1315
BFGS:  203 10:35:25     -353.219891        0.1358
BFGS:  204 10:38:45     -353.221159        0.0794
BFGS:  205 10:42:15     -353.222044        0.0658
BFGS:  206 10:45:45     -353.222726        0.0765
BFGS:  207 10:48:57     -353.223395        0.0724
BFGS:  208 10:52:54     -353.224530        0.0601
BFGS:  209 10:56:20     -353.225214        0.0594
BFGS:  210 10:59:33     -353.225981        0.0603
BFGS:  211 11:03:34     -353.226499        0.0714
BFGS:  212 11:06:55     -353.227093        0.0635
BFGS:  213 11:10:31     -353.227796        0.0544
BFGS:  214 11:13:19     -353.228168        0.0488
