      Step     Time          Energy         fmax
BFGS:    0 10:20:13     -353.566812       11.9645
BFGS:    1 10:26:37     -354.481343        8.9933
BFGS:    2 10:33:21     -355.083775        6.9494
BFGS:    3 10:39:47     -355.705163        4.9812
BFGS:    4 10:45:53     -356.171041        3.7856
BFGS:    5 10:52:03     -356.545309        3.2532
BFGS:    6 10:57:53     -356.855206        2.8873
BFGS:    7 11:03:33     -357.114485        2.5760
BFGS:    8 11:08:17     -357.336713        2.2854
BFGS:    9 11:12:56     -357.530666        2.0279
BFGS:   10 11:17:32     -357.701523        1.8042
BFGS:   11 11:21:56     -357.853216        1.6468
BFGS:   12 11:26:11     -357.987182        1.4541
BFGS:   13 11:30:41     -358.106154        1.2819
BFGS:   14 11:35:03     -358.213341        1.1166
BFGS:   15 11:39:00     -358.310137        0.9886
BFGS:   16 11:43:17     -358.396358        0.8591
BFGS:   17 11:47:25     -358.474145        0.7169
BFGS:   18 11:51:47     -358.542681        0.6258
BFGS:   19 11:55:43     -358.604178        0.5860
BFGS:   20 12:00:12     -358.659343        0.5827
BFGS:   21 12:04:30     -358.708934        0.5708
BFGS:   22 12:08:38     -358.751189        0.5436
BFGS:   23 12:13:06     -358.790340        0.5022
BFGS:   24 12:17:36     -358.822408        0.4646
BFGS:   25 12:22:08     -358.851266        0.4470
BFGS:   26 12:26:32     -358.877136        0.3505
BFGS:   27 12:30:55     -358.898466        0.2880
BFGS:   28 12:35:32     -358.917186        0.2937
BFGS:   29 12:40:02     -358.932150        0.3581
BFGS:   30 12:44:50     -358.948921        0.3977
BFGS:   31 12:49:38     -358.960791        0.3933
BFGS:   32 12:53:30     -358.975735        0.4107
BFGS:   33 12:58:12     -359.003957        0.1712
BFGS:   34 13:01:57     -359.012941        0.2391
BFGS:   35 13:06:12     -359.018274        0.2128
BFGS:   36 13:08:50     -359.020618        0.1578
BFGS:   37 13:12:42     -359.028546        0.1606
BFGS:   38 13:16:13     -359.032044        0.1937
BFGS:   39 13:20:28     -359.036254        0.2609
BFGS:   40 13:24:20     -359.039168        0.1957
BFGS:   41 13:27:58     -359.042114        0.1837
BFGS:   42 13:32:39     -359.049570        0.2116
BFGS:   43 13:36:42     -359.055907        0.1710
BFGS:   44 13:40:42     -359.065283        0.2525
BFGS:   45 13:45:07     -359.071989        0.3183
BFGS:   46 13:49:14     -359.080612        0.3549
BFGS:   47 13:53:23     -359.087869        0.3510
BFGS:   48 13:57:31     -359.095098        0.3094
BFGS:   49 14:01:04     -359.104194        0.2132
BFGS:   50 14:04:57     -359.114586        0.1808
BFGS:   51 14:08:29     -359.123415        0.2290
BFGS:   52 14:12:15     -359.127639        0.2546
BFGS:   53 14:16:01     -359.134286        0.2061
BFGS:   54 14:19:46     -359.142086        0.1824
BFGS:   55 14:23:35     -359.150599        0.2711
BFGS:   56 14:27:57     -359.162823        0.2758
BFGS:   57 14:32:34     -359.174707        0.2726
BFGS:   58 14:37:01     -359.186728        0.2493
BFGS:   59 14:41:19     -359.194951        0.2839
BFGS:   60 14:45:12     -359.202338        0.2849
BFGS:   61 14:49:10     -359.212073        0.2156
BFGS:   62 14:52:54     -359.221530        0.2380
BFGS:   63 14:56:03     -359.229042        0.1900
BFGS:   64 14:59:47     -359.241589        0.1860
BFGS:   65 15:03:45     -359.247166        0.2167
BFGS:   66 15:07:41     -359.254416        0.1954
BFGS:   67 15:11:50     -359.265074        0.1755
BFGS:   68 15:15:50     -359.273749        0.2070
BFGS:   69 15:19:38     -359.282097        0.2575
BFGS:   70 15:23:47     -359.290460        0.2746
BFGS:   71 15:27:49     -359.297739        0.3217
BFGS:   72 15:31:28     -359.306406        0.2854
BFGS:   73 15:35:32     -359.313342        0.2698
BFGS:   74 15:39:29     -359.324083        0.2468
BFGS:   75 15:43:30     -359.333173        0.2405
BFGS:   76 15:47:32     -359.346209        0.2169
BFGS:   77 15:51:18     -359.355809        0.2023
BFGS:   78 15:55:29     -359.368167        0.1853
BFGS:   79 15:59:46     -359.377379        0.2377
BFGS:   80 16:03:50     -359.380428        0.3055
BFGS:   81 16:07:13     -359.386157        0.2845
BFGS:   82 16:11:30     -359.399449        0.2650
BFGS:   83 16:15:26     -359.405085        0.1829
BFGS:   84 16:19:04     -359.409181        0.1641
BFGS:   85 16:22:52     -359.412527        0.1868
BFGS:   86 16:25:53     -359.415852        0.1779
BFGS:   87 16:30:03     -359.423596        0.2098
BFGS:   88 16:33:43     -359.425807        0.2527
BFGS:   89 16:38:37     -359.432043        0.2569
BFGS:   90 16:43:15     -359.433930        0.2724
BFGS:   91 16:46:25     -359.436987        0.3115
BFGS:   92 16:50:17     -359.442063        0.3165
BFGS:   93 16:53:56     -359.445139        0.2681
BFGS:   94 16:59:17     -359.451545        0.1413
BFGS:   95 17:03:43     -359.455093        0.1456
BFGS:   96 17:08:57     -359.458721        0.1790
BFGS:   97 17:12:18     -359.462209        0.1805
BFGS:   98 17:15:56     -359.469557        0.2113
BFGS:   99 17:20:06     -359.473648        0.1581
BFGS:  100 17:24:49     -359.477814        0.1226
BFGS:  101 17:28:43     -359.482242        0.1266
BFGS:  102 17:32:46     -359.484926        0.1173
BFGS:  103 17:36:55     -359.488025        0.1948
BFGS:  104 17:40:55     -359.492571        0.1562
BFGS:  105 17:45:12     -359.496193        0.1085
BFGS:  106 17:48:05     -359.498285        0.0744
BFGS:  107 17:52:25     -359.502252        0.1775
BFGS:  108 17:56:02     -359.504300        0.1334
BFGS:  109 18:00:03     -359.505859        0.0909
BFGS:  110 18:04:15     -359.507013        0.0954
BFGS:  111 18:09:09     -359.508489        0.1099
BFGS:  112 18:12:17     -359.510146        0.1266
BFGS:  113 18:16:32     -359.512305        0.1654
BFGS:  114 18:20:12     -359.514311        0.1262
BFGS:  115 18:24:07     -359.516701        0.0791
BFGS:  116 18:27:39     -359.518471        0.0801
BFGS:  117 18:31:40     -359.519039        0.1500
BFGS:  118 18:35:17     -359.521088        0.0875
BFGS:  119 18:38:44     -359.521747        0.0995
BFGS:  120 18:41:52     -359.522951        0.0888
BFGS:  121 18:45:02     -359.524116        0.0971
BFGS:  122 18:48:32     -359.526750        0.1546
BFGS:  123 18:52:51     -359.526896        0.1815
BFGS:  124 18:56:20     -359.528591        0.1991
BFGS:  125 18:59:59     -359.530218        0.1699
BFGS:  126 19:02:46     -359.531506        0.1972
BFGS:  127 19:06:27     -359.533480        0.1899
BFGS:  128 19:10:02     -359.534501        0.2264
BFGS:  129 19:14:05     -359.535583        0.1851
BFGS:  130 19:17:34     -359.537444        0.1443
BFGS:  131 19:20:36     -359.538897        0.1207
BFGS:  132 19:24:32     -359.542594        0.1008
BFGS:  133 19:27:48     -359.544599        0.1322
BFGS:  134 19:31:24     -359.548038        0.1392
BFGS:  135 19:35:43     -359.548797        0.1770
BFGS:  136 19:38:37     -359.550491        0.1463
BFGS:  137 19:42:08     -359.552113        0.1297
BFGS:  138 19:45:02     -359.552942        0.1198
BFGS:  139 19:48:27     -359.554763        0.1756
BFGS:  140 19:52:42     -359.557267        0.3179
BFGS:  141 19:55:29     -359.559035        0.2614
BFGS:  142 19:58:47     -359.562495        0.1541
BFGS:  143 20:03:03     -359.565237        0.1639
BFGS:  144 20:07:34     -359.567943        0.1658
BFGS:  145 20:12:23     -359.568821        0.2353
BFGS:  146 20:16:25     -359.568973        0.2321
BFGS:  147 20:19:56     -359.572466        0.0908
BFGS:  148 20:23:19     -359.574065        0.0954
BFGS:  149 20:26:51     -359.576968        0.1401
BFGS:  150 20:30:31     -359.579008        0.1586
BFGS:  151 20:34:35     -359.579946        0.1176
BFGS:  152 20:37:50     -359.582500        0.1045
BFGS:  153 20:41:20     -359.584819        0.0658
BFGS:  154 20:44:25     -359.586305        0.0527
BFGS:  155 20:48:20     -359.587254        0.1564
BFGS:  156 20:52:19     -359.589408        0.0954
BFGS:  157 20:56:15     -359.591866        0.1052
BFGS:  158 21:00:25     -359.594151        0.1599
BFGS:  159 21:04:49     -359.595158        0.1402
BFGS:  160 21:07:50     -359.596630        0.1175
BFGS:  161 21:12:12     -359.598785        0.1306
BFGS:  162 21:15:57     -359.601082        0.0628
BFGS:  163 21:19:59     -359.603930        0.1026
BFGS:  164 21:24:14     -359.606316        0.1238
BFGS:  165 21:28:23     -359.608075        0.1658
BFGS:  166 21:31:56     -359.609298        0.1270
BFGS:  167 21:35:27     -359.611247        0.1471
BFGS:  168 21:38:29     -359.612344        0.1173
BFGS:  169 21:42:00     -359.613572        0.0702
BFGS:  170 21:45:46     -359.614767        0.0880
BFGS:  171 21:50:03     -359.616392        0.1516
BFGS:  172 21:53:34     -359.616853        0.1818
BFGS:  173 21:57:27     -359.618235        0.1552
BFGS:  174 22:01:05     -359.618607        0.1114
BFGS:  175 22:04:20     -359.619214        0.1079
BFGS:  176 22:07:04     -359.619707        0.1141
BFGS:  177 22:09:49     -359.620289        0.1225
BFGS:  178 22:12:05     -359.620764        0.1151
BFGS:  179 22:15:05     -359.621572        0.0951
BFGS:  180 22:18:07     -359.622246        0.0863
BFGS:  181 22:21:08     -359.622746        0.0898
BFGS:  182 22:23:46     -359.623101        0.0964
BFGS:  183 22:26:25     -359.623488        0.0996
BFGS:  184 22:29:03     -359.623947        0.0948
BFGS:  185 22:32:12     -359.624469        0.0854
BFGS:  186 22:35:51     -359.625417        0.1096
BFGS:  187 22:40:06     -359.624334        0.1060
BFGS:  188 22:43:44     -359.626162        0.1030
BFGS:  189 22:46:38     -359.626635        0.0990
BFGS:  190 22:49:31     -359.627194        0.1122
BFGS:  191 22:52:05     -359.627707        0.0979
BFGS:  192 22:54:56     -359.628547        0.0803
BFGS:  193 22:57:42     -359.629335        0.0823
BFGS:  194 23:00:34     -359.630054        0.1108
BFGS:  195 23:03:29     -359.630625        0.1397
BFGS:  196 23:06:43     -359.631716        0.1608
BFGS:  197 23:11:02     -359.628157        0.2085
BFGS:  198 23:14:55     -359.632394        0.1054
BFGS:  199 23:18:58     -359.628867        0.1395
BFGS:  200 23:22:42     -359.632735        0.1219
BFGS:  201 23:26:56     -359.631929        0.1215
BFGS:  202 23:29:12     -359.632763        0.0862
BFGS:  203 23:33:42     -359.634488        0.0718
BFGS:  204 23:37:05     -359.636000        0.0695
BFGS:  205 23:40:03     -359.636504        0.0894
BFGS:  206 23:42:50     -359.636989        0.0927
BFGS:  207 23:46:45     -359.638491        0.1037
BFGS:  208 23:50:24     -359.640051        0.1023
BFGS:  209 23:54:13     -359.640246        0.1830
BFGS:  210 23:57:47     -359.642202        0.1254
BFGS:  211 00:01:22     -359.642271        0.1037
BFGS:  212 00:05:18     -359.643969        0.1806
BFGS:  213 00:08:59     -359.644739        0.2022
BFGS:  214 00:12:00     -359.645479        0.1188
BFGS:  215 00:15:09     -359.646741        0.0883
BFGS:  216 00:18:35     -359.646929        0.1197
BFGS:  217 00:22:00     -359.647887        0.1032
BFGS:  218 00:26:17     -359.646931        0.0695
BFGS:  219 00:29:30     -359.648902        0.0747
BFGS:  220 00:33:39     -359.647644        0.0954
BFGS:  221 00:37:10     -359.648961        0.0644
BFGS:  222 00:40:55     -359.647453        0.0637
BFGS:  223 00:44:15     -359.649631        0.0561
BFGS:  224 00:47:33     -359.649169        0.0569
BFGS:  225 00:50:27     -359.649752        0.0720
BFGS:  226 00:54:15     -359.647180        0.0979
BFGS:  227 00:57:32     -359.649971        0.0464
