      Step     Time          Energy         fmax
BFGS:    0 02:55:25     -306.635439        8.6893
BFGS:    1 03:38:02     -307.204838        5.6115
BFGS:    2 04:02:31     -307.563538        3.9504
BFGS:    3 04:28:40     -307.817699        2.7069
BFGS:    4 04:54:26     -307.997329        1.7789
BFGS:    5 05:17:52     -308.118284        1.1496
BFGS:    6 05:46:48     -308.197237        0.7590
BFGS:    7 06:16:26     -308.247840        0.5772
BFGS:    8 06:46:30     -308.278959        0.3361
BFGS:    9 07:17:05     -308.298174        0.2464
BFGS:   10 07:44:49     -308.311161        0.2001
BFGS:   11 08:12:00     -308.320285        0.2865
BFGS:   12 08:38:46     -308.328563        0.2896
BFGS:   13 09:06:17     -308.337922        0.3017
BFGS:   14 09:31:44     -308.344643        0.3082
BFGS:   15 09:56:56     -308.353555        0.2977
BFGS:   16 10:22:59     -308.362583        0.2879
BFGS:   17 10:48:46     -308.370288        0.2778
BFGS:   18 11:14:57     -308.380662        0.2519
BFGS:   19 11:38:21     -308.390340        0.2424
BFGS:   20 12:02:30     -308.398130        0.2092
BFGS:   21 12:29:10     -308.408170        0.2024
BFGS:   22 12:49:35     -308.417364        0.3352
BFGS:   23 13:11:33     -308.426694        0.2787
BFGS:   24 13:34:57     -308.435366        0.3603
BFGS:   25 13:59:12     -308.445477        0.4895
BFGS:   26 14:16:16     -308.456301        0.6080
BFGS:   27 14:33:01     -308.466641        0.2677
BFGS:   28 14:49:19     -308.476712        0.2620
BFGS:   29 15:06:05     -308.486690        0.1617
BFGS:   30 15:22:49     -308.495237        0.1635
BFGS:   31 15:40:27     -308.502265        0.1925
BFGS:   32 15:58:05     -308.508877        0.3416
BFGS:   33 16:10:46     -308.514008        0.4404
BFGS:   34 16:27:04     -308.528658        0.3860
BFGS:   35 16:45:09     -308.533984        0.1074
BFGS:   36 16:58:45     -308.539793        0.1564
BFGS:   37 17:19:07     -308.546614        0.5127
BFGS:   38 17:33:39     -308.552729        0.2785
BFGS:   39 17:49:13     -308.556120        0.3259
BFGS:   40 18:04:12     -308.563975        0.4610
BFGS:   41 18:17:49     -308.572115        0.5008
BFGS:   42 18:32:34     -308.580638        0.2350
BFGS:   43 18:47:00     -308.585338        0.1750
BFGS:   44 19:00:32     -308.588076        0.1515
BFGS:   45 19:12:19     -308.591683        0.1840
BFGS:   46 19:25:49     -308.598199        0.2020
BFGS:   47 19:39:21     -308.601198        0.2063
BFGS:   48 19:51:05     -308.604079        0.1797
BFGS:   49 20:05:58     -308.608325        0.1988
BFGS:   50 20:16:23     -308.610496        0.2092
BFGS:   51 20:30:24     -308.616929        0.1420
BFGS:   52 20:44:39     -308.619235        0.2016
BFGS:   53 21:03:02     -308.620275        0.2097
BFGS:   54 21:15:55     -308.621644        0.1826
BFGS:   55 21:37:22     -308.624580        0.1802
BFGS:   56 21:47:48     -308.626399        0.1245
BFGS:   57 22:00:00     -308.628796        0.1364
BFGS:   58 22:15:15     -308.632212        0.1978
BFGS:   59 22:29:52     -308.634994        0.2539
BFGS:   60 22:43:56     -308.639022        0.2328
BFGS:   61 22:57:05     -308.641413        0.2061
BFGS:   62 23:07:06     -308.643279        0.1249
BFGS:   63 23:19:21     -308.644447        0.1245
BFGS:   64 23:29:22     -308.645711        0.0977
BFGS:   65 23:42:31     -308.649207        0.2499
BFGS:   66 23:58:11     -308.651972        0.2782
BFGS:   67 00:19:15     -308.655518        0.2275
BFGS:   68 00:34:31     -308.657677        0.1472
BFGS:   69 00:53:16     -308.660463        0.1116
BFGS:   70 01:08:40     -308.663713        0.2410
BFGS:   71 01:20:26     -308.665697        0.1781
BFGS:   72 01:36:26     -308.669658        0.0900
BFGS:   73 01:55:36     -308.671825        0.1250
BFGS:   74 02:14:48     -308.673374        0.2313
BFGS:   75 02:30:56     -308.674552        0.3683
BFGS:   76 02:43:09     -308.675809        0.1833
BFGS:   77 02:53:59     -308.677411        0.1155
BFGS:   78 03:07:59     -308.679172        0.1093
BFGS:   79 03:22:25     -308.680770        0.1883
BFGS:   80 03:40:31     -308.682742        0.1353
BFGS:   81 04:00:56     -308.687123        0.0819
BFGS:   82 04:15:03     -308.688929        0.1586
BFGS:   83 04:27:40     -308.691115        0.1085
BFGS:   84 04:40:19     -308.695510        0.1282
BFGS:   85 04:54:20     -308.698362        0.0732
BFGS:   86 05:07:08     -308.700661        0.0982
BFGS:   87 05:25:40     -308.701739        0.2778
BFGS:   88 05:46:50     -308.705323        0.0901
BFGS:   89 06:04:05     -308.707546        0.1267
BFGS:   90 06:23:27     -308.710260        0.2989
BFGS:   91 06:40:34     -308.712170        0.2456
BFGS:   92 07:00:41     -308.713988        0.1333
BFGS:   93 07:14:28     -308.714922        0.3136
BFGS:   94 07:24:28     -308.717053        0.1802
BFGS:   95 07:38:56     -308.720157        0.1844
BFGS:   96 07:50:20     -308.721241        0.2022
BFGS:   97 08:10:00     -308.726775        0.2799
BFGS:   98 08:29:27     -308.729656        0.3085
BFGS:   99 08:46:28     -308.732248        0.3158
BFGS:  100 09:01:06     -308.737491        0.3132
BFGS:  101 09:19:37     -308.741562        0.2148
BFGS:  102 09:33:01     -308.742592        0.2298
BFGS:  103 09:45:46     -308.744591        0.1915
BFGS:  104 09:56:13     -308.746201        0.1457
BFGS:  105 10:10:13     -308.749784        0.1268
BFGS:  106 10:25:35     -308.753483        0.2287
BFGS:  107 10:36:26     -308.756057        0.1851
BFGS:  108 10:52:27     -308.763409        0.1758
BFGS:  109 11:04:41     -308.765341        0.1563
BFGS:  110 11:16:31     -308.768346        0.1543
BFGS:  111 11:32:26     -308.774038        0.2505
BFGS:  112 11:47:45     -308.778589        0.3072
BFGS:  113 12:03:58     -308.782728        0.3386
BFGS:  114 12:20:13     -308.785578        0.2362
BFGS:  115 12:32:00     -308.788848        0.1604
BFGS:  116 12:47:20     -308.792719        0.3410
BFGS:  117 12:57:17     -308.795885        0.2836
BFGS:  118 13:12:10     -308.801436        0.2594
BFGS:  119 13:26:08     -308.806030        0.3141
BFGS:  120 13:41:04     -308.809957        0.3318
BFGS:  121 13:55:32     -308.814407        0.2700
BFGS:  122 14:10:35     -308.819116        0.1985
BFGS:  123 14:37:56     -308.825104        0.1633
BFGS:  124 14:54:27     -308.826756        0.1886
BFGS:  125 15:13:08     -308.828619        0.2378
BFGS:  126 15:29:50     -308.830493        0.2162
BFGS:  127 15:48:47     -308.831520        0.2465
BFGS:  128 16:07:27     -308.835820        0.2111
BFGS:  129 16:22:51     -308.842476        0.2241
BFGS:  130 16:36:06     -308.845263        0.2876
BFGS:  131 16:50:15     -308.848949        0.2322
BFGS:  132 17:03:53     -308.852922        0.2106
BFGS:  133 17:18:02     -308.856081        0.2022
BFGS:  134 17:30:37     -308.857478        0.1066
BFGS:  135 17:46:27     -308.860004        0.1345
BFGS:  136 18:04:33     -308.861982        0.1717
BFGS:  137 18:23:09     -308.865549        0.2354
BFGS:  138 18:40:24     -308.870389        0.1474
BFGS:  139 18:55:25     -308.874612        0.1279
BFGS:  140 19:11:14     -308.878250        0.1350
BFGS:  141 19:23:28     -308.879665        0.1008
BFGS:  142 19:35:16     -308.880624        0.1373
BFGS:  143 19:44:22     -308.881522        0.1035
BFGS:  144 19:58:25     -308.884039        0.1120
BFGS:  145 20:10:39     -308.884849        0.1150
BFGS:  146 20:23:22     -308.886951        0.0906
BFGS:  147 20:38:45     -308.888264        0.1118
BFGS:  148 20:51:00     -308.888983        0.0922
BFGS:  149 21:03:16     -308.890142        0.0784
BFGS:  150 21:14:11     -308.890566        0.0563
BFGS:  151 21:25:46     -308.891084        0.1167
BFGS:  152 21:37:13     -308.891497        0.0553
BFGS:  153 21:47:43     -308.891918        0.0444
