      Step     Time          Energy         fmax
BFGS:    0 19:30:27     -322.080599       19.3346
BFGS:    1 19:37:15     -324.045554       15.2910
BFGS:    2 19:43:56     -325.358199       13.2903
BFGS:    3 19:50:20     -326.448330       11.9006
BFGS:    4 19:56:29     -327.335906       10.8507
BFGS:    5 20:01:46     -328.084434        9.7738
BFGS:    6 20:07:16     -328.741743        8.7629
BFGS:    7 20:11:53     -329.319337        7.7282
BFGS:    8 20:16:39     -329.840869        6.7776
BFGS:    9 20:21:08     -330.306432        5.8371
BFGS:   10 20:25:35     -330.730140        4.9615
BFGS:   11 20:30:05     -331.124287        4.2177
BFGS:   12 20:34:37     -331.477246        3.4907
BFGS:   13 20:39:16     -331.794571        2.8965
BFGS:   14 20:43:37     -332.063418        2.4414
BFGS:   15 20:47:49     -332.291548        2.0318
BFGS:   16 20:51:59     -332.488855        1.8712
BFGS:   17 20:55:50     -332.661359        1.7428
BFGS:   18 20:59:55     -332.814686        1.6392
BFGS:   19 21:03:43     -332.949326        1.5147
BFGS:   20 21:07:46     -333.068941        1.3892
BFGS:   21 21:11:42     -333.176653        1.2558
BFGS:   22 21:15:27     -333.274436        1.2120
BFGS:   23 21:19:16     -333.360450        1.0932
BFGS:   24 21:22:58     -333.439130        1.0307
BFGS:   25 21:26:40     -333.509934        0.9613
BFGS:   26 21:30:24     -333.575090        0.8865
BFGS:   27 21:34:08     -333.632460        0.8302
BFGS:   28 21:38:04     -333.686321        0.8249
BFGS:   29 21:41:47     -333.735897        0.7875
BFGS:   30 21:45:23     -333.781770        0.7192
BFGS:   31 21:49:05     -333.823204        0.6753
BFGS:   32 21:52:53     -333.862727        0.6686
BFGS:   33 21:56:25     -333.900097        0.6587
BFGS:   34 22:00:07     -333.935256        0.6408
BFGS:   35 22:04:00     -333.968985        0.6292
BFGS:   36 22:08:01     -334.001539        0.6345
BFGS:   37 22:11:48     -334.032759        0.6018
BFGS:   38 22:15:30     -334.062393        0.6776
BFGS:   39 22:19:29     -334.093024        0.6169
BFGS:   40 22:23:19     -334.122854        0.6458
BFGS:   41 22:27:01     -334.151324        0.6357
BFGS:   42 22:30:44     -334.179875        0.6363
BFGS:   43 22:34:43     -334.208457        0.6630
BFGS:   44 22:38:45     -334.236579        0.6438
BFGS:   45 22:42:41     -334.263106        0.6719
BFGS:   46 22:46:38     -334.287755        0.6719
BFGS:   47 22:50:27     -334.312105        0.6573
BFGS:   48 22:54:23     -334.333951        0.6308
BFGS:   49 22:58:21     -334.354116        0.6014
BFGS:   50 23:02:16     -334.375187        0.5835
BFGS:   51 23:06:26     -334.394668        0.5841
BFGS:   52 23:10:24     -334.416735        0.5661
BFGS:   53 23:14:19     -334.439004        0.6766
BFGS:   54 23:18:28     -334.465416        0.7595
BFGS:   55 23:22:47     -334.491593        0.8270
BFGS:   56 23:26:52     -334.518650        0.8708
BFGS:   57 23:30:42     -334.542964        0.8999
BFGS:   58 23:35:10     -334.571828        0.8683
BFGS:   59 23:39:33     -334.604063        0.7753
BFGS:   60 23:43:37     -334.628915        0.7044
BFGS:   61 23:48:02     -334.652325        0.6218
BFGS:   62 23:52:27     -334.673565        0.5342
BFGS:   63 23:56:47     -334.692939        0.5540
BFGS:   64 00:00:58     -334.715228        0.5764
BFGS:   65 00:05:04     -334.733675        0.6604
BFGS:   66 00:09:28     -334.754106        0.6260
BFGS:   67 00:13:50     -334.781511        0.6886
BFGS:   68 00:17:46     -334.805672        0.7286
BFGS:   69 00:21:48     -334.830072        0.8521
BFGS:   70 00:26:00     -334.865651        1.0651
BFGS:   71 00:30:22     -334.901915        1.2195
BFGS:   72 00:34:35     -334.941529        1.4479
BFGS:   73 00:38:54     -334.987399        1.5505
BFGS:   74 00:43:01     -335.032978        1.6247
BFGS:   75 00:47:14     -335.084939        1.5977
BFGS:   76 00:51:32     -335.133751        1.4157
BFGS:   77 00:55:52     -335.184368        0.9946
BFGS:   78 01:00:13     -335.221918        0.6738
BFGS:   79 01:04:23     -335.244329        0.6040
BFGS:   80 01:08:39     -335.263067        0.5060
BFGS:   81 01:12:15     -335.282623        0.5589
BFGS:   82 01:15:59     -335.306581        0.6279
BFGS:   83 01:20:18     -335.327980        0.3358
BFGS:   84 01:23:59     -335.336900        0.2256
BFGS:   85 01:27:48     -335.342803        0.2124
BFGS:   86 01:30:16     -335.346077        0.1786
BFGS:   87 01:33:53     -335.356410        0.1454
BFGS:   88 01:37:17     -335.359540        0.2008
BFGS:   89 01:40:44     -335.363599        0.1987
BFGS:   90 01:44:18     -335.367789        0.2187
BFGS:   91 01:48:09     -335.372249        0.1832
BFGS:   92 01:51:06     -335.375537        0.2228
BFGS:   93 01:54:20     -335.378714        0.1645
BFGS:   94 01:57:09     -335.380482        0.1079
BFGS:   95 02:00:22     -335.382191        0.1041
BFGS:   96 02:03:15     -335.383248        0.1446
BFGS:   97 02:06:07     -335.384447        0.1423
BFGS:   98 02:09:19     -335.386245        0.0937
BFGS:   99 02:13:30     -335.387087        0.1397
BFGS:  100 02:16:42     -335.388871        0.0990
BFGS:  101 02:19:42     -335.390748        0.0866
BFGS:  102 02:23:00     -335.392698        0.1222
BFGS:  103 02:26:35     -335.395200        0.1383
BFGS:  104 02:29:55     -335.396954        0.1142
BFGS:  105 02:32:44     -335.398334        0.1103
BFGS:  106 02:36:36     -335.399671        0.2398
BFGS:  107 02:39:19     -335.400929        0.1707
BFGS:  108 02:42:37     -335.402685        0.1174
BFGS:  109 02:46:05     -335.404024        0.0773
BFGS:  110 02:50:09     -335.404000        0.1107
BFGS:  111 02:53:24     -335.405527        0.0921
BFGS:  112 02:56:08     -335.406337        0.0673
BFGS:  113 02:58:50     -335.407172        0.0642
BFGS:  114 03:01:24     -335.407883        0.0525
BFGS:  115 03:04:22     -335.408774        0.0510
BFGS:  116 03:07:16     -335.409287        0.0500
BFGS:  117 03:10:21     -335.410139        0.0597
BFGS:  118 03:13:03     -335.410688        0.0572
BFGS:  119 03:15:39     -335.411559        0.0547
BFGS:  120 03:18:20     -335.412244        0.0585
BFGS:  121 03:22:00     -335.413045        0.0569
BFGS:  122 03:25:14     -335.413336        0.0726
BFGS:  123 03:27:56     -335.413862        0.0480
