      Step     Time          Energy         fmax
BFGS:    0 12:30:44     -256.941750        3.0713
BFGS:    1 13:10:56     -257.006086        2.1232
BFGS:    2 13:34:44     -257.060655        0.9339
BFGS:    3 14:01:44     -257.110697        0.7117
BFGS:    4 14:26:02     -257.133437        0.6056
BFGS:    5 14:51:03     -257.154885        0.5649
BFGS:    6 15:15:53     -257.177624        0.7933
BFGS:    7 15:39:23     -257.203452        0.9595
BFGS:    8 16:02:59     -257.232226        0.9979
BFGS:    9 16:26:38     -257.260612        0.9153
BFGS:   10 16:50:51     -257.287682        0.7290
BFGS:   11 17:15:47     -257.308791        0.4463
BFGS:   12 17:42:26     -257.325303        0.2982
BFGS:   13 18:09:13     -257.333631        0.3075
BFGS:   14 18:34:04     -257.343971        0.3546
BFGS:   15 19:04:07     -257.363692        0.4175
BFGS:   16 19:33:01     -257.377196        0.4604
BFGS:   17 19:58:33     -257.388147        0.4489
BFGS:   18 20:25:36     -257.401031        0.3150
BFGS:   19 20:53:57     -257.408703        0.3778
BFGS:   20 21:14:22     -257.412731        0.2205
BFGS:   21 21:33:26     -257.418917        0.2939
BFGS:   22 21:55:38     -257.426659        0.5180
BFGS:   23 22:17:53     -257.434385        0.5995
BFGS:   24 22:40:47     -257.441638        0.5456
BFGS:   25 23:01:50     -257.448858        0.4259
BFGS:   26 23:24:02     -257.454461        0.3101
BFGS:   27 23:45:00     -257.460375        0.1732
BFGS:   28 00:08:36     -257.465348        0.2571
BFGS:   29 00:33:25     -257.470014        0.3331
BFGS:   30 00:59:38     -257.477488        0.3653
BFGS:   31 01:26:35     -257.483988        0.3647
BFGS:   32 01:53:26     -257.491803        0.3560
BFGS:   33 02:19:40     -257.499123        0.2667
BFGS:   34 02:45:52     -257.509147        0.3551
BFGS:   35 03:11:32     -257.516699        0.3463
BFGS:   36 03:36:31     -257.522658        0.3315
BFGS:   37 04:00:53     -257.533699        0.4921
BFGS:   38 04:27:08     -257.542321        0.5141
BFGS:   39 04:53:19     -257.552509        0.4709
BFGS:   40 05:18:52     -257.562684        0.4123
BFGS:   41 05:43:59     -257.572630        0.4213
BFGS:   42 06:07:48     -257.579832        0.4721
BFGS:   43 06:30:17     -257.586189        0.4297
BFGS:   44 06:55:57     -257.594905        0.2565
BFGS:   45 07:13:44     -257.597184        0.2112
BFGS:   46 07:36:46     -257.604006        0.2227
BFGS:   47 07:59:43     -257.609193        0.3059
BFGS:   48 08:21:29     -257.613290        0.3021
BFGS:   49 08:43:12     -257.617787        0.2247
BFGS:   50 09:04:16     -257.621152        0.2152
BFGS:   51 09:22:40     -257.623199        0.1473
BFGS:   52 09:43:02     -257.626089        0.2586
BFGS:   53 10:04:42     -257.629632        0.2952
BFGS:   54 10:27:44     -257.633999        0.3438
BFGS:   55 10:53:16     -257.640005        0.3799
BFGS:   56 11:18:16     -257.644219        0.4275
BFGS:   57 11:44:00     -257.648868        0.3987
BFGS:   58 12:09:42     -257.653441        0.3652
BFGS:   59 12:33:23     -257.658408        0.3979
BFGS:   60 12:58:31     -257.669248        0.3647
BFGS:   61 13:22:59     -257.679091        0.3678
BFGS:   62 13:46:49     -257.692034        0.3764
BFGS:   63 14:11:52     -257.707898        0.3897
BFGS:   64 14:36:24     -257.725327        0.4264
BFGS:   65 15:01:57     -257.744879        0.4754
BFGS:   66 15:24:14     -257.766421        0.5213
BFGS:   67 15:47:14     -257.789621        0.5606
BFGS:   68 16:09:35     -257.814803        0.5950
BFGS:   69 16:31:52     -257.842111        0.6290
BFGS:   70 16:54:46     -257.867838        0.6344
BFGS:   71 17:17:42     -257.891663        0.6100
BFGS:   72 17:39:24     -257.913717        0.5510
BFGS:   73 18:01:44     -257.933482        0.5184
BFGS:   74 18:23:29     -257.949901        0.5212
BFGS:   75 18:45:54     -257.963317        0.5110
BFGS:   76 19:08:11     -257.976614        0.5024
BFGS:   77 19:30:37     -257.990123        0.4508
BFGS:   78 19:53:05     -258.005239        0.4775
BFGS:   79 20:17:31     -258.016460        0.4916
BFGS:   80 20:42:36     -258.030389        0.4339
BFGS:   81 21:06:21     -258.043513        0.4352
BFGS:   82 21:29:24     -258.053245        0.4755
BFGS:   83 21:53:11     -258.061641        0.4572
BFGS:   84 22:16:12     -258.071530        0.4955
BFGS:   85 22:38:41     -258.079947        0.5766
BFGS:   86 23:04:14     -258.090654        0.5428
BFGS:   87 23:29:09     -258.108393        0.4785
BFGS:   88 23:56:50     -258.127703        0.3498
BFGS:   89 00:21:51     -258.141321        0.2954
BFGS:   90 00:44:46     -258.148179        0.3073
BFGS:   91 01:08:36     -258.153424        0.2062
BFGS:   92 01:31:36     -258.158709        0.2039
BFGS:   93 01:55:54     -258.165497        0.3611
BFGS:   94 03:18:50     -258.172474        0.3818
BFGS:   95 03:43:09     -258.182679        0.3554
BFGS:   96 04:06:10     -258.191621        0.1679
BFGS:   97 04:27:56     -258.194352        0.1619
BFGS:   98 04:47:43     -258.196762        0.1337
BFGS:   99 05:09:30     -258.200042        0.1339
BFGS:  100 05:35:11     -258.205087        0.1963
BFGS:  101 05:59:08     -258.209477        0.2415
BFGS:  102 06:23:03     -258.214669        0.2659
BFGS:  103 06:45:41     -258.220476        0.2812
BFGS:  104 07:07:29     -258.227129        0.2940
BFGS:  105 07:30:41     -258.231608        0.1075
BFGS:  106 07:54:01     -258.234137        0.3153
BFGS:  107 08:17:14     -258.235657        0.3223
BFGS:  108 08:36:40     -258.238762        0.2152
BFGS:  109 08:57:26     -258.242495        0.1218
BFGS:  110 09:17:22     -258.244892        0.1173
BFGS:  111 09:39:31     -258.246399        0.1835
BFGS:  112 09:55:34     -258.247735        0.1406
BFGS:  113 10:16:09     -258.248475        0.1434
BFGS:  114 10:33:29     -258.249604        0.1279
BFGS:  115 10:53:25     -258.251215        0.1655
BFGS:  116 11:15:18     -258.253568        0.2099
BFGS:  117 11:41:13     -258.258262        0.2471
BFGS:  118 12:06:30     -258.264212        0.2643
BFGS:  119 12:33:05     -258.267981        0.2865
BFGS:  120 13:00:26     -258.273597        0.2806
BFGS:  121 13:25:44     -258.278782        0.2821
BFGS:  122 13:51:43     -258.285213        0.2496
BFGS:  123 14:17:45     -258.291393        0.2816
BFGS:  124 14:43:49     -258.296048        0.3634
BFGS:  125 15:09:00     -258.299921        0.3666
BFGS:  126 15:32:24     -258.307629        0.2951
BFGS:  127 15:56:42     -258.312046        0.4450
BFGS:  128 16:21:23     -258.316012        0.4896
BFGS:  129 16:45:23     -258.327546        0.6180
BFGS:  130 17:06:46     -258.339641        0.6426
BFGS:  131 17:28:11     -258.349803        0.7153
BFGS:  132 17:52:09     -258.371187        0.7255
BFGS:  133 18:16:42     -258.397171        0.8133
BFGS:  134 18:38:37     -258.418161        0.8499
BFGS:  135 19:09:50     -258.453701        0.7193
BFGS:  136 19:35:01     -258.478120        0.9561
BFGS:  137 20:02:50     -258.509195        0.5260
BFGS:  138 20:26:07     -258.530930        0.5977
BFGS:  139 20:51:24     -258.555145        0.4849
BFGS:  140 21:12:43     -258.576481        0.4887
BFGS:  141 21:34:10     -258.601799        0.3775
BFGS:  142 21:58:13     -258.624249        0.4336
BFGS:  143 22:21:28     -258.646711        0.4761
BFGS:  144 22:44:11     -258.669821        0.4875
BFGS:  145 23:07:35     -258.688416        0.5318
BFGS:  146 23:33:43     -258.716250        0.4602
BFGS:  147 00:01:10     -258.736876        0.3560
BFGS:  148 00:29:53     -258.763082        0.4513
BFGS:  149 00:59:18     -258.790365        0.5920
BFGS:  150 01:30:44     -258.812423        0.6963
BFGS:  151 02:04:14     -258.841876        0.8392
BFGS:  152 02:39:02     -258.868602        0.9362
BFGS:  153 03:15:08     -258.899952        1.0345
BFGS:  154 03:47:44     -258.933717        1.0988
BFGS:  155 04:21:47     -258.968354        1.1858
BFGS:  156 04:53:07     -259.009753        1.1592
BFGS:  157 05:21:49     -259.055151        1.0653
BFGS:  158 05:54:00     -259.091835        0.9817
BFGS:  159 06:24:40     -259.132277        0.7491
BFGS:  160 06:54:28     -259.170538        0.6138
BFGS:  161 07:23:37     -259.203790        0.5503
BFGS:  162 07:53:20     -259.243142        0.5336
BFGS:  163 08:20:55     -259.281737        0.4680
BFGS:  164 08:50:14     -259.312776        0.4456
BFGS:  165 09:20:06     -259.338168        0.3556
BFGS:  166 09:49:22     -259.360364        0.2722
BFGS:  167 10:15:54     -259.377359        0.2327
BFGS:  168 10:42:34     -259.391918        0.2356
BFGS:  169 11:07:41     -259.407229        0.2018
BFGS:  170 11:33:37     -259.420446        0.2070
BFGS:  171 11:58:02     -259.428094        0.2851
BFGS:  172 12:25:21     -259.437291        0.2248
BFGS:  173 12:52:09     -259.444484        0.2033
BFGS:  174 13:16:03     -259.455277        0.1805
BFGS:  175 13:39:37     -259.462688        0.2490
BFGS:  176 14:01:16     -259.469675        0.2540
BFGS:  177 14:23:53     -259.480889        0.2827
BFGS:  178 14:46:36     -259.491398        0.2584
BFGS:  179 15:10:40     -259.500620        0.2257
BFGS:  180 15:36:05     -259.509947        0.2580
BFGS:  181 16:02:33     -259.519907        0.2394
BFGS:  182 16:26:03     -259.527466        0.1820
BFGS:  183 16:49:48     -259.536695        0.1602
BFGS:  184 17:15:50     -259.544744        0.1986
BFGS:  185 17:39:01     -259.548885        0.1585
BFGS:  186 18:01:47     -259.556667        0.1828
BFGS:  187 18:24:40     -259.564114        0.1964
BFGS:  188 18:48:33     -259.573913        0.2504
BFGS:  189 19:13:58     -259.586608        0.2016
BFGS:  190 19:42:50     -259.598861        0.1686
BFGS:  191 20:11:27     -259.607546        0.1640
BFGS:  192 20:38:36     -259.617463        0.1667
BFGS:  193 21:06:43     -259.623454        0.1619
BFGS:  194 21:29:44     -259.628121        0.1577
BFGS:  195 21:57:15     -259.634522        0.1354
BFGS:  196 22:20:19     -259.638624        0.1873
BFGS:  197 22:46:55     -259.644980        0.2497
BFGS:  198 23:11:50     -259.649199        0.2369
BFGS:  199 23:36:58     -259.653937        0.1087
BFGS:  200 00:04:38     -259.657527        0.1455
BFGS:  201 00:26:13     -259.661088        0.1307
BFGS:  202 00:53:42     -259.664391        0.1481
BFGS:  203 01:12:34     -259.666867        0.1865
