      Step     Time          Energy         fmax
BFGS:    0 18:48:34     -299.071126       16.8259
BFGS:    1 21:25:39     -300.461113       15.5425
BFGS:    2 23:37:59     -301.621534       13.2003
BFGS:    3 01:42:39     -302.753293        9.8443
BFGS:    4 03:30:44     -303.614395        9.1155
BFGS:    5 04:33:12     -304.234921        7.8088
BFGS:    6 05:12:13     -304.729234        7.2575
BFGS:    7 05:51:15     -305.124163        6.6085
BFGS:    8 06:30:16     -305.455636        6.0753
BFGS:    9 07:04:52     -305.740274        5.6109
BFGS:   10 07:37:33     -305.987624        5.1422
BFGS:   11 08:12:02     -306.205153        4.6603
BFGS:   12 09:39:18     -306.396796        4.2315
BFGS:   13 11:03:10     -306.565698        3.7657
BFGS:   14 12:31:04     -306.714827        3.3858
BFGS:   15 14:01:47     -306.846323        2.9735
BFGS:   16 15:30:11     -306.962081        2.6983
BFGS:   17 16:59:16     -307.063405        2.2517
BFGS:   18 18:24:15     -307.152764        2.0747
BFGS:   19 19:52:40     -307.231367        1.6999
BFGS:   20 21:17:56     -307.299850        1.5156
BFGS:   21 22:41:27     -307.360577        1.2081
BFGS:   22 00:12:50     -307.412146        1.0560
BFGS:   23 01:33:38     -307.460406        0.8775
BFGS:   24 02:59:14     -307.500956        0.7210
BFGS:   25 04:20:55     -307.537917        0.5296
BFGS:   26 05:41:24     -307.572059        0.4600
BFGS:   27 06:57:32     -307.601290        0.4935
BFGS:   28 08:12:06     -307.629980        0.5143
BFGS:   29 09:26:10     -307.655999        0.5298
BFGS:   30 10:46:21     -307.680885        0.5408
BFGS:   31 12:04:50     -307.703610        0.5377
BFGS:   32 13:20:08     -307.727004        0.5256
BFGS:   33 14:35:07     -307.749474        0.5069
BFGS:   34 15:56:02     -307.769868        0.4864
BFGS:   35 17:11:55     -307.790687        0.4564
BFGS:   36 18:31:53     -307.811599        0.4596
BFGS:   37 19:53:28     -307.830311        0.4637
BFGS:   38 21:17:53     -307.848709        0.3939
BFGS:   39 22:41:01     -307.865292        0.4364
BFGS:   40 00:11:45     -307.883135        0.3622
BFGS:   41 01:10:06     -307.899842        0.4520
BFGS:   42 01:39:21     -307.916568        0.2874
BFGS:   43 02:11:14     -307.931762        0.3620
BFGS:   44 02:42:24     -307.946262        0.3966
BFGS:   45 03:12:30     -307.960227        0.2985
BFGS:   46 03:44:25     -307.973098        0.3325
BFGS:   47 04:15:31     -307.985469        0.2773
BFGS:   48 04:47:22     -307.995881        0.3337
BFGS:   49 05:18:38     -308.009264        0.3384
BFGS:   50 05:50:26     -308.019429        0.3332
BFGS:   51 06:53:52     -308.031985        0.3353
BFGS:   52 08:31:14     -308.042273        0.3265
BFGS:   53 10:08:27     -308.053179        0.3496
BFGS:   54 11:58:19     -308.065276        0.3956
BFGS:   55 13:40:20     -308.077306        0.3678
BFGS:   56 15:18:12     -308.089313        0.3766
BFGS:   57 16:53:53     -308.102922        0.3820
BFGS:   58 18:34:55     -308.113264        0.3885
BFGS:   59 20:24:23     -308.127576        0.4062
BFGS:   60 22:12:19     -308.144066        0.4569
BFGS:   61 00:02:12     -308.158150        0.4436
BFGS:   62 01:54:10     -308.180435        0.5826
BFGS:   63 03:42:51     -308.199593        0.5970
BFGS:   64 05:35:50     -308.222027        0.4721
BFGS:   65 07:27:52     -308.243266        0.4389
BFGS:   66 09:08:51     -308.264085        0.4123
BFGS:   67 10:46:12     -308.280980        0.4267
BFGS:   68 12:17:50     -308.295874        0.5191
BFGS:   69 13:48:13     -308.307919        0.6657
BFGS:   70 15:21:26     -308.324081        0.7211
BFGS:   71 16:58:37     -308.341383        0.7266
BFGS:   72 18:35:42     -308.363308        0.6431
BFGS:   73 20:34:31     -308.394805        0.4674
BFGS:   74 22:28:45     -308.427444        0.4406
BFGS:   75 00:09:04     -308.457970        0.4100
BFGS:   76 01:46:50     -308.486269        0.4039
BFGS:   77 03:19:22     -308.506312        0.3248
BFGS:   78 04:46:40     -308.522875        0.3297
BFGS:   79 06:14:54     -308.540937        0.5924
BFGS:   80 07:46:40     -308.553524        0.3462
BFGS:   81 09:15:53     -308.562460        0.3170
BFGS:   82 10:42:50     -308.573207        0.3147
BFGS:   83 12:10:35     -308.580325        0.3735
BFGS:   84 13:26:39     -308.589730        0.3951
BFGS:   85 14:51:06     -308.604930        0.3675
BFGS:   86 16:16:13     -308.612788        0.3392
BFGS:   87 17:37:42     -308.619118        0.2913
BFGS:   88 19:10:41     -308.626520        0.2458
BFGS:   89 20:32:09     -308.634020        0.3199
BFGS:   90 22:06:21     -308.642628        0.1684
BFGS:   91 23:21:35     -308.648954        0.2549
BFGS:   92 00:55:35     -308.656155        0.2282
BFGS:   93 02:25:21     -308.662518        0.2329
BFGS:   94 03:52:37     -308.669515        0.2830
BFGS:   95 05:22:04     -308.674646        0.2803
BFGS:   96 06:43:46     -308.680947        0.4318
BFGS:   97 08:10:41     -308.684997        0.4396
BFGS:   98 09:36:47     -308.690118        0.4273
BFGS:   99 10:58:36     -308.697079        0.2758
BFGS:  100 12:27:52     -308.702372        0.1819
BFGS:  101 13:45:18     -308.705265        0.1813
BFGS:  102 15:16:25     -308.709086        0.3503
BFGS:  103 16:42:35     -308.713303        0.1484
BFGS:  104 18:28:24     -308.718791        0.2128
BFGS:  105 19:54:53     -308.722307        0.2348
BFGS:  106 21:52:38     -308.731058        0.2617
BFGS:  107 23:31:20     -308.734641        0.1979
BFGS:  108 01:18:05     -308.738939        0.2455
BFGS:  109 02:36:54     -308.742498        0.4007
BFGS:  110 04:07:36     -308.746056        0.3341
BFGS:  111 05:30:01     -308.749785        0.2207
BFGS:  112 07:02:20     -308.751511        0.1473
BFGS:  113 08:23:14     -308.753515        0.1536
BFGS:  114 09:43:31     -308.757090        0.3551
BFGS:  115 11:28:23     -308.760629        0.5496
      Step     Time          Energy         fmax
BFGS:    0 12:34:51     -308.757090        0.3550
BFGS:    1 14:13:10     -308.760611        0.5516
BFGS:    2 15:24:26     -308.763451        0.4086
BFGS:    3 16:47:58     -308.769844        0.1334
BFGS:    4 17:56:31     -308.772151        0.1735
BFGS:    5 19:23:00     -308.774756        0.2410
BFGS:    6 20:40:57     -308.777088        0.1987
BFGS:    7 21:58:03     -308.778824        0.1434
BFGS:    8 23:16:12     -308.780226        0.1201
BFGS:    9 00:37:41     -308.781651        0.1053
BFGS:   10 01:47:42     -308.782730        0.0886
BFGS:   11 03:01:28     -308.783622        0.0616
BFGS:   12 04:41:34     -308.784248        0.1245
BFGS:   13 05:52:33     -308.785673        0.0927
BFGS:   14 07:00:13     -308.787478        0.1845
BFGS:   15 08:29:46     -308.790076        0.2409
BFGS:   16 10:03:25     -308.789644        0.2275
BFGS:   17 11:06:31     -308.791608        0.1870
BFGS:   18 12:36:16     -308.795463        0.0939
BFGS:   19 14:05:15     -308.797292        0.1158
BFGS:   20 15:35:20     -308.799167        0.1223
BFGS:   21 17:04:13     -308.800029        0.1356
BFGS:   22 18:15:55     -308.801511        0.1505
BFGS:   23 19:33:30     -308.803399        0.2077
BFGS:   24 21:05:36     -308.805557        0.1765
BFGS:   25 22:19:11     -308.807624        0.1141
BFGS:   26 23:49:12     -308.809933        0.2498
BFGS:   27 01:16:17     -308.810360        0.4318
BFGS:   28 02:20:48     -308.812494        0.3249
BFGS:   29 03:43:03     -308.814404        0.0963
BFGS:   30 04:58:50     -308.816674        0.1576
BFGS:   31 06:06:48     -308.817876        0.0865
BFGS:   32 07:40:06     -308.821197        0.1130
BFGS:   33 09:07:16     -308.821454        0.1497
BFGS:   34 10:07:09     -308.823175        0.1362
BFGS:   35 11:27:36     -308.825688        0.1121
BFGS:   36 12:36:07     -308.827228        0.0933
BFGS:   37 14:04:21     -308.830633        0.1928
BFGS:   38 15:38:39     -308.833934        0.2451
BFGS:   39 17:06:13     -308.835049        0.2437
BFGS:   40 18:46:13     -308.840559        0.1321
BFGS:   41 20:06:58     -308.842735        0.0968
BFGS:   42 21:36:28     -308.846191        0.1396
BFGS:   43 23:02:10     -308.848654        0.2147
BFGS:   44 00:33:01     -308.852961        0.2736
BFGS:   45 02:06:07     -308.855449        0.3586
BFGS:   46 03:31:35     -308.858481        0.5178
BFGS:   47 04:54:33     -308.863140        0.3614
BFGS:   48 06:32:00     -308.872261        0.2089
BFGS:   49 08:03:39     -308.876905        0.3316
BFGS:   50 09:33:20     -308.882724        0.3329
BFGS:   51 11:09:16     -308.887293        0.4152
BFGS:   52 12:44:30     -308.894021        0.3933
BFGS:   53 14:25:35     -308.898554        0.3812
BFGS:   54 16:08:44     -308.904991        0.3341
BFGS:   55 17:42:38     -308.910752        0.2769
BFGS:   56 19:22:45     -308.923865        0.5050
BFGS:   57 20:55:45     -308.939461        0.8387
BFGS:   58 22:40:35     -308.952923        0.6483
BFGS:   59 00:18:15     -308.966531        0.4543
BFGS:   60 01:51:09     -308.977624        0.2959
BFGS:   61 03:24:33     -308.989035        0.3442
BFGS:   62 05:02:05     -309.002856        0.4581
BFGS:   63 06:38:02     -309.021286        0.5452
BFGS:   64 08:09:49     -309.034210        0.5403
BFGS:   65 09:40:43     -309.054228        0.4680
BFGS:   66 11:15:34     -309.072976        0.4579
BFGS:   67 12:47:05     -309.092865        0.4476
BFGS:   68 14:22:37     -309.111267        0.4312
BFGS:   69 15:54:44     -309.128557        0.4390
BFGS:   70 17:28:24     -309.143784        0.4318
BFGS:   71 19:18:25     -309.156065        0.4187
BFGS:   72 20:49:39     -309.168399        0.3854
BFGS:   73 22:15:31     -309.180603        0.5357
BFGS:   74 23:46:46     -309.196230        0.5923
BFGS:   75 01:12:27     -309.214011        0.4595
BFGS:   76 02:52:10     -309.241432        0.3894
BFGS:   77 04:32:59     -309.262773        0.4502
BFGS:   78 06:08:39     -309.284410        0.4537
BFGS:   79 07:41:31     -309.306797        0.4065
BFGS:   80 09:14:43     -309.323273        0.3629
BFGS:   81 10:43:17     -309.343073        0.2994
BFGS:   82 12:14:26     -309.358180        0.3556
BFGS:   83 13:49:55     -309.377903        0.4959
BFGS:   84 15:23:36     -309.392431        0.5171
BFGS:   85 16:55:29     -309.406089        0.5237
BFGS:   86 18:24:25     -309.425868        0.6366
BFGS:   87 19:52:19     -309.445448        0.7474
BFGS:   88 21:24:41     -309.468954        0.8127
BFGS:   89 22:58:59     -309.490753        0.8711
BFGS:   90 00:28:32     -309.508693        0.9662
BFGS:   91 01:53:21     -309.535175        0.9779
BFGS:   92 03:21:14     -309.562652        0.9578
BFGS:   93 04:52:13     -309.588054        0.9664
BFGS:   94 06:12:58     -309.620957        1.1045
BFGS:   95 07:33:15     -309.648158        1.1953
BFGS:   96 08:59:22     -309.679354        1.2743
BFGS:   97 10:35:59     -309.721610        1.2446
BFGS:   98 12:05:44     -309.752774        1.2373
BFGS:   99 13:43:15     -309.797409        1.1195
BFGS:  100 15:11:47     -309.838462        1.0122
BFGS:  101 16:35:00     -309.879695        0.6536
BFGS:  102 18:01:22     -309.906495        0.5570
BFGS:  103 19:22:51     -309.924891        0.5234
BFGS:  104 20:46:04     -309.939122        0.5180
BFGS:  105 22:12:06     -309.950384        0.4870
      Step     Time          Energy         fmax
BFGS:    0 23:43:19     -309.963887        0.4721
BFGS:    1 00:08:19     -309.978939        0.3651
BFGS:    2 00:31:08     -309.987045        0.3173
BFGS:    3 00:56:02     -309.999144        0.2764
BFGS:    4 01:20:53     -310.010662        0.3243
BFGS:    5 01:44:21     -310.020766        0.3404
BFGS:    6 02:08:35     -310.030715        0.3722
BFGS:    7 02:29:52     -310.036860        0.3900
BFGS:    8 02:51:12     -310.041905        0.3615
BFGS:    9 03:16:07     -310.046836        0.2880
BFGS:   10 03:38:09     -310.050231        0.2322
BFGS:   11 04:02:28     -310.054474        0.2678
BFGS:   12 04:26:02     -310.058640        0.2563
BFGS:   13 04:49:38     -310.062403        0.2404
BFGS:   14 05:10:20     -310.066386        0.2100
BFGS:   15 05:36:07     -310.076211        0.2077
BFGS:   16 05:57:27     -310.079738        0.1720
BFGS:   17 06:21:37     -310.085097        0.2693
BFGS:   18 06:43:36     -310.087945        0.2229
BFGS:   19 07:07:49     -310.094216        0.2112
BFGS:   20 07:32:02     -310.099205        0.2252
BFGS:   21 07:51:11     -310.102646        0.2131
BFGS:   22 08:13:59     -310.107237        0.2002
BFGS:   23 08:36:33     -310.110271        0.1847
BFGS:   24 10:07:40     -310.114795        0.1894
BFGS:   25 11:34:36     -310.119621        0.1759
BFGS:   26 13:06:40     -310.123967        0.1493
BFGS:   27 14:17:54     -310.126743        0.1651
BFGS:   28 15:50:39     -310.134431        0.2603
      Step     Time          Energy         fmax
BFGS:    0 19:37:28     -310.138515        0.2124
BFGS:    1 20:51:53     -310.142131        0.1962
BFGS:    2 22:08:42     -310.145725        0.2473
BFGS:    3 23:41:27     -310.149168        0.1986
BFGS:    4 00:46:52     -310.150920        0.1953
BFGS:    5 02:15:12     -310.153068        0.1958
BFGS:    6 03:38:55     -310.154981        0.1750
BFGS:    7 04:39:02     -310.156919        0.1443
BFGS:    8 05:04:39     -310.158615        0.1102
BFGS:    9 05:28:34     -310.160828        0.1220
BFGS:   10 05:58:45     -310.164526        0.1597
BFGS:   11 06:25:19     -310.166360        0.1351
BFGS:   12 06:48:17     -310.168409        0.1362
BFGS:   13 07:13:59     -310.170511        0.2034
BFGS:   14 07:40:34     -310.172532        0.2296
BFGS:   15 08:13:28     -310.173753        0.2949
BFGS:   16 08:38:20     -310.175952        0.2746
BFGS:   17 09:07:41     -310.180226        0.1508
BFGS:   18 10:20:48     -310.181306        0.1590
BFGS:   19 11:24:00     -310.182999        0.1247
BFGS:   20 12:54:42     -310.184561        0.1975
BFGS:   21 13:58:49     -310.186244        0.1912
BFGS:   22 15:05:11     -310.188355        0.1700
BFGS:   23 16:17:57     -310.189489        0.1676
BFGS:   24 17:35:58     -310.190982        0.1546
BFGS:   25 18:36:24     -310.192492        0.1498
BFGS:   26 20:01:10     -310.196020        0.1658
BFGS:   27 21:05:45     -310.197565        0.1701
BFGS:   28 22:33:51     -310.199483        0.1191
BFGS:   29 23:45:51     -310.200857        0.1443
BFGS:   30 00:41:23     -310.201508        0.1574
BFGS:   31 01:38:03     -310.201965        0.1622
BFGS:   32 02:36:29     -310.202543        0.1524
BFGS:   33 03:40:26     -310.203400        0.1296
BFGS:   34 04:48:46     -310.204553        0.1084
BFGS:   35 06:00:37     -310.205859        0.1264
BFGS:   36 07:23:08     -310.207651        0.1347
BFGS:   37 08:38:37     -310.209161        0.1222
BFGS:   38 10:05:54     -310.210641        0.2125
BFGS:   39 11:17:45     -310.211997        0.1253
BFGS:   40 12:32:29     -310.212824        0.1137
BFGS:   41 13:39:38     -310.213878        0.1361
BFGS:   42 14:53:54     -310.214934        0.1484
BFGS:   43 16:23:01     -310.217383        0.1285
BFGS:   44 17:53:40     -310.219343        0.1422
BFGS:   45 19:23:47     -310.220778        0.1591
BFGS:   46 20:33:04     -310.222209        0.1706
BFGS:   47 21:57:56     -310.223653        0.1617
BFGS:   48 23:06:41     -310.225208        0.1487
BFGS:   49 00:24:56     -310.226459        0.1440
BFGS:   50 01:38:17     -310.228003        0.1416
BFGS:   51 02:49:31     -310.229422        0.1370
BFGS:   52 03:52:16     -310.230592        0.1368
BFGS:   53 05:15:37     -310.233092        0.1625
BFGS:   54 06:34:50     -310.233525        0.2144
BFGS:   55 07:48:09     -310.235128        0.1771
BFGS:   56 09:13:21     -310.235573        0.0798
BFGS:   57 10:21:40     -310.236918        0.0568
BFGS:   58 11:27:52     -310.237445        0.0624
BFGS:   59 12:38:30     -310.238741        0.0691
BFGS:   60 14:05:14     -310.239324        0.1282
BFGS:   61 15:11:00     -310.239943        0.1143
BFGS:   62 16:17:09     -310.240666        0.0882
BFGS:   63 17:18:12     -310.241268        0.1076
BFGS:   64 18:48:01     -310.242484        0.1366
BFGS:   65 20:03:00     -310.243046        0.1192
BFGS:   66 21:23:27     -310.243527        0.0809
BFGS:   67 22:19:28     -310.243818        0.0736
BFGS:   68 23:31:15     -310.244446        0.0704
BFGS:   69 00:50:07     -310.245036        0.0984
BFGS:   70 01:47:52     -310.245591        0.0950
BFGS:   71 02:54:38     -310.246230        0.1193
BFGS:   72 03:50:44     -310.246365        0.0891
BFGS:   73 04:48:38     -310.246587        0.0953
BFGS:   74 06:02:14     -310.246955        0.0848
BFGS:   75 07:01:14     -310.247138        0.0753
BFGS:   76 07:53:46     -310.247395        0.0716
BFGS:   77 08:51:27     -310.247662        0.0667
BFGS:   78 09:49:59     -310.247920        0.0655
BFGS:   79 10:59:09     -310.248281        0.0830
BFGS:   80 12:44:53     -310.246595        0.1711
BFGS:   81 14:09:56     -310.248675        0.1008
BFGS:   82 15:13:25     -310.248770        0.1060
BFGS:   83 16:19:36     -310.248853        0.1105
BFGS:   84 17:00:22     -310.248913        0.1116
BFGS:   85 17:51:36     -310.249081        0.1164
BFGS:   86 18:45:18     -310.249228        0.1144
BFGS:   87 19:41:54     -310.249458        0.0974
BFGS:   88 20:42:04     -310.249700        0.0817
BFGS:   89 21:53:35     -310.249921        0.0771
BFGS:   90 22:43:53     -310.250021        0.0774
BFGS:   91 23:33:37     -310.250133        0.0800
BFGS:   92 00:32:07     -310.250260        0.0839
BFGS:   93 01:22:27     -310.250342        0.0850
BFGS:   94 02:11:53     -310.250423        0.0810
BFGS:   95 02:56:50     -310.250467        0.0777
BFGS:   96 03:41:43     -310.250506        0.0718
BFGS:   97 04:32:08     -310.250578        0.0667
BFGS:   98 05:21:53     -310.250656        0.0641
BFGS:   99 06:19:33     -310.250768        0.0608
BFGS:  100 07:33:18     -310.250945        0.0619
BFGS:  101 09:03:23     -310.250879        0.0799
BFGS:  102 10:02:19     -310.251245        0.0718
BFGS:  103 11:07:00     -310.251552        0.0716
BFGS:  104 12:48:12     -310.251210        0.1170
BFGS:  105 14:19:52     -310.251956        0.0749
BFGS:  106 15:28:47     -310.252151        0.0767
BFGS:  107 16:36:28     -310.252220        0.0813
BFGS:  108 17:28:44     -310.252332        0.0783
BFGS:  109 18:36:41     -310.252549        0.0742
BFGS:  110 19:25:35     -310.252737        0.0778
BFGS:  111 20:33:29     -310.253296        0.0854
BFGS:  112 21:36:46     -310.253709        0.0910
BFGS:  113 22:30:44     -310.253907        0.0831
BFGS:  114 23:19:36     -310.253992        0.0683
BFGS:  115 23:51:43     -310.254014        0.0623
BFGS:  116 00:33:45     -310.254052        0.0558
BFGS:  117 01:14:31     -310.254111        0.0585
BFGS:  118 02:07:39     -310.254197        0.0628
BFGS:  119 02:29:09     -310.254311        0.0574
BFGS:  120 02:51:15     -310.254449        0.0484
