      Step     Time          Energy         fmax
BFGS:    0 18:51:46     -323.955646       12.7677
BFGS:    1 18:57:25     -325.395758       13.8160
BFGS:    2 19:03:32     -326.787405       13.0362
BFGS:    3 19:09:20     -327.870528       11.3874
BFGS:    4 19:14:54     -328.868198       10.7722
BFGS:    5 19:20:32     -329.559033        8.1459
BFGS:    6 19:26:26     -330.252981        7.9903
BFGS:    7 19:31:39     -330.772971        6.7895
BFGS:    8 19:36:45     -331.217259        6.1334
BFGS:    9 19:41:39     -331.585100        5.5381
BFGS:   10 19:47:08     -331.897955        5.0865
BFGS:   11 19:52:34     -332.169951        4.5913
BFGS:   12 19:58:14     -332.411754        4.2474
BFGS:   13 20:03:47     -332.626573        3.9213
BFGS:   14 20:08:39     -332.817099        3.6699
BFGS:   15 20:13:20     -332.984507        3.3674
BFGS:   16 20:17:49     -333.126644        3.0576
BFGS:   17 20:22:36     -333.247083        2.7479
BFGS:   18 20:27:07     -333.348522        2.4179
BFGS:   19 20:32:22     -333.439149        2.0933
BFGS:   20 20:37:00     -333.518232        1.8929
BFGS:   21 20:41:09     -333.588671        1.6143
BFGS:   22 20:45:39     -333.652638        1.4198
BFGS:   23 20:50:03     -333.709210        1.2153
BFGS:   24 20:54:11     -333.760836        1.1195
BFGS:   25 20:58:55     -333.804972        0.9918
BFGS:   26 21:03:11     -333.845591        0.8742
BFGS:   27 21:07:27     -333.880353        0.8726
BFGS:   28 21:11:57     -333.912656        0.7785
BFGS:   29 21:16:09     -333.942161        0.7894
BFGS:   30 21:20:32     -333.968984        0.8183
BFGS:   31 21:24:35     -333.996995        0.8623
BFGS:   32 21:28:42     -334.024158        0.8971
BFGS:   33 21:33:02     -334.050974        0.8963
BFGS:   34 21:37:19     -334.075860        0.9000
BFGS:   35 21:41:27     -334.102879        0.8822
BFGS:   36 21:45:50     -334.127158        0.9090
BFGS:   37 21:50:02     -334.153850        0.8053
BFGS:   38 21:54:27     -334.180033        0.5412
BFGS:   39 22:00:08     -334.196882        1.3785
BFGS:   40 22:06:07     -334.228390        0.9757
BFGS:   41 22:10:23     -334.252996        1.2604
BFGS:   42 22:14:44     -334.277729        1.4882
BFGS:   43 22:18:54     -334.303797        1.4872
BFGS:   44 22:23:12     -334.328180        1.3886
BFGS:   45 22:27:51     -334.350175        1.3182
BFGS:   46 22:32:39     -334.370483        1.0874
BFGS:   47 22:37:04     -334.390714        0.8519
BFGS:   48 22:41:35     -334.408066        0.7241
BFGS:   49 22:46:06     -334.424171        0.6472
BFGS:   50 22:50:30     -334.446486        0.5296
BFGS:   51 22:54:54     -334.467538        0.5950
BFGS:   52 22:59:04     -334.487398        0.6464
BFGS:   53 23:03:37     -334.514231        0.8317
BFGS:   54 23:07:48     -334.535343        0.8873
BFGS:   55 23:12:04     -334.569563        1.0005
BFGS:   56 23:16:28     -334.597818        1.0198
BFGS:   57 23:21:09     -334.625279        0.8864
BFGS:   58 23:25:44     -334.649384        0.6239
BFGS:   59 23:30:09     -334.676004        0.5840
BFGS:   60 23:34:30     -334.701972        0.5760
BFGS:   61 23:38:47     -334.732356        0.7033
BFGS:   62 23:43:11     -334.766286        0.7401
BFGS:   63 23:47:30     -334.796917        0.7199
BFGS:   64 23:51:46     -334.821296        0.6750
BFGS:   65 23:56:05     -334.848880        0.6245
BFGS:   66 00:00:12     -334.880051        0.6164
BFGS:   67 00:04:46     -334.904461        0.6384
BFGS:   68 00:09:02     -334.930191        0.6659
BFGS:   69 00:13:24     -334.965238        0.6488
BFGS:   70 00:17:54     -334.995595        0.6574
BFGS:   71 00:22:10     -335.029486        0.7512
BFGS:   72 00:26:33     -335.055910        0.8057
BFGS:   73 00:30:51     -335.093805        0.9054
BFGS:   74 00:35:09     -335.125282        0.8273
BFGS:   75 00:39:05     -335.157820        0.5738
BFGS:   76 00:43:23     -335.194286        0.4567
BFGS:   77 00:47:32     -335.217641        0.3795
BFGS:   78 00:51:40     -335.235682        0.5743
BFGS:   79 00:55:03     -335.251991        0.4872
BFGS:   80 00:59:07     -335.272781        0.3965
BFGS:   81 01:03:10     -335.285320        0.3556
BFGS:   82 01:06:40     -335.294800        0.2446
BFGS:   83 01:10:18     -335.301465        0.3061
BFGS:   84 01:13:57     -335.306976        0.2547
BFGS:   85 01:17:30     -335.311836        0.2036
BFGS:   86 01:21:01     -335.315604        0.2806
BFGS:   87 01:24:10     -335.318968        0.3430
BFGS:   88 01:27:40     -335.323635        0.3369
BFGS:   89 01:31:28     -335.329310        0.2739
BFGS:   90 01:35:29     -335.333576        0.1810
BFGS:   91 01:38:17     -335.336995        0.1610
BFGS:   92 01:42:02     -335.343395        0.1735
BFGS:   93 01:45:18     -335.346599        0.1776
BFGS:   94 01:49:21     -335.349516        0.1359
BFGS:   95 01:52:07     -335.351003        0.1001
BFGS:   96 01:55:16     -335.352576        0.0912
BFGS:   97 01:57:56     -335.353908        0.1280
BFGS:   98 02:01:17     -335.356223        0.1181
BFGS:   99 02:04:52     -335.357780        0.0777
BFGS:  100 02:08:32     -335.359324        0.0889
BFGS:  101 02:11:48     -335.360291        0.0924
BFGS:  102 02:15:04     -335.363003        0.0942
BFGS:  103 02:19:07     -335.363716        0.1805
BFGS:  104 02:22:07     -335.365623        0.1135
BFGS:  105 02:25:30     -335.367748        0.0976
BFGS:  106 02:29:02     -335.369013        0.1194
BFGS:  107 02:32:50     -335.370307        0.1134
BFGS:  108 02:36:12     -335.371470        0.1139
BFGS:  109 02:39:14     -335.372568        0.0836
BFGS:  110 02:42:30     -335.373564        0.0905
BFGS:  111 02:46:23     -335.374827        0.1480
BFGS:  112 02:49:08     -335.375708        0.1349
BFGS:  113 02:52:25     -335.376626        0.0599
BFGS:  114 02:55:24     -335.377071        0.0414
