      Step     Time          Energy         fmax
BFGS:    0 22:02:46     -301.756173       14.8675
BFGS:    1 22:09:50     -302.896954       11.9281
BFGS:    2 22:17:19     -303.746400        9.9718
BFGS:    3 22:22:50     -304.530962        8.2090
BFGS:    4 22:28:20     -305.167287        6.6696
BFGS:    5 22:34:10     -305.674746        5.5436
BFGS:    6 22:39:40     -306.088074        4.5476
BFGS:    7 22:45:13     -306.433868        3.7635
BFGS:    8 22:50:28     -306.722393        3.0970
BFGS:    9 22:55:23     -306.967927        2.5536
BFGS:   10 23:00:09     -307.177747        2.0599
BFGS:   11 23:05:09     -307.356060        1.6711
BFGS:   12 23:09:42     -307.508087        1.3616
BFGS:   13 23:14:33     -307.639260        1.1379
BFGS:   14 23:18:43     -307.752505        1.0293
BFGS:   15 23:23:31     -307.849910        0.9338
BFGS:   16 23:27:50     -307.935744        0.8449
BFGS:   17 23:32:34     -308.008479        0.7952
BFGS:   18 23:36:40     -308.074502        0.7791
BFGS:   19 23:40:43     -308.131973        0.7359
BFGS:   20 23:45:16     -308.184579        0.7108
BFGS:   21 23:49:33     -308.230417        0.7215
BFGS:   22 23:53:52     -308.272576        0.7493
BFGS:   23 23:58:27     -308.313002        0.7004
BFGS:   24 00:03:16     -308.350560        0.7679
BFGS:   25 00:08:21     -308.393381        0.7946
BFGS:   26 00:13:27     -308.436244        0.8148
BFGS:   27 00:18:10     -308.479406        1.0465
BFGS:   28 00:22:52     -308.528238        1.1364
BFGS:   29 00:27:40     -308.579240        1.2795
BFGS:   30 00:32:55     -308.633546        1.3532
BFGS:   31 00:37:57     -308.688279        1.5364
BFGS:   32 00:42:40     -308.746732        0.8725
BFGS:   33 00:47:26     -308.807991        0.9158
BFGS:   34 00:52:22     -308.869083        1.0988
BFGS:   35 00:57:06     -308.928830        1.1230
BFGS:   36 01:02:04     -308.986730        1.1825
BFGS:   37 01:06:39     -309.041549        1.1600
BFGS:   38 01:10:59     -309.093323        1.1326
BFGS:   39 01:15:24     -309.143751        1.1106
BFGS:   40 01:19:50     -309.190911        1.0656
BFGS:   41 01:24:06     -309.233291        0.9735
BFGS:   42 01:28:32     -309.274434        0.9174
BFGS:   43 01:33:09     -309.313705        0.9185
BFGS:   44 01:37:35     -309.351322        0.9473
BFGS:   45 01:41:47     -309.385055        0.9915
BFGS:   46 01:45:57     -309.421458        0.9505
BFGS:   47 01:50:08     -309.458956        0.8423
BFGS:   48 01:54:28     -309.491144        0.7736
BFGS:   49 01:58:35     -309.528435        0.6903
BFGS:   50 02:02:52     -309.568505        0.6210
BFGS:   51 02:06:35     -309.603275        0.7453
BFGS:   52 02:10:33     -309.639143        0.9989
BFGS:   53 02:14:25     -309.674239        1.1521
BFGS:   54 02:18:22     -309.707657        1.1859
BFGS:   55 02:22:35     -309.741916        1.2185
BFGS:   56 02:26:59     -309.772988        0.8401
BFGS:   57 02:31:05     -309.794731        0.4672
BFGS:   58 02:34:34     -309.805425        0.2602
BFGS:   59 02:37:50     -309.812327        0.2642
BFGS:   60 02:40:58     -309.818366        0.3058
BFGS:   61 02:44:52     -309.827174        0.2598
BFGS:   62 02:47:46     -309.832017        0.1906
BFGS:   63 02:51:37     -309.841674        0.1710
BFGS:   64 02:54:52     -309.844447        0.1926
BFGS:   65 02:58:44     -309.851736        0.1839
BFGS:   66 03:02:53     -309.859340        0.1447
BFGS:   67 03:06:28     -309.862850        0.1355
BFGS:   68 03:09:42     -309.864733        0.1266
BFGS:   69 03:12:51     -309.866898        0.0840
BFGS:   70 03:15:30     -309.868035        0.0962
BFGS:   71 03:19:13     -309.871211        0.1212
BFGS:   72 03:21:44     -309.872288        0.1119
BFGS:   73 03:25:00     -309.874801        0.1209
BFGS:   74 03:28:00     -309.876561        0.1327
BFGS:   75 03:31:47     -309.880157        0.1338
BFGS:   76 03:35:51     -309.883792        0.1080
BFGS:   77 03:39:26     -309.885070        0.1135
BFGS:   78 03:42:19     -309.886519        0.1057
BFGS:   79 03:45:03     -309.887852        0.0843
BFGS:   80 03:47:37     -309.889341        0.0750
BFGS:   81 03:51:19     -309.892641        0.1427
BFGS:   82 03:53:35     -309.893317        0.0926
BFGS:   83 03:56:30     -309.894635        0.1279
BFGS:   84 03:59:17     -309.896124        0.1503
BFGS:   85 04:02:24     -309.897466        0.1074
BFGS:   86 04:05:24     -309.898962        0.0959
BFGS:   87 04:09:06     -309.900169        0.4486
BFGS:   88 04:12:15     -309.901911        0.1549
BFGS:   89 04:15:01     -309.903532        0.1435
BFGS:   90 04:18:39     -309.907274        0.1988
BFGS:   91 04:22:10     -309.910023        0.2116
BFGS:   92 04:25:53     -309.913874        0.3154
BFGS:   93 04:28:53     -309.916363        0.1172
BFGS:   94 04:32:11     -309.918413        0.1105
BFGS:   95 04:35:47     -309.917635        0.4381
BFGS:   96 04:39:00     -309.920767        0.1416
BFGS:   97 04:41:25     -309.921768        0.1111
BFGS:   98 04:44:45     -309.923934        0.1228
BFGS:   99 04:47:24     -309.925031        0.1249
BFGS:  100 04:50:18     -309.926038        0.0714
BFGS:  101 04:52:57     -309.926959        0.0884
BFGS:  102 04:55:49     -309.928238        0.1123
BFGS:  103 04:58:57     -309.929727        0.1320
BFGS:  104 05:01:47     -309.930903        0.1520
BFGS:  105 05:04:38     -309.932366        0.1423
BFGS:  106 05:07:41     -309.933456        0.0651
BFGS:  107 05:10:04     -309.934023        0.0607
BFGS:  108 05:12:43     -309.934658        0.0505
BFGS:  109 05:15:52     -309.935216        0.0622
BFGS:  110 05:19:06     -309.935516        0.1076
BFGS:  111 05:21:25     -309.936126        0.0648
BFGS:  112 05:24:05     -309.936959        0.0646
BFGS:  113 05:26:44     -309.938061        0.0693
BFGS:  114 05:29:10     -309.938373        0.0554
BFGS:  115 05:31:56     -309.938720        0.0510
BFGS:  116 05:34:48     -309.939254        0.1231
BFGS:  117 05:37:23     -309.939523        0.0889
BFGS:  118 05:39:47     -309.939891        0.0399
