      Step     Time          Energy         fmax
BFGS:    0 11:33:50     -272.758178       21.1470
BFGS:    1 11:41:22     -274.375471       13.6014
BFGS:    2 11:47:01     -275.548004       11.3293
BFGS:    3 11:52:35     -276.577434        9.9394
BFGS:    4 11:59:22     -277.425297        8.8077
BFGS:    5 12:06:22     -278.170622        7.8259
BFGS:    6 12:13:38     -278.810623        6.8124
BFGS:    7 12:21:15     -279.373522        5.9242
BFGS:    8 12:28:55     -279.865381        5.0326
BFGS:    9 12:36:07     -280.283463        4.3912
BFGS:   10 12:42:55     -280.646421        3.8100
BFGS:   11 12:49:12     -280.963435        3.2840
BFGS:   12 12:55:10     -281.239535        2.8386
BFGS:   13 13:00:42     -281.478811        2.4499
BFGS:   14 13:06:14     -281.689000        2.1192
BFGS:   15 13:10:47     -281.873769        1.8001
BFGS:   16 13:15:48     -282.037024        1.5188
BFGS:   17 13:20:32     -282.179019        1.2860
BFGS:   18 13:25:30     -282.304977        1.0450
BFGS:   19 13:30:24     -282.414171        0.8923
BFGS:   20 13:35:02     -282.508542        0.7466
BFGS:   21 13:39:48     -282.588363        0.7099
BFGS:   22 13:44:11     -282.656794        0.6080
BFGS:   23 13:48:59     -282.711952        0.5844
BFGS:   24 13:53:30     -282.758978        0.5340
BFGS:   25 13:58:02     -282.793606        0.4777
BFGS:   26 14:02:38     -282.820183        0.4621
BFGS:   27 14:06:35     -282.839876        0.5097
BFGS:   28 14:10:45     -282.857582        0.5306
BFGS:   29 14:15:10     -282.871862        0.5686
BFGS:   30 14:19:27     -282.889696        0.5063
BFGS:   31 14:23:46     -282.909538        0.5313
BFGS:   32 14:28:32     -282.927111        0.4634
BFGS:   33 14:33:23     -282.948383        0.4459
BFGS:   34 14:37:54     -282.967334        0.3192
BFGS:   35 14:42:34     -282.984522        0.2915
BFGS:   36 14:47:11     -283.001659        0.2865
BFGS:   37 14:52:21     -283.013904        0.2807
BFGS:   38 14:57:33     -283.023392        0.2524
BFGS:   39 15:02:21     -283.028270        0.2260
BFGS:   40 15:06:18     -283.035453        0.1997
BFGS:   41 15:10:57     -283.050397        0.4673
BFGS:   42 15:15:35     -283.062941        0.2573
BFGS:   43 15:20:44     -283.076259        0.4019
BFGS:   44 15:25:56     -283.091974        0.3508
BFGS:   45 15:31:25     -283.107148        0.5422
BFGS:   46 15:36:24     -283.119955        0.6790
BFGS:   47 15:40:53     -283.134140        0.7501
BFGS:   48 15:45:51     -283.149907        0.7921
BFGS:   49 15:50:37     -283.164130        0.8487
BFGS:   50 15:55:17     -283.179909        0.9335
BFGS:   51 16:00:30     -283.197041        0.9521
BFGS:   52 16:05:02     -283.216493        0.8607
BFGS:   53 16:09:42     -283.230720        0.8456
BFGS:   54 16:14:14     -283.245395        0.8414
BFGS:   55 16:18:58     -283.264325        0.6992
BFGS:   56 16:23:36     -283.276951        0.6391
BFGS:   57 16:28:48     -283.293599        0.4590
BFGS:   58 16:33:33     -283.309014        0.3872
BFGS:   59 16:38:47     -283.331453        0.3663
BFGS:   60 16:43:55     -283.349351        0.4450
BFGS:   61 16:49:41     -283.373181        0.4891
BFGS:   62 16:54:53     -283.393047        0.4169
BFGS:   63 17:00:24     -283.417857        0.4615
BFGS:   64 17:05:44     -283.434783        0.5997
BFGS:   65 17:10:50     -283.453706        0.6996
BFGS:   66 17:16:10     -283.475883        0.7084
BFGS:   67 17:21:10     -283.501926        0.6767
BFGS:   68 17:26:28     -283.525208        0.6144
BFGS:   69 17:31:50     -283.554595        0.5211
BFGS:   70 17:36:59     -283.579398        0.6939
BFGS:   71 17:41:34     -283.596721        0.7344
BFGS:   72 17:46:31     -283.626768        0.5593
BFGS:   73 17:51:12     -283.644978        0.6497
BFGS:   74 17:55:43     -283.668555        0.6177
BFGS:   75 18:00:32     -283.686316        0.5675
BFGS:   76 18:05:09     -283.710939        0.6186
BFGS:   77 18:09:27     -283.727853        0.6157
BFGS:   78 18:13:58     -283.756008        0.6980
BFGS:   79 18:18:30     -283.781502        0.7915
BFGS:   80 18:23:08     -283.809315        0.8256
BFGS:   81 18:27:27     -283.843902        1.0130
BFGS:   82 18:31:57     -283.879526        1.0106
BFGS:   83 18:36:44     -283.916390        1.0849
BFGS:   84 18:41:38     -283.959244        1.1004
BFGS:   85 18:46:15     -283.998881        0.9984
BFGS:   86 18:50:39     -284.034082        0.9133
BFGS:   87 18:55:13     -284.066899        0.7123
BFGS:   88 18:59:52     -284.097199        0.5067
BFGS:   89 19:04:09     -284.124351        0.3640
BFGS:   90 19:08:40     -284.144523        0.4165
BFGS:   91 19:12:43     -284.158803        0.4663
BFGS:   92 19:17:35     -284.176375        0.3835
BFGS:   93 19:21:24     -284.194532        0.4102
BFGS:   94 19:25:15     -284.211422        0.3847
BFGS:   95 19:29:46     -284.228285        0.3157
BFGS:   96 19:33:56     -284.240862        0.3080
BFGS:   97 19:38:42     -284.255862        0.3028
BFGS:   98 19:42:32     -284.267112        0.1959
BFGS:   99 19:46:44     -284.275092        0.2201
BFGS:  100 19:50:33     -284.280754        0.2362
BFGS:  101 19:54:51     -284.286954        0.3442
BFGS:  102 19:58:04     -284.291871        0.2402
BFGS:  103 20:02:37     -284.294261        0.2358
BFGS:  104 20:06:31     -284.297927        0.1665
BFGS:  105 20:09:43     -284.299949        0.1390
BFGS:  106 20:13:37     -284.303797        0.1087
BFGS:  107 20:17:27     -284.308337        0.1400
BFGS:  108 20:21:24     -284.311892        0.1355
BFGS:  109 20:25:07     -284.316106        0.1089
BFGS:  110 20:29:50     -284.318492        0.1187
BFGS:  111 20:32:59     -284.320024        0.1422
BFGS:  112 20:36:49     -284.322480        0.1814
BFGS:  113 20:40:37     -284.322874        0.0798
BFGS:  114 20:43:43     -284.324026        0.0667
BFGS:  115 20:47:14     -284.325124        0.1064
BFGS:  116 20:49:45     -284.325854        0.0827
BFGS:  117 20:53:25     -284.327966        0.1049
BFGS:  118 20:56:36     -284.329180        0.1316
BFGS:  119 21:00:59     -284.329956        0.2325
BFGS:  120 21:04:45     -284.331798        0.1698
BFGS:  121 21:07:28     -284.332891        0.1235
BFGS:  122 21:11:46     -284.334988        0.1766
BFGS:  123 21:14:45     -284.336373        0.1346
BFGS:  124 21:18:23     -284.337726        0.0727
BFGS:  125 21:21:16     -284.338362        0.1175
BFGS:  126 21:24:58     -284.337546        0.1456
BFGS:  127 21:28:31     -284.339356        0.0992
BFGS:  128 21:31:39     -284.339787        0.0836
BFGS:  129 21:34:11     -284.340280        0.0583
BFGS:  130 21:37:37     -284.341212        0.0811
BFGS:  131 21:40:00     -284.341644        0.0768
BFGS:  132 21:43:20     -284.342456        0.0610
BFGS:  133 21:45:36     -284.342765        0.0492
