      Step     Time          Energy         fmax
BFGS:    0 12:38:06     -313.811494       19.4928
BFGS:    1 12:44:44     -315.404491       16.9146
BFGS:    2 12:50:48     -317.079823       15.4927
BFGS:    3 12:55:41     -318.305485       13.0585
BFGS:    4 13:00:31     -319.356864       12.5471
BFGS:    5 13:05:05     -320.165397       11.0267
BFGS:    6 13:09:29     -320.869654       10.6704
BFGS:    7 13:13:49     -321.466220        9.9160
BFGS:    8 13:18:02     -321.993244        9.5205
BFGS:    9 13:22:12     -322.463295        9.0984
BFGS:   10 13:26:22     -322.891993        8.6109
BFGS:   11 13:30:39     -323.285446        8.1373
BFGS:   12 13:35:04     -323.644634        7.6434
BFGS:   13 13:39:31     -323.975898        7.0540
BFGS:   14 13:44:02     -324.278627        6.4790
BFGS:   15 13:48:46     -324.554871        5.8727
BFGS:   16 13:53:38     -324.806456        5.2973
BFGS:   17 13:58:38     -325.034337        4.6727
BFGS:   18 14:03:10     -325.240296        4.1596
BFGS:   19 14:07:49     -325.421706        3.6505
BFGS:   20 14:12:40     -325.585191        3.1092
BFGS:   21 14:17:01     -325.731149        2.6788
BFGS:   22 14:21:17     -325.860205        2.2811
BFGS:   23 14:25:41     -325.972761        1.9152
BFGS:   24 14:29:35     -326.074513        1.6558
BFGS:   25 14:34:09     -326.161711        1.3300
BFGS:   26 14:38:01     -326.240783        1.1415
BFGS:   27 14:41:56     -326.308928        0.9544
BFGS:   28 14:46:04     -326.371510        0.9016
BFGS:   29 14:50:16     -326.425119        0.9409
BFGS:   30 14:54:03     -326.474509        0.9019
BFGS:   31 14:57:41     -326.517785        0.9086
BFGS:   32 15:01:20     -326.557785        0.8889
BFGS:   33 15:05:06     -326.594050        0.8850
BFGS:   34 15:08:30     -326.626452        0.8521
BFGS:   35 15:12:01     -326.656125        0.8249
BFGS:   36 15:15:55     -326.683844        0.7864
BFGS:   37 15:19:27     -326.710018        0.7477
BFGS:   38 15:22:54     -326.732178        0.7579
BFGS:   39 15:26:34     -326.754226        0.6916
BFGS:   40 15:29:59     -326.773958        0.6702
BFGS:   41 15:33:25     -326.791299        0.6618
BFGS:   42 15:36:55     -326.807674        0.6091
BFGS:   43 15:40:37     -326.823670        0.5785
BFGS:   44 15:44:01     -326.838214        0.5509
BFGS:   45 15:47:31     -326.851927        0.5235
BFGS:   46 15:51:02     -326.864484        0.4587
BFGS:   47 15:54:27     -326.876649        0.4910
BFGS:   48 15:57:56     -326.886828        0.3819
BFGS:   49 16:01:29     -326.896894        0.4195
BFGS:   50 16:05:01     -326.907316        0.3640
BFGS:   51 16:08:28     -326.915114        0.3454
BFGS:   52 16:12:12     -326.924978        0.3666
BFGS:   53 16:16:01     -326.934394        0.3079
BFGS:   54 16:19:33     -326.941263        0.3034
BFGS:   55 16:23:19     -326.950190        0.3273
BFGS:   56 16:26:57     -326.956861        0.2936
BFGS:   57 16:30:38     -326.968861        0.5986
BFGS:   58 16:34:23     -326.982075        0.7156
BFGS:   59 16:38:30     -326.995063        0.6778
BFGS:   60 16:42:36     -327.006731        0.5986
BFGS:   61 16:46:56     -327.019322        0.3954
BFGS:   62 16:50:56     -327.030255        0.2112
BFGS:   63 16:55:04     -327.038955        0.2631
BFGS:   64 16:59:28     -327.048310        0.5559
BFGS:   65 17:03:54     -327.055999        0.5898
BFGS:   66 17:08:17     -327.066325        0.3169
BFGS:   67 17:12:32     -327.073732        0.3443
BFGS:   68 17:16:04     -327.075904        0.4210
BFGS:   69 17:20:07     -327.077701        0.3509
BFGS:   70 17:23:08     -327.080249        0.2100
BFGS:   71 17:27:00     -327.083540        0.3364
BFGS:   72 17:30:37     -327.086678        0.4773
BFGS:   73 17:35:18     -327.089105        0.6883
BFGS:   74 17:38:41     -327.091517        0.3854
BFGS:   75 17:43:04     -327.093611        0.3543
BFGS:   76 17:47:11     -327.095331        0.3762
BFGS:   77 17:51:24     -327.097422        0.2882
BFGS:   78 17:56:17     -327.096657        0.4199
BFGS:   79 18:00:26     -327.099077        0.1416
BFGS:   80 18:03:12     -327.099799        0.1553
BFGS:   81 18:07:16     -327.102230        0.1337
BFGS:   82 18:10:23     -327.103481        0.1079
BFGS:   83 18:13:48     -327.105257        0.1047
BFGS:   84 18:18:19     -327.109145        0.4183
BFGS:   85 18:22:53     -327.111546        0.6852
BFGS:   86 18:27:02     -327.114198        0.6301
BFGS:   87 18:30:33     -327.116694        0.2001
BFGS:   88 18:34:20     -327.118535        0.1614
BFGS:   89 18:37:46     -327.120295        0.2132
BFGS:   90 18:42:24     -327.122246        0.2587
BFGS:   91 18:45:57     -327.124058        0.1553
BFGS:   92 18:50:26     -327.126641        0.1475
BFGS:   93 18:53:46     -327.128251        0.1604
BFGS:   94 18:57:39     -327.129355        0.3962
BFGS:   95 19:00:55     -327.131194        0.2052
BFGS:   96 19:05:02     -327.131616        0.4521
BFGS:   97 19:08:29     -327.134253        0.2024
BFGS:   98 19:12:07     -327.136334        0.1213
BFGS:   99 19:16:27     -327.139011        0.1789
BFGS:  100 19:19:21     -327.140612        0.1683
BFGS:  101 19:22:54     -327.143758        0.1197
BFGS:  102 19:26:28     -327.145602        0.1005
BFGS:  103 19:29:31     -327.147599        0.1058
BFGS:  104 19:33:46     -327.152600        0.1608
BFGS:  105 19:37:54     -327.155076        0.2828
BFGS:  106 19:42:11     -327.157749        0.2264
BFGS:  107 19:46:36     -327.159342        0.2034
BFGS:  108 19:50:46     -327.163484        0.2107
BFGS:  109 19:54:55     -327.168615        0.2078
BFGS:  110 19:59:06     -327.173193        0.1915
BFGS:  111 20:03:16     -327.178359        0.2539
BFGS:  112 20:07:53     -327.185422        0.3052
BFGS:  113 20:12:26     -327.191704        0.1653
BFGS:  114 20:16:48     -327.196049        0.1843
BFGS:  115 20:20:57     -327.198976        0.2375
BFGS:  116 20:25:40     -327.206685        0.2431
BFGS:  117 20:30:07     -327.211094        0.3540
BFGS:  118 20:33:47     -327.219124        0.3865
BFGS:  119 20:38:19     -327.228436        0.4461
BFGS:  120 20:42:35     -327.237772        0.4732
BFGS:  121 20:47:04     -327.247524        0.4082
BFGS:  122 20:51:05     -327.254399        0.4729
BFGS:  123 20:55:07     -327.260647        0.4683
BFGS:  124 20:59:09     -327.270132        0.5563
BFGS:  125 21:03:20     -327.280097        0.5467
BFGS:  126 21:07:28     -327.286850        0.5601
BFGS:  127 21:11:32     -327.298158        0.4727
BFGS:  128 21:15:52     -327.307093        0.4188
BFGS:  129 21:19:52     -327.329331        0.5593
BFGS:  130 21:23:53     -327.346873        0.6960
BFGS:  131 21:28:16     -327.357861        0.7538
BFGS:  132 21:32:24     -327.369569        0.7194
BFGS:  133 21:36:40     -327.379456        0.5823
BFGS:  134 21:41:32     -327.392330        0.2673
BFGS:  135 21:46:34     -327.397662        0.1854
BFGS:  136 21:50:08     -327.402035        0.5356
BFGS:  137 21:52:55     -327.405084        0.4373
BFGS:  138 21:56:31     -327.411207        0.1539
BFGS:  139 21:59:48     -327.414519        0.1273
BFGS:  140 22:03:53     -327.421821        0.2628
BFGS:  141 22:07:32     -327.425259        0.3114
BFGS:  142 22:11:24     -327.429691        0.1527
BFGS:  143 22:15:56     -327.433138        0.2635
BFGS:  144 22:18:58     -327.436807        0.3387
BFGS:  145 22:23:23     -327.443515        0.2814
BFGS:  146 22:26:44     -327.445986        0.0997
BFGS:  147 22:30:38     -327.448067        0.1575
BFGS:  148 22:34:16     -327.450833        0.4405
BFGS:  149 22:37:34     -327.453457        0.3424
BFGS:  150 22:41:42     -327.458781        0.1310
BFGS:  151 22:46:07     -327.461002        0.2528
BFGS:  152 22:49:44     -327.463396        0.2315
BFGS:  153 22:54:04     -327.468244        0.1414
BFGS:  154 22:57:04     -327.470704        0.1117
BFGS:  155 23:01:35     -327.477714        0.1080
BFGS:  156 23:05:58     -327.481088        0.1101
BFGS:  157 23:09:34     -327.482816        0.1092
BFGS:  158 23:13:17     -327.484672        0.1348
BFGS:  159 23:16:57     -327.486853        0.1351
BFGS:  160 23:20:44     -327.489695        0.1024
BFGS:  161 23:25:03     -327.494337        0.1532
BFGS:  162 23:28:13     -327.496799        0.1324
BFGS:  163 23:32:08     -327.501260        0.1170
BFGS:  164 23:36:01     -327.504997        0.1425
BFGS:  165 23:40:19     -327.507745        0.1514
BFGS:  166 23:44:13     -327.511228        0.1495
BFGS:  167 23:48:19     -327.514270        0.1982
BFGS:  168 23:52:06     -327.517829        0.2243
BFGS:  169 23:55:56     -327.519424        0.1989
BFGS:  170 23:58:58     -327.522568        0.1766
BFGS:  171 00:03:16     -327.526772        0.0831
BFGS:  172 00:06:17     -327.528073        0.0715
BFGS:  173 00:10:11     -327.531182        0.0847
BFGS:  174 00:14:45     -327.533757        0.1096
BFGS:  175 00:18:58     -327.537259        0.1350
BFGS:  176 00:23:13     -327.537598        0.1474
BFGS:  177 00:26:31     -327.541007        0.1393
BFGS:  178 00:30:49     -327.544215        0.1056
BFGS:  179 00:34:22     -327.546830        0.0798
BFGS:  180 00:38:01     -327.548347        0.0841
BFGS:  181 00:41:33     -327.549189        0.0747
BFGS:  182 00:44:37     -327.549898        0.0673
BFGS:  183 00:48:20     -327.550903        0.0800
BFGS:  184 00:52:34     -327.552535        0.1135
BFGS:  185 00:57:06     -327.554922        0.1382
BFGS:  186 01:02:26     -327.557663        0.1949
BFGS:  187 01:05:42     -327.559122        0.1433
BFGS:  188 01:11:13     -327.562456        0.1155
BFGS:  189 01:14:31     -327.563125        0.0810
BFGS:  190 01:18:11     -327.564427        0.0816
BFGS:  191 01:21:19     -327.564986        0.1011
BFGS:  192 01:24:21     -327.565646        0.1057
BFGS:  193 01:28:09     -327.566583        0.0683
BFGS:  194 01:32:26     -327.568313        0.1163
BFGS:  195 01:37:49     -327.569414        0.1856
BFGS:  196 01:41:13     -327.570670        0.1127
BFGS:  197 01:45:01     -327.572238        0.1167
BFGS:  198 01:47:43     -327.573200        0.1003
BFGS:  199 01:51:16     -327.575003        0.1284
BFGS:  200 01:54:54     -327.576842        0.1654
BFGS:  201 01:58:57     -327.577836        0.1242
BFGS:  202 02:01:34     -327.578288        0.0460
