      Step     Time          Energy         fmax
BFGS:    0 22:07:09     -342.464196       17.5338
BFGS:    1 22:13:54     -343.672183       12.2145
BFGS:    2 22:19:24     -344.647898       10.1546
BFGS:    3 22:25:47     -345.520318        8.3534
BFGS:    4 22:32:54     -346.346921        6.9089
BFGS:    5 22:39:56     -347.074401        5.7780
BFGS:    6 22:46:16     -347.685084        5.0016
BFGS:    7 22:52:31     -348.215600        4.3891
BFGS:    8 22:58:56     -348.683268        3.8703
BFGS:    9 23:04:15     -349.103092        3.3982
BFGS:   10 23:09:45     -349.478279        2.9613
BFGS:   11 23:14:55     -349.813521        2.6581
BFGS:   12 23:19:57     -350.116317        2.2928
BFGS:   13 23:25:32     -350.391470        2.0440
BFGS:   14 23:30:09     -350.639931        1.7433
BFGS:   15 23:34:44     -350.851357        1.5023
BFGS:   16 23:39:31     -351.037050        1.3172
BFGS:   17 23:44:17     -351.195383        1.1830
BFGS:   18 23:49:01     -351.331991        0.9919
BFGS:   19 23:53:43     -351.451754        0.9044
BFGS:   20 23:58:09     -351.555629        0.8001
BFGS:   21 00:02:54     -351.646754        0.7152
BFGS:   22 00:07:40     -351.725294        0.5882
BFGS:   23 00:12:15     -351.793429        0.5315
BFGS:   24 00:17:05     -351.854511        0.5122
BFGS:   25 00:21:35     -351.905884        0.4684
BFGS:   26 00:26:34     -351.951319        0.3968
BFGS:   27 00:31:12     -351.991004        0.4228
BFGS:   28 00:35:39     -352.024542        0.4554
BFGS:   29 00:40:24     -352.053702        0.4788
BFGS:   30 00:44:46     -352.080502        0.4938
BFGS:   31 00:49:30     -352.103973        0.5035
BFGS:   32 00:54:14     -352.123923        0.5112
BFGS:   33 00:58:27     -352.145862        0.5032
BFGS:   34 01:02:50     -352.163635        0.4956
BFGS:   35 01:07:10     -352.181090        0.4837
BFGS:   36 01:11:22     -352.197581        0.4660
BFGS:   37 01:15:54     -352.212668        0.4789
BFGS:   38 01:20:22     -352.234438        0.4774
BFGS:   39 01:25:08     -352.253515        0.5019
BFGS:   40 01:29:38     -352.278968        0.4849
BFGS:   41 01:34:11     -352.305164        0.3624
BFGS:   42 01:38:10     -352.326098        0.3346
BFGS:   43 01:42:22     -352.344088        0.3486
BFGS:   44 01:46:53     -352.361234        0.3402
BFGS:   45 01:51:39     -352.376809        0.4942
BFGS:   46 01:55:58     -352.389644        0.5970
BFGS:   47 02:00:28     -352.412285        0.6448
BFGS:   48 02:04:44     -352.439638        0.6153
BFGS:   49 02:09:30     -352.468687        0.5593
BFGS:   50 02:14:13     -352.494156        0.5274
BFGS:   51 02:19:02     -352.515916        0.4136
BFGS:   52 02:23:52     -352.536846        0.3969
BFGS:   53 02:28:07     -352.552699        0.4252
BFGS:   54 02:32:35     -352.567663        0.4480
BFGS:   55 02:37:14     -352.584070        0.5061
BFGS:   56 02:41:51     -352.603632        0.5526
BFGS:   57 02:46:28     -352.622591        0.5913
BFGS:   58 02:51:14     -352.642067        0.6176
BFGS:   59 02:55:58     -352.660946        0.7027
BFGS:   60 03:00:18     -352.690705        0.6393
BFGS:   61 03:04:32     -352.721686        0.6215
BFGS:   62 03:09:15     -352.747125        0.5959
BFGS:   63 03:13:53     -352.782890        0.5754
BFGS:   64 03:18:20     -352.815945        0.5700
BFGS:   65 03:22:47     -352.853015        0.5296
BFGS:   66 03:27:31     -352.882743        0.5001
BFGS:   67 03:31:36     -352.914953        0.5147
BFGS:   68 03:35:41     -352.944684        0.5428
BFGS:   69 03:40:03     -352.971422        0.5637
BFGS:   70 03:44:06     -352.998003        0.5764
BFGS:   71 03:48:05     -353.023371        0.5615
BFGS:   72 03:52:14     -353.049445        0.5777
BFGS:   73 03:56:55     -353.073711        0.5592
BFGS:   74 04:00:51     -353.099459        0.5587
BFGS:   75 04:05:02     -353.124452        0.5001
BFGS:   76 04:09:12     -353.150506        0.4898
BFGS:   77 04:13:28     -353.174424        0.5033
BFGS:   78 04:17:26     -353.200320        0.5371
BFGS:   79 04:21:40     -353.227044        0.5718
BFGS:   80 04:26:15     -353.255170        0.6014
BFGS:   81 04:30:38     -353.280133        0.6346
BFGS:   82 04:34:58     -353.310256        0.6545
BFGS:   83 04:39:22     -353.341562        0.6723
BFGS:   84 04:43:56     -353.370102        0.6877
BFGS:   85 04:48:29     -353.406868        0.6736
BFGS:   86 04:52:55     -353.443130        0.6448
BFGS:   87 04:57:29     -353.482825        0.5693
BFGS:   88 05:02:14     -353.524011        0.4639
BFGS:   89 05:06:52     -353.559435        0.3878
BFGS:   90 05:11:35     -353.593007        0.4167
BFGS:   91 05:16:06     -353.619570        0.4421
BFGS:   92 05:20:42     -353.641219        0.4976
BFGS:   93 05:25:11     -353.659039        0.4334
BFGS:   94 05:28:59     -353.672958        0.2809
BFGS:   95 05:32:46     -353.681993        0.3193
BFGS:   96 05:37:07     -353.693279        0.3075
BFGS:   97 05:41:36     -353.705413        0.2255
BFGS:   98 05:46:21     -353.716747        0.2176
BFGS:   99 05:50:49     -353.727165        0.2815
BFGS:  100 05:54:56     -353.734983        0.3118
BFGS:  101 05:59:00     -353.745479        0.2717
BFGS:  102 06:02:21     -353.752005        0.1380
BFGS:  103 06:06:35     -353.758664        0.1827
BFGS:  104 06:09:28     -353.762604        0.1737
BFGS:  105 06:13:48     -353.770114        0.4050
BFGS:  106 06:17:15     -353.774290        0.2588
BFGS:  107 06:21:22     -353.780350        0.1223
BFGS:  108 06:25:07     -353.783108        0.1203
BFGS:  109 06:28:33     -353.785637        0.1358
BFGS:  110 06:32:16     -353.787805        0.1395
BFGS:  111 06:35:53     -353.790456        0.1378
BFGS:  112 06:39:28     -353.793640        0.1569
BFGS:  113 06:42:49     -353.796974        0.1617
BFGS:  114 06:46:21     -353.801148        0.1288
BFGS:  115 06:50:45     -353.805273        0.2111
BFGS:  116 06:54:15     -353.808673        0.1119
BFGS:  117 06:57:35     -353.810873        0.0939
BFGS:  118 07:00:45     -353.812247        0.0798
BFGS:  119 07:04:29     -353.814061        0.0923
BFGS:  120 07:07:36     -353.815712        0.0916
BFGS:  121 07:11:04     -353.817975        0.1186
BFGS:  122 07:14:19     -353.819448        0.0955
BFGS:  123 07:17:47     -353.820677        0.0734
BFGS:  124 07:20:33     -353.821544        0.0616
BFGS:  125 07:24:26     -353.823165        0.1074
BFGS:  126 07:28:29     -353.823899        0.1866
BFGS:  127 07:31:26     -353.825414        0.1158
BFGS:  128 07:35:23     -353.826578        0.1323
BFGS:  129 07:38:20     -353.827517        0.0611
BFGS:  130 07:41:32     -353.828714        0.0434
