      Step     Time          Energy         fmax
BFGS:    0 09:40:13     -306.634997        8.6888
BFGS:    1 16:30:31     -307.204316        5.6126
BFGS:    2 19:58:12     -307.563070        3.9517
BFGS:    3 22:33:17     -307.817275        2.7084
BFGS:    4 01:09:39     -307.996992        1.7803
BFGS:    5 04:37:44     -308.118052        1.1520
BFGS:    6 08:41:40     -308.197098        0.7592
BFGS:    7 13:51:10     -308.247789        0.5805
BFGS:    8 18:01:57     -308.279059        0.3386
BFGS:    9 21:24:49     -308.298368        0.2476
BFGS:   10 00:11:38     -308.311390        0.2004
BFGS:   11 04:16:32     -308.320539        0.2862
BFGS:   12 07:41:02     -308.328868        0.2892
BFGS:   13 10:51:26     -308.338214        0.3015
BFGS:   14 13:19:50     -308.344944        0.3081
BFGS:   15 15:48:32     -308.353915        0.2978
BFGS:   16 17:45:04     -308.362998        0.2884
BFGS:   17 19:23:49     -308.370778        0.2786
BFGS:   18 21:22:04     -308.380879        0.2528
BFGS:   19 23:24:31     -308.390402        0.2574
BFGS:   20 01:38:53     -308.398093        0.2105
BFGS:   21 04:53:41     -308.407810        0.2200
BFGS:   22 07:38:20     -308.416936        0.3650
BFGS:   23 09:37:35     -308.426697        0.2884
BFGS:   24 11:08:11     -308.435583        0.4423
BFGS:   25 12:40:39     -308.445278        0.3719
BFGS:   26 14:39:38     -308.455039        0.4451
BFGS:   27 16:32:29     -308.466117        0.5052
BFGS:   28 18:11:26     -308.476540        0.3668
BFGS:   29 20:15:37     -308.487605        0.3338
BFGS:   30 23:18:04     -308.497070        0.2418
BFGS:   31 01:32:50     -308.504016        0.1664
BFGS:   32 03:02:36     -308.508635        0.1625
BFGS:   33 03:58:17     -308.512127        0.3511
BFGS:   34 05:42:57     -308.522825        0.8326
BFGS:   35 08:09:18     -308.531628        0.8844
BFGS:   36 10:16:52     -308.542089        0.5674
BFGS:   37 12:01:42     -308.547616        0.2053
BFGS:   38 13:15:11     -308.551056        0.2063
BFGS:   39 14:38:31     -308.556914        0.4489
BFGS:   40 16:19:11     -308.565082        0.5687
BFGS:   41 17:42:44     -308.576479        0.3746
BFGS:   42 19:01:10     -308.580782        0.2290
BFGS:   43 20:07:00     -308.584675        0.1883
BFGS:   44 21:55:03     -308.591720        0.4291
BFGS:   45 23:29:18     -308.594629        0.3327
BFGS:   46 01:01:13     -308.598544        0.1438
BFGS:   47 02:19:00     -308.601342        0.1540
BFGS:   48 03:38:23     -308.606176        0.1648
BFGS:   49 05:18:27     -308.608042        0.1782
BFGS:   50 07:38:04     -308.610904        0.1286
BFGS:   51 10:19:25     -308.617345        0.1244
BFGS:   52 13:30:14     -308.621713        0.1563
BFGS:   53 16:30:43     -308.625452        0.2148
BFGS:   54 18:36:16     -308.630907        0.1573
BFGS:   55 20:59:28     -308.634825        0.1433
BFGS:   56 22:52:31     -308.636205        0.1270
BFGS:   57 00:33:37     -308.638680        0.2075
BFGS:   58 03:03:18     -308.641898        0.2138
BFGS:   59 04:35:13     -308.645358        0.1840
BFGS:   60 05:55:56     -308.646113        0.1928
BFGS:   61 06:59:13     -308.649328        0.1343
BFGS:   62 08:33:04     -308.655146        0.1801
BFGS:   63 10:30:45     -308.660061        0.1843
BFGS:   64 12:46:03     -308.663468        0.0937
BFGS:   65 14:57:31     -308.666534        0.0685
BFGS:   66 17:20:22     -308.669964        0.1137
BFGS:   67 19:26:26     -308.672665        0.1794
BFGS:   68 21:40:48     -308.675318        0.2670
BFGS:   69 23:51:31     -308.679516        0.2559
      Step     Time          Energy         fmax
BFGS:    0 10:59:28     -308.683193        0.2688
BFGS:    1 11:49:44     -308.688375        0.2395
BFGS:    2 13:20:36     -308.691280        0.1667
BFGS:    3 15:43:47     -308.695836        0.1628
BFGS:    4 18:13:09     -308.697242        0.1625
BFGS:    5 20:34:37     -308.703580        0.1226
BFGS:    6 23:14:03     -308.709112        0.1272
BFGS:    7 23:34:52     -308.712609        0.1380
BFGS:    8 00:03:51     -308.717701        0.1837
BFGS:    9 00:23:07     -308.722264        0.2280
BFGS:   10 00:45:38     -308.726841        0.2192
BFGS:   11 01:12:36     -308.731545        0.2825
BFGS:   12 01:51:41     -308.735918        0.2932
BFGS:   13 02:31:27     -308.740378        0.2616
BFGS:   14 03:04:08     -308.744305        0.2467
BFGS:   15 03:34:44     -308.746018        0.1388
BFGS:   16 04:09:52     -308.745718        1.2684
BFGS:   17 04:58:19     -308.744425        1.2262
BFGS:   18 05:56:42     -308.753208        0.2956
BFGS:   19 06:25:57     -308.754680        0.1455
BFGS:   20 07:14:45     -308.760050        0.4043
BFGS:   21 08:02:09     -308.763299        0.4015
BFGS:   22 09:58:15     -308.768398        0.1457
BFGS:   23 12:21:01     -308.769139        0.1767
BFGS:   24 14:26:27     -308.771500        0.1553
BFGS:   25 16:36:40     -308.775253        0.1753
BFGS:   26 18:34:12     -308.776965        0.1356
BFGS:   27 21:29:43     -308.779602        0.1413
BFGS:   28 23:51:22     -308.781588        0.1967
BFGS:   29 02:54:22     -308.783502        0.2567
BFGS:   30 04:47:16     -308.785612        0.1404
BFGS:   31 06:34:19     -308.787207        0.1874
BFGS:   32 08:19:54     -308.788583        0.1657
BFGS:   33 09:34:39     -308.789622        0.1090
BFGS:   34 11:49:29     -308.791615        0.1579
BFGS:   35 14:19:47     -308.792879        0.1542
BFGS:   36 16:26:22     -308.795244        0.1032
BFGS:   37 19:12:07     -308.796313        0.1075
BFGS:   38 20:45:41     -308.797257        0.1400
BFGS:   39 22:26:32     -308.798642        0.1824
BFGS:   40 23:38:17     -308.799449        0.1119
BFGS:   41 01:18:25     -308.801501        0.1264
BFGS:   42 03:05:42     -308.802921        0.1995
BFGS:   43 04:20:06     -308.804499        0.1592
BFGS:   44 05:50:46     -308.807752        0.1123
BFGS:   45 07:01:57     -308.808982        0.1224
BFGS:   46 08:26:11     -308.812092        0.1645
BFGS:   47 10:08:58     -308.814526        0.1252
BFGS:   48 11:10:20     -308.816714        0.1340
BFGS:   49 12:28:59     -308.819914        0.1715
BFGS:   50 13:00:59     -308.822232        0.1926
BFGS:   51 13:16:32     -308.823599        0.1509
BFGS:   52 13:28:41     -308.824436        0.1063
BFGS:   53 13:41:40     -308.826107        0.2127
BFGS:   54 13:59:34     -308.825599        0.2998
BFGS:   55 14:14:34     -308.827545        0.1991
BFGS:   56 14:29:35     -308.828808        0.1952
BFGS:   57 14:42:17     -308.830385        0.1326
BFGS:   58 14:52:46     -308.831591        0.0874
BFGS:   59 15:04:09     -308.832863        0.1060
BFGS:   60 15:16:54     -308.834795        0.1589
BFGS:   61 15:30:35     -308.836812        0.1977
BFGS:   62 15:41:31     -308.838020        0.1668
BFGS:   63 15:55:37     -308.841053        0.1261
BFGS:   64 16:08:22     -308.841314        0.1209
BFGS:   65 16:19:21     -308.842551        0.1337
BFGS:   66 16:34:50     -308.845467        0.0944
BFGS:   67 16:44:54     -308.846691        0.1314
BFGS:   68 16:58:08     -308.849966        0.1056
BFGS:   69 17:11:22     -308.851692        0.1604
BFGS:   70 17:23:41     -308.854341        0.1169
BFGS:   71 17:35:10     -308.855089        0.1180
BFGS:   72 17:48:00     -308.855941        0.1604
BFGS:   73 18:01:13     -308.856441        0.1635
BFGS:   74 18:10:24     -308.857016        0.1274
BFGS:   75 18:23:09     -308.858232        0.0994
