      Step     Time          Energy         fmax
BFGS:    0 02:28:07     -272.380996        0.4164
BFGS:    1 03:14:11     -272.385480        0.2625
BFGS:    2 05:00:02     -272.390704        0.2448
BFGS:    3 06:52:05     -272.401606        0.4608
BFGS:    4 09:00:07     -272.409972        0.3991
BFGS:    5 11:05:30     -272.416520        0.2439
BFGS:    6 12:43:52     -272.422590        0.2395
BFGS:    7 14:22:39     -272.429289        0.3313
BFGS:    8 15:41:48     -272.435158        0.3447
BFGS:    9 17:19:07     -272.438916        0.1924
BFGS:   10 19:08:05     -272.441383        0.1635
BFGS:   11 21:00:11     -272.443548        0.1611
BFGS:   12 22:21:19     -272.445937        0.1785
BFGS:   13 23:51:24     -272.448560        0.1559
BFGS:   14 01:54:31     -272.451246        0.1574
BFGS:   15 04:17:14     -272.454415        0.2019
BFGS:   16 06:35:03     -272.457209        0.1556
BFGS:   17 09:55:02     -272.459650        0.1406
BFGS:   18 12:53:42     -272.461757        0.1302
BFGS:   19 15:05:19     -272.463789        0.1730
BFGS:   20 17:11:33     -272.465823        0.1788
BFGS:   21 19:47:07     -272.466852        0.1171
BFGS:   22 21:29:29     -272.468001        0.0916
BFGS:   23 23:20:03     -272.468804        0.0559
BFGS:   24 01:31:27     -272.469560        0.0865
BFGS:   25 03:01:38     -272.470480        0.0927
BFGS:   26 04:44:59     -272.471539        0.1057
BFGS:   27 06:51:59     -272.472907        0.1211
BFGS:   28 08:47:19     -272.475038        0.1326
BFGS:   29 10:20:55     -272.476688        0.1678
BFGS:   30 11:46:08     -272.478351        0.1441
BFGS:   31 13:23:04     -272.479796        0.0946
BFGS:   32 14:48:37     -272.480800        0.0933
BFGS:   33 15:59:03     -272.482956        0.1435
BFGS:   34 16:50:43     -272.485281        0.1451
BFGS:   35 18:38:30     -272.486323        0.1388
BFGS:   36 20:18:51     -272.487645        0.1002
BFGS:   37 22:18:13     -272.489519        0.1376
BFGS:   38 23:36:14     -272.490542        0.1313
BFGS:   39 01:10:31     -272.492498        0.1066
BFGS:   40 02:29:20     -272.494864        0.1404
BFGS:   41 03:59:26     -272.496595        0.1629
BFGS:   42 05:46:40     -272.498731        0.1531
BFGS:   43 06:54:45     -272.500781        0.1584
BFGS:   44 08:18:28     -272.502718        0.1528
BFGS:   45 10:01:25     -272.504764        0.1482
BFGS:   46 11:52:40     -272.507109        0.1557
BFGS:   47 14:21:48     -272.509159        0.1623
BFGS:   48 15:41:46     -272.511867        0.1385
BFGS:   49 17:08:29     -272.515905        0.1172
BFGS:   50 18:42:40     -272.518910        0.1212
BFGS:   51 20:04:48     -272.521458        0.1412
BFGS:   52 22:22:21     -272.523008        0.1770
BFGS:   53 00:47:06     -272.526218        0.1407
BFGS:   54 02:39:04     -272.528108        0.1527
BFGS:   55 04:42:38     -272.530513        0.1365
BFGS:   56 07:49:14     -272.533111        0.1308
BFGS:   57 10:47:18     -272.534751        0.1269
BFGS:   58 12:51:04     -272.537837        0.1168
BFGS:   59 15:11:01     -272.540157        0.1101
BFGS:   60 17:03:22     -272.541773        0.0831
BFGS:   61 18:32:54     -272.543677        0.0801
BFGS:   62 20:05:19     -272.544991        0.0884
BFGS:   63 22:08:14     -272.546295        0.0902
BFGS:   64 00:43:39     -272.547845        0.0958
BFGS:   65 03:08:27     -272.548905        0.1144
BFGS:   66 05:02:54     -272.550265        0.0972
BFGS:   67 06:19:38     -272.551526        0.0833
BFGS:   68 07:51:45     -272.553236        0.0698
BFGS:   69 09:07:29     -272.554112        0.0585
BFGS:   70 11:10:14     -272.555245        0.0595
BFGS:   71 12:42:26     -272.556546        0.1165
BFGS:   72 15:34:23     -272.558346        0.1218
BFGS:   73 18:23:48     -272.558796        0.2250
BFGS:   74 20:40:51     -272.561531        0.2692
BFGS:   75 22:03:34     -272.563952        0.0960
BFGS:   76 23:16:31     -272.565281        0.0802
BFGS:   77 00:46:57     -272.567350        0.1365
BFGS:   78 02:33:52     -272.569198        0.1328
BFGS:   79 04:59:10     -272.571683        0.1201
BFGS:   80 07:27:08     -272.574377        0.0968
BFGS:   81 10:16:40     -272.576706        0.1196
BFGS:   82 13:40:20     -272.578038        0.1516
BFGS:   83 16:51:24     -272.579618        0.1798
BFGS:   84 19:40:51     -272.582479        0.2163
BFGS:   85 22:26:12     -272.587172        0.1883
BFGS:   86 00:52:51     -272.589299        0.3018
      Step     Time          Energy         fmax
BFGS:    0 07:28:50     -272.589300        0.3019
BFGS:    1 10:59:02     -272.597252        0.1733
BFGS:    2 14:06:38     -272.602875        0.3292
BFGS:    3 17:59:00     -272.608681        0.3850
BFGS:    4 21:31:18     -272.615673        0.2330
BFGS:    5 00:05:34     -272.621050        0.1765
BFGS:    6 01:42:56     -272.624554        0.2322
BFGS:    7 02:59:38     -272.631080        0.2982
BFGS:    8 04:31:52     -272.639901        0.3567
BFGS:    9 06:03:04     -272.648320        0.3567
BFGS:   10 08:34:23     -272.659534        0.4090
BFGS:   11 10:33:32     -272.673163        0.3296
BFGS:   12 12:27:33     -272.683850        0.3493
BFGS:   13 14:17:06     -272.696201        0.3250
BFGS:   14 16:10:59     -272.705388        0.3203
BFGS:   15 18:11:23     -272.714377        0.3475
BFGS:   16 20:16:44     -272.728408        0.3085
BFGS:   17 22:10:42     -272.742896        0.2788
BFGS:   18 00:28:54     -272.755869        0.2558
BFGS:   19 03:08:52     -272.765036        0.2235
BFGS:   20 05:29:42     -272.768417        0.2186
BFGS:   21 07:32:32     -272.771195        0.2035
BFGS:   22 09:55:51     -272.774826        0.2013
BFGS:   23 12:01:20     -272.777982        0.1662
BFGS:   24 13:35:31     -272.781799        0.1424
BFGS:   25 15:38:10     -272.785969        0.2033
BFGS:   26 17:40:20     -272.791475        0.1921
BFGS:   27 19:12:57     -272.796158        0.2440
BFGS:   28 20:35:21     -272.800724        0.1840
BFGS:   29 22:40:19     -272.803969        0.1505
BFGS:   30 23:49:04     -272.806383        0.1362
BFGS:   31 01:21:26     -272.808420        0.1542
BFGS:   32 03:13:14     -272.810026        0.1486
BFGS:   33 04:43:00     -272.812660        0.1328
BFGS:   34 06:44:56     -272.815692        0.1456
BFGS:   35 09:21:07     -272.819005        0.1908
BFGS:   36 11:51:37     -272.821492        0.1289
BFGS:   37 13:24:35     -272.823138        0.1250
BFGS:   38 15:10:39     -272.825501        0.1070
BFGS:   39 16:23:45     -272.826388        0.1107
BFGS:   40 20:01:10     -272.828141        0.0952
BFGS:   41 22:03:44     -272.830156        0.1254
BFGS:   42 22:56:30     -272.832399        0.1970
BFGS:   43 00:11:05     -272.834857        0.2541
BFGS:   44 01:10:24     -272.836775        0.2588
BFGS:   45 03:12:51     -272.841699        0.2076
BFGS:   46 06:08:58     -272.845941        0.1557
BFGS:   47 09:53:43     -272.849046        0.1287
BFGS:   48 12:34:25     -272.852402        0.1548
BFGS:   49 14:42:44     -272.855644        0.1208
BFGS:   50 17:16:02     -272.858744        0.0904
BFGS:   51 19:15:25     -272.861898        0.0771
BFGS:   52 20:51:33     -272.862770        0.0960
BFGS:   53 22:43:15     -272.864570        0.0858
BFGS:   54 01:09:20     -272.867652        0.0852
BFGS:   55 03:49:34     -272.871229        0.1004
BFGS:   56 06:39:05     -272.873709        0.1226
BFGS:   57 08:44:45     -272.876396        0.1620
BFGS:   58 10:19:28     -272.878939        0.1514
BFGS:   59 12:11:36     -272.881364        0.1241
BFGS:   60 14:00:38     -272.883710        0.1827
BFGS:   61 15:56:39     -272.885201        0.1904
BFGS:   62 17:45:46     -272.886586        0.1641
BFGS:   63 19:57:39     -272.890199        0.1542
BFGS:   64 22:31:54     -272.893099        0.1608
BFGS:   65 00:29:06     -272.894580        0.1425
BFGS:   66 02:18:37     -272.896059        0.1711
BFGS:   67 04:06:05     -272.897368        0.1211
BFGS:   68 06:14:09     -272.899281        0.0677
BFGS:   69 08:31:02     -272.900391        0.1231
BFGS:   70 10:01:06     -272.901603        0.1098
BFGS:   71 13:09:45     -272.904639        0.0687
BFGS:   72 15:36:41     -272.906643        0.1033
BFGS:   73 18:07:02     -272.909081        0.1250
BFGS:   74 21:13:20     -272.912070        0.1076
BFGS:   75 23:30:23     -272.913695        0.1166
BFGS:   76 01:17:09     -272.914829        0.0978
BFGS:   77 03:35:59     -272.916635        0.0773
BFGS:   78 04:54:37     -272.917427        0.0746
      Step     Time          Energy         fmax
BFGS:    0 06:59:55     -272.918907        0.0971
BFGS:    1 07:13:18     -272.920541        0.1071
BFGS:    2 07:54:01     -272.924415        0.1360
BFGS:    3 08:42:24     -272.925973        0.1331
BFGS:    4 11:26:24     -272.929128        0.0864
BFGS:    5 13:57:27     -272.929874        0.0637
BFGS:    6 16:03:25     -272.930419        0.0620
BFGS:    7 17:37:33     -272.930917        0.0672
BFGS:    8 19:16:24     -272.931435        0.0582
BFGS:    9 20:35:42     -272.931921        0.0662
BFGS:   10 21:30:15     -272.932434        0.0515
BFGS:   11 22:37:04     -272.933196        0.0754
BFGS:   12 00:26:15     -272.933746        0.0924
BFGS:   13 02:26:20     -272.934400        0.0836
BFGS:   14 04:21:31     -272.935355        0.0714
BFGS:   15 06:03:53     -272.935929        0.0716
BFGS:   16 08:31:28     -272.937453        0.0874
BFGS:   17 10:18:16     -272.937601        0.0881
BFGS:   18 12:18:49     -272.938672        0.0651
BFGS:   19 17:08:53     -272.939762        0.0437
