      Step     Time          Energy         fmax
BFGS:    0 12:38:42     -313.813367       19.4932
BFGS:    1 12:44:52     -315.406198       16.9157
BFGS:    2 12:50:51     -317.081012       15.4877
BFGS:    3 12:55:43     -318.307435       13.0566
BFGS:    4 13:00:39     -319.358718       12.5487
BFGS:    5 13:05:11     -320.166774       11.0246
BFGS:    6 13:09:26     -320.870926       10.6716
BFGS:    7 13:14:00     -321.467599        9.9146
BFGS:    8 13:18:29     -321.994631        9.5198
BFGS:    9 13:22:44     -322.464746        9.1028
BFGS:   10 13:26:58     -322.893376        8.6108
BFGS:   11 13:31:01     -323.286798        8.1371
BFGS:   12 13:35:29     -323.646023        7.6458
BFGS:   13 13:39:52     -323.977248        7.0549
BFGS:   14 13:44:23     -324.279877        6.4758
BFGS:   15 13:48:54     -324.556095        5.8722
BFGS:   16 13:53:38     -324.807683        5.2961
BFGS:   17 13:58:22     -325.035568        4.6726
BFGS:   18 14:02:54     -325.241478        4.1602
BFGS:   19 14:07:34     -325.422858        3.6484
BFGS:   20 14:12:30     -325.586351        3.1104
BFGS:   21 14:16:48     -325.732183        2.6786
BFGS:   22 14:20:59     -325.861284        2.2809
BFGS:   23 14:25:21     -325.973634        1.9143
BFGS:   24 14:29:30     -326.075540        1.6567
BFGS:   25 14:33:42     -326.162693        1.3302
BFGS:   26 14:37:49     -326.241665        1.1393
BFGS:   27 14:42:07     -326.309856        0.9532
BFGS:   28 14:46:23     -326.372363        0.9029
BFGS:   29 14:50:36     -326.426004        0.9405
BFGS:   30 14:54:21     -326.475429        0.8999
BFGS:   31 14:57:59     -326.518613        0.9106
BFGS:   32 15:01:44     -326.558598        0.8874
BFGS:   33 15:05:27     -326.594855        0.8820
BFGS:   34 15:08:58     -326.627195        0.8538
BFGS:   35 15:12:47     -326.656884        0.8279
BFGS:   36 15:16:30     -326.684535        0.7890
BFGS:   37 15:20:08     -326.710730        0.7449
BFGS:   38 15:23:35     -326.732804        0.7615
BFGS:   39 15:27:06     -326.754792        0.6897
BFGS:   40 15:30:43     -326.774492        0.6704
BFGS:   41 15:34:00     -326.791801        0.6645
BFGS:   42 15:37:31     -326.807945        0.6058
BFGS:   43 15:41:06     -326.824123        0.5784
BFGS:   44 15:44:38     -326.838623        0.5557
BFGS:   45 15:48:01     -326.852219        0.5233
BFGS:   46 15:51:29     -326.864630        0.4613
BFGS:   47 15:55:00     -326.877110        0.4880
BFGS:   48 15:58:26     -326.887213        0.3953
BFGS:   49 16:02:13     -326.897498        0.4411
BFGS:   50 16:05:43     -326.907464        0.3600
BFGS:   51 16:09:10     -326.915766        0.3545
BFGS:   52 16:12:56     -326.925586        0.3638
BFGS:   53 16:16:35     -326.935132        0.3146
BFGS:   54 16:20:11     -326.941699        0.3030
BFGS:   55 16:23:51     -326.950948        0.3245
BFGS:   56 16:27:23     -326.957074        0.3811
BFGS:   57 16:31:31     -326.969255        0.2870
BFGS:   58 16:35:36     -326.983372        0.4269
BFGS:   59 16:39:23     -326.997612        0.6181
BFGS:   60 16:43:48     -327.011502        0.8016
BFGS:   61 16:47:56     -327.022895        0.9790
BFGS:   62 16:52:04     -327.034091        1.1222
BFGS:   63 16:56:19     -327.044736        1.1649
BFGS:   64 17:01:35     -327.056025        0.9793
BFGS:   65 17:06:05     -327.064705        0.5057
BFGS:   66 17:10:49     -327.070060        0.3641
BFGS:   67 17:13:23     -327.071769        0.3560
BFGS:   68 17:17:48     -327.082021        0.1803
BFGS:   69 17:20:49     -327.083683        0.2100
BFGS:   70 17:24:13     -327.087012        0.1569
BFGS:   71 17:28:43     -327.090408        0.1555
BFGS:   72 17:32:31     -327.091754        0.1135
BFGS:   73 17:37:14     -327.092895        0.1295
BFGS:   74 17:40:51     -327.094981        0.0903
BFGS:   75 17:44:08     -327.096112        0.1083
BFGS:   76 17:47:08     -327.097642        0.0773
BFGS:   77 17:50:35     -327.098619        0.1063
BFGS:   78 17:53:29     -327.099784        0.1601
BFGS:   79 17:58:14     -327.102134        0.4744
BFGS:   80 18:01:37     -327.104471        0.2344
BFGS:   81 18:06:05     -327.107448        0.2845
BFGS:   82 18:09:28     -327.108989        0.2207
BFGS:   83 18:13:44     -327.111267        0.1106
BFGS:   84 18:17:54     -327.112913        0.1936
BFGS:   85 18:21:14     -327.114691        0.0976
BFGS:   86 18:25:15     -327.117224        0.4549
BFGS:   87 18:28:39     -327.118851        0.2522
BFGS:   88 18:32:04     -327.120690        0.0866
BFGS:   89 18:35:22     -327.121982        0.2810
BFGS:   90 18:39:03     -327.123123        0.4111
BFGS:   91 18:42:36     -327.124425        0.4212
BFGS:   92 18:45:50     -327.126010        0.2645
BFGS:   93 18:49:30     -327.127926        0.1058
BFGS:   94 18:52:45     -327.128903        0.1199
BFGS:   95 18:57:08     -327.132771        0.1772
BFGS:   96 19:01:34     -327.134488        0.1595
BFGS:   97 19:05:07     -327.136396        0.1761
BFGS:   98 19:08:27     -327.138600        0.1932
BFGS:   99 19:12:53     -327.143158        0.1982
BFGS:  100 19:16:56     -327.147442        0.1359
BFGS:  101 19:21:04     -327.149847        0.2267
BFGS:  102 19:24:38     -327.152742        0.1442
BFGS:  103 19:28:46     -327.156578        0.2033
BFGS:  104 19:32:18     -327.160851        0.1495
BFGS:  105 19:36:26     -327.165031        0.2554
BFGS:  106 19:39:48     -327.168993        0.2196
BFGS:  107 19:43:54     -327.176544        0.3321
BFGS:  108 19:48:10     -327.183650        0.3207
BFGS:  109 19:52:27     -327.187556        0.3066
BFGS:  110 19:55:43     -327.193915        0.1997
BFGS:  111 19:59:52     -327.203677        0.1983
BFGS:  112 20:03:53     -327.208729        0.2691
BFGS:  113 20:07:44     -327.218910        0.3184
BFGS:  114 20:11:54     -327.228980        0.3916
BFGS:  115 20:16:04     -327.239018        0.4639
BFGS:  116 20:20:21     -327.252018        0.4754
BFGS:  117 20:24:23     -327.263229        0.4834
BFGS:  118 20:28:33     -327.272700        0.4590
BFGS:  119 20:32:56     -327.287655        0.4048
BFGS:  120 20:37:13     -327.300139        0.4062
BFGS:  121 20:41:36     -327.311636        0.4068
BFGS:  122 20:46:03     -327.324608        0.4122
BFGS:  123 20:50:19     -327.333946        0.5026
BFGS:  124 20:54:35     -327.346093        0.4635
BFGS:  125 20:59:15     -327.361917        0.4444
BFGS:  126 21:03:16     -327.374176        0.3744
BFGS:  127 21:07:28     -327.390489        0.2976
BFGS:  128 21:11:42     -327.395032        0.3080
BFGS:  129 21:15:15     -327.400813        0.2799
BFGS:  130 21:18:26     -327.404770        0.2180
BFGS:  131 21:22:04     -327.409413        0.1519
BFGS:  132 21:26:04     -327.416253        0.1914
BFGS:  133 21:30:28     -327.422178        0.2120
BFGS:  134 21:34:25     -327.427228        0.1798
BFGS:  135 21:38:04     -327.431015        0.2006
BFGS:  136 21:42:14     -327.435396        0.2064
BFGS:  137 21:45:36     -327.438838        0.1337
BFGS:  138 21:49:55     -327.443328        0.1510
BFGS:  139 21:53:49     -327.446478        0.1530
BFGS:  140 21:58:40     -327.451209        0.1701
BFGS:  141 22:02:28     -327.453881        0.1959
BFGS:  142 22:06:23     -327.456737        0.1457
BFGS:  143 22:09:34     -327.459472        0.1362
BFGS:  144 22:13:13     -327.463431        0.1427
BFGS:  145 22:16:52     -327.467365        0.1498
BFGS:  146 22:20:46     -327.470553        0.1348
BFGS:  147 22:25:13     -327.474276        0.1615
BFGS:  148 22:28:14     -327.476431        0.1421
BFGS:  149 22:32:30     -327.481684        0.3110
BFGS:  150 22:35:55     -327.484399        0.2718
BFGS:  151 22:39:06     -327.486716        0.1984
BFGS:  152 22:43:29     -327.490830        0.2718
BFGS:  153 22:46:59     -327.493807        0.2587
BFGS:  154 22:51:38     -327.498795        0.3432
BFGS:  155 22:54:48     -327.500586        0.2611
BFGS:  156 22:57:50     -327.502072        0.1046
BFGS:  157 23:01:21     -327.503831        0.1307
BFGS:  158 23:05:06     -327.505440        0.1060
BFGS:  159 23:08:40     -327.508197        0.1032
BFGS:  160 23:13:06     -327.510229        0.1267
BFGS:  161 23:16:08     -327.512508        0.1526
BFGS:  162 23:20:00     -327.515067        0.2305
BFGS:  163 23:23:28     -327.516856        0.2091
BFGS:  164 23:27:43     -327.519026        0.1736
BFGS:  165 23:31:44     -327.521107        0.1988
BFGS:  166 23:35:36     -327.523982        0.1406
BFGS:  167 23:38:54     -327.525930        0.1007
BFGS:  168 23:42:39     -327.527355        0.1194
BFGS:  169 23:45:35     -327.528511        0.0978
BFGS:  170 23:49:06     -327.531657        0.1018
BFGS:  171 23:53:08     -327.534833        0.1620
BFGS:  172 23:57:18     -327.537418        0.2188
BFGS:  173 00:01:12     -327.539531        0.1744
BFGS:  174 00:05:19     -327.544315        0.1898
BFGS:  175 00:09:06     -327.547176        0.2273
BFGS:  176 00:12:54     -327.549425        0.1899
BFGS:  177 00:16:34     -327.550253        0.1345
BFGS:  178 00:19:28     -327.551756        0.0811
BFGS:  179 00:22:39     -327.552700        0.0662
BFGS:  180 00:25:38     -327.553628        0.0712
BFGS:  181 00:29:50     -327.555452        0.1118
BFGS:  182 00:32:36     -327.556312        0.0960
BFGS:  183 00:36:36     -327.559536        0.1152
BFGS:  184 00:40:52     -327.560194        0.2302
BFGS:  185 00:45:28     -327.561760        0.1459
BFGS:  186 00:48:16     -327.562719        0.0708
BFGS:  187 00:51:21     -327.563501        0.0839
BFGS:  188 00:55:21     -327.564598        0.0820
BFGS:  189 00:59:02     -327.565316        0.0764
BFGS:  190 01:02:36     -327.566112        0.0598
BFGS:  191 01:07:09     -327.567288        0.1259
BFGS:  192 01:11:26     -327.568248        0.1300
BFGS:  193 01:16:42     -327.570118        0.0805
BFGS:  194 01:21:11     -327.571699        0.0781
BFGS:  195 01:26:53     -327.573621        0.1292
BFGS:  196 01:30:39     -327.574790        0.0928
BFGS:  197 01:34:30     -327.576231        0.0909
BFGS:  198 01:38:01     -327.576971        0.0579
BFGS:  199 01:41:27     -327.577965        0.0718
BFGS:  200 01:44:36     -327.578644        0.0714
BFGS:  201 01:47:48     -327.579519        0.0565
BFGS:  202 01:51:12     -327.580474        0.0732
BFGS:  203 01:55:26     -327.580985        0.0713
BFGS:  204 01:58:41     -327.581359        0.0701
BFGS:  205 02:01:21     -327.581570        0.0634
BFGS:  206 02:04:25     -327.581892        0.0478
