      Step     Time          Energy         fmax
BFGS:    0 13:11:06     -299.477777       17.0431
BFGS:    1 15:40:08     -300.781984       14.2392
BFGS:    2 17:41:52     -301.985478       11.9708
BFGS:    3 19:47:39     -303.174901        9.9380
BFGS:    4 21:45:06     -304.153010        8.0972
BFGS:    5 23:41:50     -304.935906        6.5976
BFGS:    6 01:37:57     -305.556063        5.6673
BFGS:    7 03:34:46     -306.030827        4.8114
BFGS:    8 05:25:02     -306.416467        4.4249
BFGS:    9 07:23:51     -306.729456        3.9911
BFGS:   10 09:09:37     -306.992557        3.6946
BFGS:   11 10:57:00     -307.216201        3.3673
BFGS:   12 12:57:21     -307.407696        3.1449
BFGS:   13 14:49:47     -307.573561        2.8976
BFGS:   14 16:37:55     -307.716999        2.6057
BFGS:   15 18:30:15     -307.842727        2.3678
BFGS:   16 20:13:02     -307.951198        2.1701
BFGS:   17 22:09:34     -308.044538        1.9265
BFGS:   18 00:05:52     -308.125318        1.7143
BFGS:   19 01:52:06     -308.193350        1.6047
BFGS:   20 03:36:20     -308.252457        1.3446
BFGS:   21 05:20:12     -308.302560        1.2175
BFGS:   22 06:54:23     -308.345069        1.0959
BFGS:   23 08:30:37     -308.381290        0.9519
BFGS:   24 10:01:25     -308.411626        0.7943
BFGS:   25 11:43:56     -308.436509        0.6645
BFGS:   26 13:15:48     -308.456933        0.6041
BFGS:   27 14:40:18     -308.473881        0.4980
BFGS:   28 16:04:26     -308.487297        0.5484
BFGS:   29 17:33:29     -308.499407        0.2590
BFGS:   30 19:00:20     -308.508202        0.4541
BFGS:   31 20:21:03     -308.515544        0.4041
BFGS:   32 21:46:57     -308.522382        0.2038
BFGS:   33 23:11:21     -308.527467        0.3183
BFGS:   34 00:36:46     -308.530725        0.4449
BFGS:   35 01:52:59     -308.533868        0.1661
BFGS:   36 03:21:17     -308.537711        0.1564
BFGS:   37 04:50:53     -308.541163        0.1467
BFGS:   38 06:28:34     -308.543670        0.1742
BFGS:   39 07:50:20     -308.546378        0.1775
BFGS:   40 09:03:18     -308.548806        0.5309
BFGS:   41 10:29:29     -308.555067        0.4453
BFGS:   42 12:11:58     -308.561884        0.5339
BFGS:   43 13:50:31     -308.569694        0.2711
BFGS:   44 15:30:27     -308.576296        1.0698
BFGS:   45 16:31:33     -308.582498        0.8209
BFGS:   46 18:06:04     -308.592993        0.2666
BFGS:   47 19:41:35     -308.598110        0.2470
BFGS:   48 20:58:09     -308.599503        0.2445
BFGS:   49 22:16:23     -308.601449        0.1635
BFGS:   50 23:47:55     -308.603905        0.1767
BFGS:   51 00:38:56     -308.605322        0.2503
BFGS:   52 01:10:46     -308.607476        0.2173
BFGS:   53 01:32:45     -308.609353        0.1899
BFGS:   54 02:01:01     -308.612103        0.2138
BFGS:   55 02:29:21     -308.614963        0.2010
BFGS:   56 02:59:24     -308.617703        0.1271
BFGS:   57 03:20:34     -308.618755        0.0848
BFGS:   58 03:36:15     -308.619100        0.0667
BFGS:   59 03:52:51     -308.619562        0.0567
BFGS:   60 04:12:10     -308.620024        0.0801
BFGS:   61 04:30:35     -308.620467        0.0738
BFGS:   62 04:51:43     -308.621076        0.1188
BFGS:   63 05:14:37     -308.621842        0.0974
BFGS:   64 05:39:21     -308.622573        0.1132
BFGS:   65 05:57:45     -308.623275        0.0942
BFGS:   66 06:26:54     -308.624235        0.1320
BFGS:   67 06:48:51     -308.625287        0.1467
BFGS:   68 07:10:47     -308.626572        0.1833
BFGS:   69 07:32:44     -308.627515        0.0892
BFGS:   70 07:55:38     -308.628380        0.0662
BFGS:   71 08:42:37     -308.629184        0.0985
BFGS:   72 09:37:45     -308.629463        0.1706
BFGS:   73 10:47:38     -308.629922        0.3223
BFGS:   74 11:44:42     -308.630434        0.3082
BFGS:   75 12:46:54     -308.630989        0.2320
BFGS:   76 13:55:51     -308.631592        0.1250
BFGS:   77 15:19:46     -308.632272        0.0883
BFGS:   78 17:09:29     -308.631576        0.1360
BFGS:   79 18:39:02     -308.633497        0.0808
BFGS:   80 19:38:45     -308.634032        0.0611
BFGS:   81 20:38:28     -308.634418        0.1300
BFGS:   82 21:33:59     -308.634641        0.1916
BFGS:   83 22:20:37     -308.634823        0.2034
BFGS:   84 23:09:54     -308.635130        0.1888
BFGS:   85 00:14:08     -308.635681        0.1258
BFGS:   86 01:26:19     -308.635870        0.0809
BFGS:   87 02:14:44     -308.636410        0.0801
BFGS:   88 03:17:43     -308.637165        0.1530
BFGS:   89 04:32:20     -308.637964        0.2317
BFGS:   90 05:43:44     -308.637956        0.2980
BFGS:   91 06:39:44     -308.638649        0.2516
BFGS:   92 07:52:15     -308.639242        0.2154
BFGS:   93 09:35:23     -308.639602        0.1606
BFGS:   94 11:01:43     -308.639747        0.1695
BFGS:   95 12:22:47     -308.641674        0.1437
BFGS:   96 13:18:52     -308.642125        0.1341
BFGS:   97 14:42:06     -308.642857        0.1114
BFGS:   98 15:34:55     -308.643282        0.0830
BFGS:   99 16:37:54     -308.643836        0.0576
BFGS:  100 17:31:58     -308.644098        0.0513
BFGS:  101 18:39:02     -308.645051        0.1154
BFGS:  102 19:46:53     -308.646970        0.1518
BFGS:  103 21:15:58     -308.647385        0.4849
BFGS:  104 22:36:25     -308.649143        0.6936
BFGS:  105 00:03:05     -308.649853        0.8248
BFGS:  106 00:26:50     -308.651828        0.5875
BFGS:  107 00:51:32     -308.653875        0.2200
BFGS:  108 01:18:01     -308.654989        0.1227
BFGS:  109 01:42:45     -308.656916        0.1076
BFGS:  110 02:20:08     -308.657982        0.1197
BFGS:  111 02:43:54     -308.659553        0.0646
BFGS:  112 03:09:25     -308.660167        0.0789
BFGS:  113 03:30:30     -308.660637        0.0879
BFGS:  114 03:51:39     -308.661249        0.1000
BFGS:  115 04:09:09     -308.661798        0.0708
BFGS:  116 04:32:05     -308.662851        0.1064
BFGS:  117 05:00:22     -308.663088        0.2488
BFGS:  118 05:20:33     -308.664165        0.1714
BFGS:  119 05:45:15     -308.665255        0.0605
BFGS:  120 06:13:57     -308.665808        0.0714
BFGS:  121 07:10:28     -308.666359        0.0968
BFGS:  122 08:12:45     -308.666859        0.0795
BFGS:  123 09:27:44     -308.667896        0.0701
BFGS:  124 10:57:07     -308.669523        0.0943
BFGS:  125 12:47:36     -308.670764        0.1815
BFGS:  126 13:51:15     -308.672002        0.0943
BFGS:  127 15:24:46     -308.674323        0.1668
BFGS:  128 16:29:23     -308.675235        0.1525
BFGS:  129 17:52:54     -308.675471        0.2366
BFGS:  130 19:05:33     -308.676305        0.0577
BFGS:  131 19:47:28     -308.676570        0.0609
BFGS:  132 21:00:20     -308.677017        0.0431
