      Step     Time          Energy         fmax
BFGS:    0 10:22:19     -348.887099       13.4380
BFGS:    1 10:29:39     -350.382189       14.9951
BFGS:    2 10:37:45     -351.777091       13.9511
BFGS:    3 10:44:45     -352.831012       11.8195
BFGS:    4 10:52:25     -353.797616       11.4628
BFGS:    5 10:58:56     -354.493742        9.3870
BFGS:    6 11:04:25     -355.104056        8.5110
BFGS:    7 11:10:02     -355.583875        7.5183
BFGS:    8 11:15:52     -355.978996        6.7994
BFGS:    9 11:21:52     -356.303810        6.0576
BFGS:   10 11:27:12     -356.578964        5.4548
BFGS:   11 11:32:43     -356.817890        4.9321
BFGS:   12 11:38:11     -357.030015        4.4721
BFGS:   13 11:43:35     -357.222312        4.0326
BFGS:   14 11:48:40     -357.396617        3.7208
BFGS:   15 11:53:45     -357.556529        3.3574
BFGS:   16 11:58:49     -357.702649        3.0696
BFGS:   17 12:04:12     -357.830834        2.7998
BFGS:   18 12:08:48     -357.940990        2.5104
BFGS:   19 12:13:53     -358.031927        2.2113
BFGS:   20 12:18:54     -358.110194        1.9086
BFGS:   21 12:23:48     -358.177238        1.6867
BFGS:   22 12:28:43     -358.237495        1.4324
BFGS:   23 12:33:27     -358.290883        1.2018
BFGS:   24 12:38:20     -358.340410        1.0596
BFGS:   25 12:43:00     -358.385767        0.9560
BFGS:   26 12:47:31     -358.427490        0.8239
BFGS:   27 12:52:23     -358.465544        0.6630
BFGS:   28 12:57:22     -358.498714        0.4781
BFGS:   29 13:01:49     -358.527866        0.3596
BFGS:   30 13:06:14     -358.553208        0.4285
BFGS:   31 13:10:53     -358.574209        0.3818
BFGS:   32 13:15:33     -358.591029        0.4238
BFGS:   33 13:20:17     -358.607510        0.4972
BFGS:   34 13:25:10     -358.626547        0.4293
BFGS:   35 13:30:03     -358.642914        0.4342
BFGS:   36 13:35:08     -358.666318        0.6415
BFGS:   37 13:39:59     -358.690720        0.5625
BFGS:   38 13:44:59     -358.718390        0.6097
BFGS:   39 13:50:12     -358.743295        0.8097
BFGS:   40 13:55:17     -358.768532        0.8885
BFGS:   41 14:00:26     -358.791531        0.8327
BFGS:   42 14:05:40     -358.814782        0.6523
BFGS:   43 14:11:18     -358.841023        0.3768
BFGS:   44 14:17:20     -358.862281        0.3688
BFGS:   45 14:22:29     -358.885803        0.5595
BFGS:   46 14:27:54     -358.904948        0.8435
BFGS:   47 14:33:13     -358.928619        0.8819
BFGS:   48 14:38:12     -358.956365        0.6674
BFGS:   49 14:43:21     -358.971975        0.4694
BFGS:   50 14:48:27     -358.992105        0.4032
BFGS:   51 14:53:48     -359.005929        0.3679
BFGS:   52 14:58:53     -359.022764        0.3518
BFGS:   53 15:04:35     -359.031483        0.4217
BFGS:   54 15:09:57     -359.044472        0.3790
BFGS:   55 15:15:34     -359.057018        0.2795
BFGS:   56 15:21:46     -359.067620        0.4085
BFGS:   57 15:25:33     -359.079195        0.4586
BFGS:   58 15:30:18     -359.094822        0.6185
BFGS:   59 15:35:03     -359.106230        0.5981
BFGS:   60 15:39:26     -359.114876        0.4635
BFGS:   61 15:43:59     -359.124309        0.2703
BFGS:   62 15:48:58     -359.133046        0.3273
BFGS:   63 15:54:16     -359.141205        0.3427
BFGS:   64 15:59:16     -359.150039        0.2324
BFGS:   65 16:04:23     -359.163941        0.2678
BFGS:   66 16:09:10     -359.173229        0.3045
BFGS:   67 16:13:39     -359.183429        0.2999
BFGS:   68 16:18:22     -359.195042        0.1857
BFGS:   69 16:22:54     -359.202187        0.2356
BFGS:   70 16:27:38     -359.208183        0.2676
BFGS:   71 16:32:23     -359.216410        0.2831
BFGS:   72 16:36:37     -359.225656        0.2222
BFGS:   73 16:41:28     -359.232233        0.2236
BFGS:   74 16:46:05     -359.240287        0.1618
BFGS:   75 16:51:02     -359.244172        0.1732
BFGS:   76 16:55:12     -359.247408        0.1331
BFGS:   77 16:59:35     -359.255648        0.1850
BFGS:   78 17:04:15     -359.256558        0.2560
BFGS:   79 17:07:44     -359.260251        0.2210
BFGS:   80 17:12:30     -359.270186        0.2697
BFGS:   81 17:16:29     -359.274499        0.2917
BFGS:   82 17:20:54     -359.280358        0.3243
BFGS:   83 17:25:50     -359.287913        0.2283
BFGS:   84 17:30:19     -359.296398        0.2104
BFGS:   85 17:35:14     -359.303316        0.2140
BFGS:   86 17:39:54     -359.311370        0.2011
BFGS:   87 17:45:07     -359.322252        0.2019
BFGS:   88 17:50:19     -359.329821        0.1941
BFGS:   89 17:55:17     -359.339540        0.1931
BFGS:   90 18:00:10     -359.347047        0.2162
BFGS:   91 18:05:09     -359.355494        0.2501
BFGS:   92 18:10:09     -359.364675        0.2888
BFGS:   93 18:14:54     -359.373740        0.3227
BFGS:   94 18:19:30     -359.383607        0.3415
BFGS:   95 18:24:14     -359.393295        0.3435
BFGS:   96 18:28:56     -359.407967        0.3270
BFGS:   97 18:33:36     -359.421673        0.3153
BFGS:   98 18:38:23     -359.435110        0.2987
BFGS:   99 18:43:26     -359.449172        0.2769
BFGS:  100 18:48:16     -359.462352        0.2881
BFGS:  101 18:53:04     -359.474803        0.2789
BFGS:  102 18:57:58     -359.495331        0.2747
BFGS:  103 19:02:48     -359.515317        0.3024
BFGS:  104 19:07:48     -359.531168        0.3548
BFGS:  105 19:12:28     -359.550423        0.3287
BFGS:  106 19:16:50     -359.570256        0.3028
BFGS:  107 19:22:00     -359.589320        0.3039
BFGS:  108 19:27:00     -359.607206        0.3179
BFGS:  109 19:31:46     -359.622017        0.3242
BFGS:  110 19:36:14     -359.636445        0.3312
BFGS:  111 19:41:13     -359.646474        0.3177
BFGS:  112 19:45:53     -359.656418        0.2833
BFGS:  113 19:51:22     -359.667270        0.2264
BFGS:  114 19:56:16     -359.680938        0.1592
BFGS:  115 20:00:46     -359.688088        0.1910
BFGS:  116 20:06:00     -359.693211        0.1403
BFGS:  117 20:10:41     -359.696800        0.1538
BFGS:  118 20:15:57     -359.704524        0.2785
BFGS:  119 20:22:10     -359.713072        0.2798
BFGS:  120 20:27:36     -359.721561        0.2920
BFGS:  121 20:32:31     -359.727696        0.1813
BFGS:  122 20:37:16     -359.736645        0.1947
BFGS:  123 20:43:00     -359.743430        0.2813
BFGS:  124 20:48:54     -359.750552        0.2585
BFGS:  125 20:54:19     -359.757541        0.2559
BFGS:  126 20:59:53     -359.763497        0.2168
BFGS:  127 21:05:17     -359.770364        0.1720
BFGS:  128 21:10:37     -359.774129        0.2011
BFGS:  129 21:15:48     -359.780894        0.2822
BFGS:  130 21:21:52     -359.785761        0.3071
BFGS:  131 21:27:40     -359.789710        0.2903
BFGS:  132 21:32:34     -359.798583        0.3621
BFGS:  133 21:38:14     -359.807405        0.3312
BFGS:  134 21:43:58     -359.818226        0.2486
BFGS:  135 21:49:43     -359.830635        0.2815
BFGS:  136 21:55:43     -359.839668        0.3087
BFGS:  137 22:02:20     -359.853292        0.3037
BFGS:  138 22:07:58     -359.863684        0.3368
BFGS:  139 22:13:23     -359.884217        0.3589
BFGS:  140 22:18:59     -359.896249        0.3204
BFGS:  141 22:24:31     -359.907584        0.3967
BFGS:  142 22:30:11     -359.917995        0.4691
BFGS:  143 22:35:48     -359.939037        0.5384
BFGS:  144 22:41:49     -359.956731        0.6328
BFGS:  145 22:47:34     -359.980574        0.8134
BFGS:  146 22:53:03     -360.001415        0.8247
BFGS:  147 22:59:18     -360.030752        0.9037
BFGS:  148 23:04:50     -360.054830        1.0033
BFGS:  149 23:10:27     -360.085957        0.9239
BFGS:  150 23:16:56     -360.118503        0.9208
BFGS:  151 23:22:58     -360.146126        1.0220
BFGS:  152 23:28:22     -360.176320        0.8758
BFGS:  153 23:33:51     -360.210357        0.8399
BFGS:  154 23:39:15     -360.237355        0.8157
BFGS:  155 23:44:43     -360.267897        0.6842
BFGS:  156 23:50:20     -360.301737        0.4606
BFGS:  157 23:55:53     -360.326211        0.3910
BFGS:  158 00:01:13     -360.357580        0.2925
BFGS:  159 00:06:52     -360.389028        0.3263
BFGS:  160 00:12:06     -360.411834        0.4203
BFGS:  161 00:16:58     -360.440173        0.5051
BFGS:  162 00:21:46     -360.466532        0.5327
BFGS:  163 00:26:47     -360.494485        0.6528
BFGS:  164 00:32:10     -360.520585        0.6061
BFGS:  165 00:37:15     -360.551255        0.6856
BFGS:  166 00:42:12     -360.581986        0.7317
BFGS:  167 00:47:10     -360.610560        0.7276
BFGS:  168 00:52:09     -360.644599        0.7255
BFGS:  169 00:56:52     -360.674206        0.7706
BFGS:  170 01:01:43     -360.710284        0.7622
BFGS:  171 01:06:47     -360.750255        0.5191
BFGS:  172 01:11:52     -360.784868        0.4653
BFGS:  173 01:17:35     -360.809951        0.4973
BFGS:  174 01:22:52     -360.831860        0.4745
BFGS:  175 01:27:45     -360.853331        0.4154
BFGS:  176 01:32:53     -360.869760        0.3426
BFGS:  177 01:38:10     -360.888489        0.2712
BFGS:  178 01:43:19     -360.901602        0.2182
BFGS:  179 01:48:37     -360.911738        0.2485
BFGS:  180 01:52:59     -360.920346        0.2272
BFGS:  181 01:57:33     -360.927523        0.1760
BFGS:  182 02:00:37     -360.931897        0.1261
BFGS:  183 02:04:37     -360.936572        0.1309
BFGS:  184 02:08:17     -360.939080        0.1317
BFGS:  185 02:12:34     -360.943015        0.1638
BFGS:  186 02:17:28     -360.948159        0.1787
BFGS:  187 02:23:00     -360.953248        0.1822
BFGS:  188 02:27:44     -360.955626        0.1352
BFGS:  189 02:31:54     -360.958416        0.1148
BFGS:  190 02:37:11     -360.960364        0.1101
BFGS:  191 02:40:52     -360.962623        0.0863
BFGS:  192 02:45:15     -360.964830        0.0705
BFGS:  193 02:48:50     -360.966009        0.0533
BFGS:  194 02:52:44     -360.967417        0.0588
BFGS:  195 02:55:51     -360.968527        0.0607
BFGS:  196 02:59:30     -360.969812        0.0624
BFGS:  197 03:03:34     -360.970854        0.1168
BFGS:  198 03:06:13     -360.971670        0.1226
BFGS:  199 03:10:38     -360.974804        0.0798
BFGS:  200 03:15:32     -360.976295        0.1090
BFGS:  201 03:19:24     -360.978039        0.0893
BFGS:  202 03:24:02     -360.980765        0.0786
BFGS:  203 03:28:49     -360.981477        0.0600
BFGS:  204 03:32:29     -360.982449        0.0443
